===============================================================================
                                  Nalu-Wind                                    
       An incompressible, turbulent computational fluid dynamics solver        
                  for wind turbine and wind farm simulations                   
===============================================================================

   Nalu-Wind Version: v1.2.0
   Nalu-Wind GIT Commit SHA: 7765b5b5b22a540c707ec7b240be542005995f59-DIRTY
   Trilinos Version: 13.1-g19b4e9b64a0

   TPLs: Boost, HDF5, netCDF, STK, Trilinos, yaml-cpp and zlib   
   Optional TPLs enabled: Hypre, TIOGA
   Copyright 2017 National Technology & Engineering Solutions of Sandia, LLC   
   (NTESS), National Renewable Energy Laboratory, University of Texas Austin,  
    Northwest Research Associates. Under the terms of Contract DE-NA0003525    
    with NTESS, the U.S. Government retains certain rights in this software.   
                                                                               
           This software is released under the BSD 3-clause license.           
   See LICENSE file at https://github.com/exawind/nalu-wind for more details.  
-------------------------------------------------------------------------------

macro  KOKKOS_ENABLE_CUDA      : defined
macro  CUDA_VERSION          = 9020 = version 9.2
Kokkos::Cuda[ 0 ] Tesla V100-SXM2-16GB capability 7.0, Total Global Memory: 15.75 G, Shared Memory per Block: 48 K : Selected

Realm Options Review: realm_1
===========================
Edge-based scheme will be activated
Warning: When using automatic_decomposition_type, one must have a serial file
Nalu will deactivate aura ghosting

Turbulence Model Review:   
===========================
Turbulence Model is: sst 1

PPE review:   
===========================
Realm::create_mesh(): Begin
Realm::create_mesh() End

Boundary Condition Review: 
===========================
Wall BC name:        bc_wall on blade1
Wall BC name:        bc_wall on blade2
Wall BC name:        bc_wall on blade3
Wall BC name:        bc_wall on hub
Inflow BC name:      bc_inflow on inlet
Open BC name:        bc_open on outlet
Symmetry BC name:    bc_symBottom on sides
Overset BC name: bc_overset

Initial Condition Review:  
===========================
Initial Is Type constant 

Material Prop Review:      
===========================
density is a constant property: 1.225
viscosity is a constant property: 1.8e-05

EqSys/options Review:      
===========================
Edge projected nodal gradient for minimum distance to wall: 1
Edge projected nodal gradient for velocity: 0
Edge projected nodal gradient for pressure: 0
Edge projected nodal gradient for turbulent_ke: 0
Edge projected nodal gradient for specific_dissipation_rate: 0

Realm memory Review:       realm_1
===========================
Node count from meta data = 24289872
Total memory estimate for Matrix solve (per core)= 3.52899 GB.
Total memory estimate (per core) = 3.52899 GB.

Time Integrator Review:  
=========================
StandardTimeIntegrator 
 name=              ti_1
 second order =     1
 maxTimeStepCount = 10
 fixed time step is active   with time step: 0.00455075
StandardTimeIntegrator realm_name[0]= realm_1

Transfer Review:         
=========================
Realm::initialize() Begin 
Created algorithm = Alg0000_elem_HEXAHEDRON_8_geometry
Created algorithm = Alg0000_edge_nodal_grad
Created algorithm = Alg0000_elem_HEXAHEDRON_8_courant_reynolds
Created algorithm = Alg0000_elem_HEXAHEDRON_8_momentum_nodal_grad
Created algorithm = Alg0000_elem_HEXAHEDRON_8_continuity_nodal_grad
Created algorithm = Alg0000_edge_mdot_edge_interior
Created algorithm = Alg0000_elem_HEXAHEDRON_8_tke_nodal_grad
Created algorithm = Alg0000_elem_HEXAHEDRON_8_sdr_nodal_grad
Created algorithm = Alg0000_elem_WEDGE_6_geometry
Created algorithm = Alg0000_elem_WEDGE_6_courant_reynolds
Created algorithm = Alg0000_elem_WEDGE_6_momentum_nodal_grad
Created algorithm = Alg0000_elem_WEDGE_6_continuity_nodal_grad
Created algorithm = Alg0000_elem_WEDGE_6_tke_nodal_grad
Created algorithm = Alg0000_elem_WEDGE_6_sdr_nodal_grad
Created algorithm = Alg0000_elem_TETRAHEDRON_4_geometry
Created algorithm = Alg0000_elem_TETRAHEDRON_4_courant_reynolds
Created algorithm = Alg0000_elem_TETRAHEDRON_4_momentum_nodal_grad
Created algorithm = Alg0000_elem_TETRAHEDRON_4_continuity_nodal_grad
Created algorithm = Alg0000_elem_TETRAHEDRON_4_tke_nodal_grad
Created algorithm = Alg0000_elem_TETRAHEDRON_4_sdr_nodal_grad
Created algorithm = Alg0000_elem_PYRAMID_5_geometry
Created algorithm = Alg0000_elem_PYRAMID_5_courant_reynolds
Created algorithm = Alg0000_elem_PYRAMID_5_momentum_nodal_grad
Created algorithm = Alg0000_elem_PYRAMID_5_continuity_nodal_grad
Created algorithm = Alg0000_elem_PYRAMID_5_tke_nodal_grad
Created algorithm = Alg0000_elem_PYRAMID_5_sdr_nodal_grad
Created algorithm = Alg0001_face_QUADRILATERAL_4_geometry
Created algorithm = Alg0003_face_QUADRILATERAL_4_nodal_grad
MomentumEquationSystem::register_wall_bc(): Mesh motion active! Velocity definition under wall_user_data will be ignored
Created algorithm = Alg0003_face_QUADRILATERAL_4_momentum_nodal_grad
Created algorithm = Alg0003_face_QUADRILATERAL_4_continuity_nodal_grad
Created algorithm = Alg0003_face_QUADRILATERAL_4_HEXAHEDRON_8_sst_geometry_wall
Created algorithm = Alg0003_face_QUADRILATERAL_4_tke_nodal_grad
Created algorithm = Alg0003_face_QUADRILATERAL_4_HEXAHEDRON_8_sdr_wall_func
Created algorithm = Alg0003_face_QUADRILATERAL_4_sdr_nodal_grad
MomentumEquationSystem::register_wall_bc(): Mesh motion active! Velocity definition under wall_user_data will be ignored
MomentumEquationSystem::register_wall_bc(): Mesh motion active! Velocity definition under wall_user_data will be ignored
MomentumEquationSystem::register_wall_bc(): Mesh motion active! Velocity definition under wall_user_data will be ignored
Created algorithm = Alg0001_face_TRIANGLE_3_geometry
Created algorithm = Alg0003_face_TRIANGLE_3_nodal_grad
MomentumEquationSystem::register_wall_bc(): Mesh motion active! Velocity definition under wall_user_data will be ignored
Created algorithm = Alg0003_face_TRIANGLE_3_momentum_nodal_grad
Created algorithm = Alg0003_face_TRIANGLE_3_continuity_nodal_grad
Created algorithm = Alg0003_face_TRIANGLE_3_WEDGE_6_sst_geometry_wall
Created algorithm = Alg0003_face_TRIANGLE_3_tke_nodal_grad
Created algorithm = Alg0003_face_TRIANGLE_3_WEDGE_6_sdr_wall_func
Created algorithm = Alg0003_face_TRIANGLE_3_sdr_nodal_grad
Created algorithm = Alg0002_face_QUADRILATERAL_4_nodal_grad
Created algorithm = Alg0002_face_QUADRILATERAL_4_momentum_nodal_grad
Created algorithm = Alg0002_face_QUADRILATERAL_4_continuity_nodal_grad
Created algorithm = Alg0002_face_QUADRILATERAL_4_mdot_inflow
Created the following bc face alg: ContinuityEQS_inflow_AssembleElemSolverAlg_QUADRILATERAL_4
Created algorithm = Alg0002_face_QUADRILATERAL_4_tke_nodal_grad
Created algorithm = Alg0002_face_QUADRILATERAL_4_sdr_nodal_grad
Created algorithm = Alg0005_face_QUADRILATERAL_4_nodal_grad
Created algorithm = Alg0005_face_QUADRILATERAL_4_momentum_nodal_grad
Created the following bc face/elem alg: MomentumEQS_open_AssembleFaceElemSolverAlg_QUADRILATERAL_4_PYRAMID_5
Created algorithm = Alg0005_face_QUADRILATERAL_4_PYRAMID_5_continuity_nodal_grad
Created algorithm = Alg0005_face_QUADRILATERAL_4_PYRAMID_5_mdot_open_edge
Created the following bc face/elem alg: ContinuityEQS_open_edge_AssembleFaceElemSolverAlg_QUADRILATERAL_4_PYRAMID_5
Created algorithm = Alg0005_face_QUADRILATERAL_4_tke_nodal_grad
Created the following bc face alg: TurbKineticEnergyEQS_open_AssembleElemSolverAlg_QUADRILATERAL_4
Created algorithm = Alg0005_face_QUADRILATERAL_4_sdr_nodal_grad
Created the following bc face alg: SpecDissRateEQS_open_AssembleElemSolverAlg_QUADRILATERAL_4
Created algorithm = Alg0008_face_QUADRILATERAL_4_nodal_grad
Created algorithm = Alg0008_face_QUADRILATERAL_4_momentum_nodal_grad
Created the following bc face/elem alg: MomentumEQS_symm_edge_AssembleFaceElemSolverAlg_QUADRILATERAL_4_PYRAMID_5
Created algorithm = Alg0008_face_QUADRILATERAL_4_continuity_nodal_grad
Created algorithm = Alg0008_face_QUADRILATERAL_4_tke_nodal_grad
Created algorithm = Alg0008_face_QUADRILATERAL_4_sdr_nodal_grad
TIOGA: Using coordinates field: current_coordinates
Realm::setup_overset_bc:: Selecting TIOGA TPL for overset connectivity
the post processing type is surface
the post processing file name: forces04.dat
the post processing physics name: surface_force_and_moment
Target name(s): blade1
Target name(s): blade2
Target name(s): blade3
Target name(s): hub
Parameters used are: 0
Parameters used are: 0

Averaging Review: one
===========================
Primitive/Reynolds name: density/density_ra_one size 1
Primitive/Reynolds name: velocity/velocity_ra_one size 3
Vorticity will be computed; add vorticity to output
Q criterion will be computed; add q_criterion to output
===========================
Realm::ioBroker_->populate_mesh() Begin
Realm::ioBroker_->populate_mesh() End
Realm::create_edges(): Nalu Realm: realm_1 requires edge creation: Begin
Realm::create_edges(): Nalu Realm: realm_1 requires edge creation: End
Realm::ioBroker_->populate_field_data() Begin
Realm::ioBroker_->populate_field_data() End
Realm::create_output_mesh(): Begin
Realm::create_output_mesh() End
 DualNodalVolume min: 3.71294e-10 max: 39763.6 total: 2.92973e+09
TIOGA: Initializing overset mesh blocks: 
TIOGA: mesh block = NearBody; ID min = 1; ID max = 7582969
	Bounding box: 
		[-13.2906, -61.2646, -38.4074]
		[10.7493, 61.2644, 69.4992]

TIOGA: mesh block = FarField; ID min = 252; ID max = 23022027
	Bounding box: 
		[-625, -625, -625]
		[1250, 625, 625]

TIOGA: Initialized 2 overset blocks
EquationSystems::initialize(): Begin 
EquationSystems::initialize(): End 
EquationSystems: overset solution strategy
 - ndtw: decoupled
 - momentum: decoupled
 - continuity: decoupled
 - turbulent_ke: decoupled
 - specific_dissipation_rate: decoupled

Realm memory Review:       realm_1
===========================
Total memory estimate for Matrix solve (per core)= 3.52899 GB.
Total memory estimate for Fields (per core)= 0.444844 GB.
Total memory estimate (per core) = 3.97383 GB.
Realm::initialize() End 

*******************************************************
Simulation Shall Commence: number of processors = 54
*******************************************************
Filter Size 0.00455075
 1/1         myNDTW
        WallDistEQS           24            26.969        657.632             1
        WallDistEQS           24           25.0875        657.632             1
Realm shall provide output files at : currentTime/timeStepCount: 0/0 (realm_1)
*******************************************************
Time Step Count: 1 Current Time: 0.00455075
 dtN: 0.00455075 dtNm1: 0.00455075 gammas: 1 -1 0
 DualNodalVolume min: 3.71294e-10 max: 39763.6 total: 2.92973e+09
 Max Courant: 19965.7 Max Reynolds: 7.22639e+06 (realm_1)
   Realm Nonlinear Iteration: 1/1

realm_1::advance_time_step() 
NLI    Name           Linear Iter      Linear Res     NLinear Res    Scaled NLR
---    ----           -----------      ----------     -----------    ----------
1/4    Equation System Iteration
 1/1      myLowMach
        MomentumEQS_X         14        0.00383855       0.104921             1
        MomentumEQS_Y         14        0.00530863       0.115997             1
        MomentumEQS_Z         14        0.00503026       0.115448             1
        MomentumEQS           42        0.00825951       0.194402             1
        ContinuityEQS         24         0.0918262        2.08113             1
 1/1ShearStressTransportWrap
        TurbKineticEnergyEQS   2            47.502        15613.8             1
        SpecDissRateEQS        5       4.77691e+06    3.42271e+08             1
2/4    Equation System Iteration
 1/1      myLowMach
        MomentumEQS_X         18         0.0667038        1.50428       14.3373
        MomentumEQS_Y         19         0.0342969       0.828984       7.14662
        MomentumEQS_Z         19         0.0347474       0.868826       7.52567
        MomentumEQS           56         0.0826623        1.92482       9.90126
        ContinuityEQS         24          0.605757        17.7535        8.5307
 1/1ShearStressTransportWrap
        TurbKineticEnergyEQS   2           10.4977        2542.81      0.162857
        SpecDissRateEQS        2            590520    3.72481e+07      0.108826
3/4    Equation System Iteration
 1/1      myLowMach
        MomentumEQS_X         19          0.049075        1.49016       14.2027
        MomentumEQS_Y         20         0.0252895       0.769629       6.63492
        MomentumEQS_Z         20          0.026797       0.773222       6.69756
        MomentumEQS           59         0.0613677        1.84683       9.50009
        ContinuityEQS         23          0.363826        8.16588       3.92378
 1/1ShearStressTransportWrap
        TurbKineticEnergyEQS   2            2.9079        377.064     0.0241495
        SpecDissRateEQS        1       9.29174e+07    4.36116e+09       12.7418
4/4    Equation System Iteration
 1/1      myLowMach
        MomentumEQS_X         18         0.0246539       0.810111       7.72115
        MomentumEQS_Y         17         0.0221615       0.566147       4.88072
        MomentumEQS_Z         17         0.0235247       0.570288       4.93977
        MomentumEQS           52         0.0406492        1.14107       5.86963
        ContinuityEQS         22          0.216816        5.37962       2.58496
 1/1ShearStressTransportWrap
        TurbKineticEnergyEQS   3          0.299402        6.68842   0.000428366
        SpecDissRateEQS        1       4.32395e+07    1.75573e+10       51.2965
Mass Balance Review:
Density accumulation: 0
Integrated inflow:    -15312500
Integrated open:      15312493.34162351
Total mass closure:   -6.65837648883462
Filter Size 0.009101499927188001
Mean System Norm: 3511463439.583021 1 0.00455075
WallClockTime: 1 Pre: 6.07198 NLI: 15.1656 Post: 0.0272801 Total: 21.2648
*******************************************************
Time Step Count: 2 Current Time: 0.0091015
 dtN: 0.00455075 dtNm1: 0.00455075 gammas: 1.5 -2 0.5
 DualNodalVolume min: 3.71294e-10 max: 39763.6 total: 2.92973e+09
 Max Courant: 7995.71 Max Reynolds: 7.39241e+06 (realm_1)
   Realm Nonlinear Iteration: 1/1

realm_1::advance_time_step() 
NLI    Name           Linear Iter      Linear Res     NLinear Res    Scaled NLR
---    ----           -----------      ----------     -----------    ----------
1/4    Equation System Iteration
 1/1      myLowMach
        MomentumEQS_X         15         0.0818704        2.72791             1
        MomentumEQS_Y         14         0.0772008        1.80231             1
        MomentumEQS_Z         15         0.0557663        1.82846             1
        MomentumEQS           44          0.125589        3.74608             1
        ContinuityEQS         27          0.265972         6.0879             1
 1/1ShearStressTransportWrap
        TurbKineticEnergyEQS   2           25.5507        9447.74             1
        SpecDissRateEQS        2            848637    1.34273e+09             1
2/4    Equation System Iteration
 1/1      myLowMach
        MomentumEQS_X         17          0.101983        2.20361        0.8078
        MomentumEQS_Y         17         0.0574379        1.36082       0.75504
        MomentumEQS_Z         17         0.0649075        1.38756      0.758868
        MomentumEQS           51          0.133838         2.9382      0.784341
        ContinuityEQS         26          0.176487        4.25432      0.698816
 1/1ShearStressTransportWrap
        TurbKineticEnergyEQS   2           5.59131        1138.07      0.120459
        SpecDissRateEQS        2            343911    3.44289e+07      0.025641
3/4    Equation System Iteration
 1/1      myLowMach
        MomentumEQS_X         16         0.0467934          1.253      0.459324
        MomentumEQS_Y         16         0.0267668       0.733215       0.40682
        MomentumEQS_Z         16         0.0272333       0.746442      0.408236
        MomentumEQS           48         0.0603965        1.63241      0.435766
        ContinuityEQS         24          0.167149        3.89789      0.640268
 1/1ShearStressTransportWrap
        TurbKineticEnergyEQS   2           1.77395        99.1331     0.0104928
        SpecDissRateEQS        2           66805.1      1.671e+07     0.0124448
4/4    Equation System Iteration
 1/1      myLowMach
        MomentumEQS_X         16         0.0281692       0.705085      0.258471
        MomentumEQS_Y         16         0.0141115       0.417332      0.231554
        MomentumEQS_Z         16         0.0146983       0.423359      0.231539
        MomentumEQS           48          0.034766        0.92225      0.246191
        ContinuityEQS         24          0.115879        3.54934      0.583015
 1/1ShearStressTransportWrap
        TurbKineticEnergyEQS   6         0.0301016       0.742782   7.86201e-05
        SpecDissRateEQS        1            213787    1.53225e+07     0.0114114
Mass Balance Review:
Density accumulation: 0
Integrated inflow:    -15312500
Integrated open:      15312484.7568142
Total mass closure:   -15.24318579770625
Filter Size 0.013652249890782
Mean System Norm: 3064626.097973857 2 0.0091015
WallClockTime: 2 Pre: 5.85818 NLI: 13.3766 Post: 0.0279431 Total: 19.2627
*******************************************************
Time Step Count: 3 Current Time: 0.0136522
 dtN: 0.00455075 dtNm1: 0.00455075 gammas: 1.5 -2 0.5
 DualNodalVolume min: 3.71294e-10 max: 39763.6 total: 2.92973e+09
 Max Courant: 2053.51 Max Reynolds: 7.59064e+06 (realm_1)
   Realm Nonlinear Iteration: 1/1

realm_1::advance_time_step() 
NLI    Name           Linear Iter      Linear Res     NLinear Res    Scaled NLR
---    ----           -----------      ----------     -----------    ----------
1/4    Equation System Iteration
 1/1      myLowMach
        MomentumEQS_X         14          0.104702        3.18017             1
        MomentumEQS_Y         13         0.0911951        2.21379             1
        MomentumEQS_Z         13         0.0976295        2.22296             1
        MomentumEQS           40          0.169737         4.4672             1
        ContinuityEQS         23          0.133072        2.95152             1
 1/1ShearStressTransportWrap
        TurbKineticEnergyEQS   2           14.3432        4551.52             1
        SpecDissRateEQS        2            267456    1.06199e+08             1
2/4    Equation System Iteration
 1/1      myLowMach
        MomentumEQS_X         16         0.0280055       0.876998      0.275771
        MomentumEQS_Y         16         0.0161993       0.542614      0.245106
        MomentumEQS_Z         16         0.0171117       0.552419      0.248506
        MomentumEQS           48         0.0365996        1.16992      0.261892
        ContinuityEQS         25         0.0626159         1.8969      0.642687
 1/1ShearStressTransportWrap
        TurbKineticEnergyEQS   2           3.34144        466.774      0.102553
        SpecDissRateEQS        2           81486.2    7.52785e+06     0.0708845
3/4    Equation System Iteration
 1/1      myLowMach
        MomentumEQS_X         17          0.012778       0.429257       0.13498
        MomentumEQS_Y         16         0.0137259       0.295878      0.133652
        MomentumEQS_Z         16         0.0139025       0.301371      0.135572
        MomentumEQS           49         0.0233443       0.602188      0.134802
        ContinuityEQS         24         0.0489179         1.4258      0.483073
 1/1ShearStressTransportWrap
        TurbKineticEnergyEQS   2            1.2148         25.677    0.00564141
        SpecDissRateEQS        2           31757.1    3.64294e+06      0.034303
4/4    Equation System Iteration
 1/1      myLowMach
        MomentumEQS_X         17          0.013021       0.279733     0.0879618
        MomentumEQS_Y         17        0.00871774       0.200762     0.0906868
        MomentumEQS_Z         17        0.00857169       0.204819      0.092138
        MomentumEQS           51         0.0178611       0.400633     0.0896832
        ContinuityEQS         24         0.0454783        1.19985      0.406521
 1/1ShearStressTransportWrap
        TurbKineticEnergyEQS   9        0.00380444       0.102622   2.25467e-05
        SpecDissRateEQS        2           17654.8    2.26331e+06      0.021312
Mass Balance Review:
Density accumulation: 0
Integrated inflow:    -15312500
Integrated open:      15312478.72871313
Total mass closure:   -21.27128686755896
Filter Size 0.018202999854376
Mean System Norm: 452793.5724515102 3 0.0136522
WallClockTime: 3 Pre: 5.71702 NLI: 14.4085 Post: 0.0276871 Total: 20.1532
*******************************************************
Time Step Count: 4 Current Time: 0.018203
 dtN: 0.00455075 dtNm1: 0.00455075 gammas: 1.5 -2 0.5
 DualNodalVolume min: 3.71294e-10 max: 39763.6 total: 2.92973e+09
 Max Courant: 1483.97 Max Reynolds: 7.78893e+06 (realm_1)
   Realm Nonlinear Iteration: 1/1

realm_1::advance_time_step() 
NLI    Name           Linear Iter      Linear Res     NLinear Res    Scaled NLR
---    ----           -----------      ----------     -----------    ----------
1/4    Equation System Iteration
 1/1      myLowMach
        MomentumEQS_X         14         0.0713038        2.33841             1
        MomentumEQS_Y         13         0.0719942        1.62506             1
        MomentumEQS_Z         13         0.0681658        1.62285             1
        MomentumEQS           40          0.122123        3.27759             1
        ContinuityEQS         23         0.0652383        1.48475             1
 1/1ShearStressTransportWrap
        TurbKineticEnergyEQS   2            8.0479        2326.37             1
        SpecDissRateEQS        2            165018    5.56821e+07             1
2/4    Equation System Iteration
 1/1      myLowMach
        MomentumEQS_X         17         0.0147454       0.351555       0.15034
        MomentumEQS_Y         18        0.00711136       0.212741      0.130912
        MomentumEQS_Z         18        0.00656503       0.214195      0.131987
        MomentumEQS           53          0.017638       0.463389      0.141381
        ContinuityEQS         22         0.0455889         1.3706       0.92312
 1/1ShearStressTransportWrap
        TurbKineticEnergyEQS   2           1.96638        205.629     0.0883906
        SpecDissRateEQS        2           50074.3    1.83645e+06     0.0329809
3/4    Equation System Iteration
 1/1      myLowMach
        MomentumEQS_X         17         0.0082129       0.274265      0.117287
        MomentumEQS_Y         17        0.00821931       0.177368      0.109145
        MomentumEQS_Z         17        0.00753704       0.178846      0.110205
        MomentumEQS           51         0.0138498        0.37238      0.113614
        ContinuityEQS         21         0.0544681        1.35127      0.910102
 1/1ShearStressTransportWrap
        TurbKineticEnergyEQS   3          0.164729        7.01186    0.00301408
        SpecDissRateEQS        2           18688.3         425274    0.00763753
4/4    Equation System Iteration
 1/1      myLowMach
        MomentumEQS_X         16         0.0106139       0.236284      0.101045
        MomentumEQS_Y         17        0.00662343       0.162277     0.0998589
        MomentumEQS_Z         17         0.0059226       0.163522      0.100763
        MomentumEQS           50          0.013842       0.330005      0.100685
        ContinuityEQS         20         0.0497683        1.35702      0.913973
 1/1ShearStressTransportWrap
        TurbKineticEnergyEQS  11        0.00080498      0.0176651    7.5934e-06
        SpecDissRateEQS        2           10389.7         232361    0.00417299
Mass Balance Review:
Density accumulation: 0
Integrated inflow:    -15312500
Integrated open:      15312475.60047866
Total mass closure:   -24.39952133782208
Filter Size 0.02275374981797
Mean System Norm: 46604.02829482395 4 0.018203
WallClockTime: 4 Pre: 5.79075 NLI: 12.8526 Post: 0.050173 Total: 18.6935
*******************************************************
Time Step Count: 5 Current Time: 0.0227537
 dtN: 0.00455075 dtNm1: 0.00455075 gammas: 1.5 -2 0.5
 DualNodalVolume min: 3.71294e-10 max: 39763.6 total: 2.92973e+09
 Max Courant: 1409.57 Max Reynolds: 7.95863e+06 (realm_1)
   Realm Nonlinear Iteration: 1/1

realm_1::advance_time_step() 
NLI    Name           Linear Iter      Linear Res     NLinear Res    Scaled NLR
---    ----           -----------      ----------     -----------    ----------
1/4    Equation System Iteration
 1/1      myLowMach
        MomentumEQS_X         14         0.0598919        1.72739             1
        MomentumEQS_Y         14         0.0500513        1.20764             1
        MomentumEQS_Z         14         0.0438322        1.20236             1
        MomentumEQS           42         0.0895178         2.4265             1
        ContinuityEQS         20         0.0680706         1.6468             1
 1/1ShearStressTransportWrap
        TurbKineticEnergyEQS   2            4.7806        1303.96             1
        SpecDissRateEQS        2            105628    3.20966e+07             1
2/4    Equation System Iteration
 1/1      myLowMach
        MomentumEQS_X         17        0.00830303       0.306465      0.177415
        MomentumEQS_Y         17        0.00855342       0.204663      0.169473
        MomentumEQS_Z         17        0.00769667        0.20307      0.168893
        MomentumEQS           51         0.0141894       0.420767      0.173405
        ContinuityEQS         17            0.0633        1.61483      0.980586
 1/1ShearStressTransportWrap
        TurbKineticEnergyEQS   2           1.25614        101.202     0.0776112
        SpecDissRateEQS        3           6263.72         640535     0.0199565
3/4    Equation System Iteration
 1/1      myLowMach
        MomentumEQS_X         16         0.0110406       0.267104      0.154629
        MomentumEQS_Y         17        0.00699882       0.180678      0.149613
        MomentumEQS_Z         17        0.00625204       0.179952      0.149666
        MomentumEQS           50         0.0144902       0.369286      0.152188
        ContinuityEQS         18         0.0734676        1.63657      0.993787
 1/1ShearStressTransportWrap
        TurbKineticEnergyEQS   4         0.0522097        2.24335    0.00172041
        SpecDissRateEQS        4           747.544          34146    0.00106385
4/4    Equation System Iteration
 1/1      myLowMach
        MomentumEQS_X         16        0.00725257       0.238529      0.138087
        MomentumEQS_Y         17         0.0050405        0.16558      0.137111
        MomentumEQS_Z         17        0.00459915         0.1649      0.137147
        MomentumEQS           50        0.00995784       0.333924      0.137615
        ContinuityEQS         17         0.0778891        1.65844       1.00707
 1/1ShearStressTransportWrap
        TurbKineticEnergyEQS  13       0.000186286     0.00452019   3.46649e-06
        SpecDissRateEQS        4           535.641        17691.4   0.000551193
Mass Balance Review:
Density accumulation: 0
Integrated inflow:    -15312500
Integrated open:      15312475.71947537
Total mass closure:   -24.28052462823689
Filter Size 0.027304499781564
Mean System Norm: 3670.213938722792 5 0.0227537
WallClockTime: 5 Pre: 5.76631 NLI: 12.8049 Post: 0.0277951 Total: 18.599
*******************************************************
Time Step Count: 6 Current Time: 0.0273045
 dtN: 0.00455075 dtNm1: 0.00455075 gammas: 1.5 -2 0.5
 DualNodalVolume min: 3.71294e-10 max: 39763.6 total: 2.92973e+09
 Max Courant: 1356.31 Max Reynolds: 8.09149e+06 (realm_1)
   Realm Nonlinear Iteration: 1/1

realm_1::advance_time_step() 
NLI    Name           Linear Iter      Linear Res     NLinear Res    Scaled NLR
---    ----           -----------      ----------     -----------    ----------
1/4    Equation System Iteration
 1/1      myLowMach
        MomentumEQS_X         14         0.0483213        1.15033             1
        MomentumEQS_Y         15         0.0266563       0.787455             1
        MomentumEQS_Z         15         0.0232506       0.784519             1
        MomentumEQS           44          0.059884        1.59963             1
        ContinuityEQS         19         0.0695025        1.67693             1
 1/1ShearStressTransportWrap
        TurbKineticEnergyEQS   2           3.09609        806.869             1
        SpecDissRateEQS        2           72038.3    2.03748e+07             1
2/4    Equation System Iteration
 1/1      myLowMach
        MomentumEQS_X         16        0.00992647       0.233894      0.203327
        MomentumEQS_Y         17        0.00655547       0.163258      0.207323
        MomentumEQS_Z         17         0.0057065       0.161078      0.205321
        MomentumEQS           50         0.0131937       0.327575      0.204782
        ContinuityEQS         16          0.071761        1.62162      0.967015
 1/1ShearStressTransportWrap
        TurbKineticEnergyEQS   2          0.965242        55.9641     0.0693596
        SpecDissRateEQS        3           4724.35         283349     0.0139069
3/4    Equation System Iteration
 1/1      myLowMach
        MomentumEQS_X         16        0.00662011       0.216839      0.188501
        MomentumEQS_Y         17        0.00432628       0.149857      0.190305
        MomentumEQS_Z         16        0.00660554       0.148328      0.189069
        MomentumEQS           49         0.0103042       0.302452      0.189076
        ContinuityEQS         17          0.059555        1.62102      0.966656
 1/1ShearStressTransportWrap
        TurbKineticEnergyEQS   5         0.0225936       0.868373    0.00107623
        SpecDissRateEQS        7           66.2318         2532.1   0.000124276
4/4    Equation System Iteration
 1/1      myLowMach
        MomentumEQS_X         15        0.00768721       0.197976      0.172103
        MomentumEQS_Y         16        0.00473687       0.137845      0.175051
        MomentumEQS_Z         16        0.00393816       0.136449      0.173927
        MomentumEQS           47         0.0098509       0.277154      0.173261
        ContinuityEQS         19         0.0594022        1.62714      0.970307
 1/1ShearStressTransportWrap
        TurbKineticEnergyEQS  14       6.64049e-05     0.00185608   2.30034e-06
        SpecDissRateEQS        7           53.5973        1355.54   6.65303e-05
Mass Balance Review:
Density accumulation: 0
Integrated inflow:    -15312500
Integrated open:      15312478.10927252
Total mass closure:   -21.89072747714818
Filter Size 0.031855249745158
Mean System Norm: 403.0155926827088 6 0.0273045
WallClockTime: 6 Pre: 5.77501 NLI: 13.2297 Post: 0.02791 Total: 19.0326
*******************************************************
Time Step Count: 7 Current Time: 0.0318552
 dtN: 0.00455075 dtNm1: 0.00455075 gammas: 1.5 -2 0.5
 DualNodalVolume min: 3.71294e-10 max: 39763.6 total: 2.92973e+09
 Max Courant: 1270.12 Max Reynolds: 8.19315e+06 (realm_1)
   Realm Nonlinear Iteration: 1/1

realm_1::advance_time_step() 
NLI    Name           Linear Iter      Linear Res     NLinear Res    Scaled NLR
---    ----           -----------      ----------     -----------    ----------
1/4    Equation System Iteration
 1/1      myLowMach
        MomentumEQS_X         14         0.0288995       0.753552             1
        MomentumEQS_Y         15         0.0178432       0.469938             1
        MomentumEQS_Z         15         0.0140013       0.471366             1
        MomentumEQS           44         0.0367369        1.00542             1
        ContinuityEQS         18          0.062296         1.4461             1
 1/1ShearStressTransportWrap
        TurbKineticEnergyEQS   2           2.24519         545.83             1
        SpecDissRateEQS        2           52153.9     1.4081e+07             1
2/4    Equation System Iteration
 1/1      myLowMach
        MomentumEQS_X         16        0.00495667       0.173302       0.22998
        MomentumEQS_Y         16        0.00580969       0.122202      0.260039
        MomentumEQS_Z         16         0.0048731       0.120164      0.254927
        MomentumEQS           48        0.00905915       0.243734       0.24242
        ContinuityEQS         16         0.0612178         1.3256      0.916671
 1/1ShearStressTransportWrap
        TurbKineticEnergyEQS   2          0.974429        34.2769     0.0627978
        SpecDissRateEQS        3           3544.85         146030     0.0103707
3/4    Equation System Iteration
 1/1      myLowMach
        MomentumEQS_X         15        0.00592797       0.157414      0.208896
        MomentumEQS_Y         16        0.00322771       0.109809      0.233667
        MomentumEQS_Z         16        0.00321019       0.108082      0.229295
        MomentumEQS           47        0.00747424        0.22027      0.219083
        ContinuityEQS         17          0.052047        1.26544      0.875073
 1/1ShearStressTransportWrap
        TurbKineticEnergyEQS   6         0.0118723       0.400564   0.000733862
        SpecDissRateEQS       10           9.11448        262.916   1.86717e-05
4/4    Equation System Iteration
 1/1      myLowMach
        MomentumEQS_X         15         0.0040101       0.139813      0.185538
        MomentumEQS_Y         15         0.0038929      0.0974746       0.20742
        MomentumEQS_Z         15        0.00430944      0.0959503      0.203558
        MomentumEQS           45        0.00705739        0.19559      0.194536
        ContinuityEQS         17         0.0525077        1.23097      0.851235
 1/1ShearStressTransportWrap
        TurbKineticEnergyEQS  14       5.50362e-05     0.00157002    2.8764e-06
        SpecDissRateEQS       11           3.92501         134.05   9.51994e-06
Mass Balance Review:
Density accumulation: 0
Integrated inflow:    -15312500
Integrated open:      15312482.04833158
Total mass closure:   -17.95166842266917
Filter Size 0.036405999708752
Mean System Norm: 158.6220164120097 7 0.0318552
WallClockTime: 7 Pre: 5.87347 NLI: 14.1645 Post: 0.027442 Total: 20.0654
*******************************************************
Time Step Count: 8 Current Time: 0.036406
 dtN: 0.00455075 dtNm1: 0.00455075 gammas: 1.5 -2 0.5
 DualNodalVolume min: 3.71294e-10 max: 39763.6 total: 2.92973e+09
 Max Courant: 1198.27 Max Reynolds: 8.27285e+06 (realm_1)
   Realm Nonlinear Iteration: 1/1

realm_1::advance_time_step() 
NLI    Name           Linear Iter      Linear Res     NLinear Res    Scaled NLR
---    ----           -----------      ----------     -----------    ----------
1/4    Equation System Iteration
 1/1      myLowMach
        MomentumEQS_X         13         0.0267191       0.606967             1
        MomentumEQS_Y         15        0.00856992       0.311424             1
        MomentumEQS_Z         15        0.00842799       0.314196             1
        MomentumEQS           43         0.0292982       0.751074             1
        ContinuityEQS         19         0.0354568       0.995142             1
 1/1ShearStressTransportWrap
        TurbKineticEnergyEQS   2           1.87167        396.426             1
        SpecDissRateEQS        2           39683.6    1.04028e+07             1
2/4    Equation System Iteration
 1/1      myLowMach
        MomentumEQS_X         15        0.00513531       0.117224       0.19313
        MomentumEQS_Y         16        0.00305325      0.0837202      0.268831
        MomentumEQS_Z         16        0.00339858      0.0819952      0.260968
        MomentumEQS           47        0.00687343       0.165752      0.220686
        ContinuityEQS         16         0.0338705       0.874756      0.879026
 1/1ShearStressTransportWrap
        TurbKineticEnergyEQS   3           0.17231        22.7462     0.0573782
        SpecDissRateEQS        3           2648.46        84938.3    0.00816493
3/4    Equation System Iteration
 1/1      myLowMach
        MomentumEQS_X         15        0.00367667      0.0946869         0.156
        MomentumEQS_Y         16        0.00214023      0.0669401      0.214949
        MomentumEQS_Z         16        0.00237456      0.0653469      0.207982
        MomentumEQS           47        0.00487206       0.133104      0.177219
        ContinuityEQS         19         0.0284983       0.801685      0.805599
 1/1ShearStressTransportWrap
        TurbKineticEnergyEQS   6         0.0100395        0.21247   0.000535964
        SpecDissRateEQS       11           4.38905        94.9864   9.13084e-06
4/4    Equation System Iteration
 1/1      myLowMach
        MomentumEQS_X         15        0.00277771      0.0776268      0.127893
        MomentumEQS_Y         16        0.00163231       0.054032        0.1735
        MomentumEQS_Z         16        0.00176106      0.0527334      0.167836
        MomentumEQS           47        0.00367171       0.108287      0.144177
        ContinuityEQS         18         0.0296691       0.755515      0.759203
 1/1ShearStressTransportWrap
        TurbKineticEnergyEQS  14       4.57126e-05     0.00174407   4.39949e-06
        SpecDissRateEQS       12           2.21882        47.8082    4.5957e-06
Mass Balance Review:
Density accumulation: 0
Integrated inflow:    -15312500
Integrated open:      15312486.91778465
Total mass closure:   -13.08221535012126
Filter Size 0.04095674967234601
Mean System Norm: 141.26111636797 8 0.036406
WallClockTime: 8 Pre: 5.81257 NLI: 13.9379 Post: 0.0494361 Total: 19.7999
*******************************************************
Time Step Count: 9 Current Time: 0.0409567
 dtN: 0.00455075 dtNm1: 0.00455075 gammas: 1.5 -2 0.5
 DualNodalVolume min: 3.71294e-10 max: 39763.6 total: 2.92973e+09
 Max Courant: 1130.59 Max Reynolds: 8.33807e+06 (realm_1)
   Realm Nonlinear Iteration: 1/1

realm_1::advance_time_step() 
NLI    Name           Linear Iter      Linear Res     NLinear Res    Scaled NLR
---    ----           -----------      ----------     -----------    ----------
1/4    Equation System Iteration
 1/1      myLowMach
        MomentumEQS_X         13         0.0178309       0.624847             1
        MomentumEQS_Y         14        0.00978081       0.293185             1
        MomentumEQS_Z         14         0.0112692       0.293008             1
        MomentumEQS           41         0.0232508        0.74983             1
        ContinuityEQS         21         0.0232899       0.564608             1
 1/1ShearStressTransportWrap
        TurbKineticEnergyEQS   2           1.77956        303.434             1
        SpecDissRateEQS        2           31413.8    8.07114e+06             1
2/4    Equation System Iteration
 1/1      myLowMach
        MomentumEQS_X         15        0.00386545      0.0939281      0.150322
        MomentumEQS_Y         16        0.00206931      0.0677884      0.231213
        MomentumEQS_Z         16        0.00223651       0.066256      0.226124
        MomentumEQS           47        0.00492196       0.133445      0.177967
        ContinuityEQS         17         0.0182504       0.450912       0.79863
 1/1ShearStressTransportWrap
        TurbKineticEnergyEQS   3          0.161117        16.0184     0.0527903
        SpecDissRateEQS        3           2027.19        54077.4     0.0067001
3/4    Equation System Iteration
 1/1      myLowMach
        MomentumEQS_X         16         0.0016174      0.0522606     0.0836373
        MomentumEQS_Y         16        0.00147306      0.0391894      0.133668
        MomentumEQS_Z         16        0.00155835      0.0378572      0.129202
        MomentumEQS           48        0.00268596      0.0754993      0.100689
        ContinuityEQS         19         0.0127018       0.367515      0.650921
 1/1ShearStressTransportWrap
        TurbKineticEnergyEQS   7        0.00372971       0.124997   0.000411941
        SpecDissRateEQS       12           2.11769          59.83   7.41283e-06
4/4    Equation System Iteration
 1/1      myLowMach
        MomentumEQS_X         16        0.00128412      0.0347286     0.0555794
        MomentumEQS_Y         16        0.00111289      0.0248178     0.0846489
        MomentumEQS_Z         17       0.000662622      0.0239733     0.0818181
        MomentumEQS           49        0.00182388      0.0489563     0.0652899
        ContinuityEQS         19         0.0100936       0.310289      0.549565
 1/1ShearStressTransportWrap
        TurbKineticEnergyEQS  13       7.29684e-05     0.00186343   6.14113e-06
        SpecDissRateEQS       13          0.947557        31.0691   3.84941e-06
Mass Balance Review:
Density accumulation: 0
Integrated inflow:    -15312500
Integrated open:      15312492.19537049
Total mass closure:   -7.804629512131214
Filter Size 0.04550749963594001
Mean System Norm: 137.8124120246958 9 0.0409567
WallClockTime: 9 Pre: 5.85151 NLI: 12.9791 Post: 0.02753 Total: 18.8581
*******************************************************
Time Step Count: 10 Current Time: 0.0455075
 dtN: 0.00455075 dtNm1: 0.00455075 gammas: 1.5 -2 0.5
 DualNodalVolume min: 3.71294e-10 max: 39763.6 total: 2.92973e+09
 Max Courant: 1068.53 Max Reynolds: 8.3937e+06 (realm_1)
   Realm Nonlinear Iteration: 1/1

realm_1::advance_time_step() 
NLI    Name           Linear Iter      Linear Res     NLinear Res    Scaled NLR
---    ----           -----------      ----------     -----------    ----------
1/4    Equation System Iteration
 1/1      myLowMach
        MomentumEQS_X         12         0.0261261       0.665087             1
        MomentumEQS_Y         13          0.011404       0.308724             1
        MomentumEQS_Z         13         0.0130982        0.30631             1
        MomentumEQS           38         0.0313717       0.794655             1
        ContinuityEQS         22        0.00918144       0.269115             1
 1/1ShearStressTransportWrap
        TurbKineticEnergyEQS   2            1.8263        241.194             1
        SpecDissRateEQS        2           25684.8    6.48658e+06             1
2/4    Equation System Iteration
 1/1      myLowMach
        MomentumEQS_X         15         0.0029784       0.101567      0.152712
        MomentumEQS_Y         15        0.00237448      0.0735673      0.238295
        MomentumEQS_Z         15        0.00258645      0.0716852      0.234028
        MomentumEQS           45        0.00460421       0.144453      0.181781
        ContinuityEQS         19        0.00925687       0.237151      0.881227
 1/1ShearStressTransportWrap
        TurbKineticEnergyEQS   3          0.153231        11.7824     0.0488501
        SpecDissRateEQS        3           1636.62        36769.2    0.00566851
3/4    Equation System Iteration
 1/1      myLowMach
        MomentumEQS_X         15        0.00217862      0.0557988      0.083897
        MomentumEQS_Y         15        0.00175228      0.0418371      0.135516
        MomentumEQS_Z         15        0.00186901       0.040766      0.133087
        MomentumEQS           45        0.00336304      0.0807819      0.101657
        ContinuityEQS         20        0.00988219       0.238603      0.886624
 1/1ShearStressTransportWrap
        TurbKineticEnergyEQS   7        0.00323576      0.0793043   0.000328799
        SpecDissRateEQS       12           1.32354        41.5925   6.41208e-06
4/4    Equation System Iteration
 1/1      myLowMach
        MomentumEQS_X         15        0.00166693      0.0445718     0.0670164
        MomentumEQS_Y         15        0.00139579      0.0324827      0.105216
        MomentumEQS_Z         15        0.00143899      0.0320876      0.104755
        MomentumEQS           45        0.00260721      0.0638074     0.0802957
        ContinuityEQS         19         0.0119301       0.253022      0.940204
 1/1ShearStressTransportWrap
        TurbKineticEnergyEQS  13       7.36402e-05     0.00189107   7.84044e-06
        SpecDissRateEQS       12            1.0466        23.1399   3.56735e-06
Mass Balance Review:
Density accumulation: 0
Integrated inflow:    -15312500
Integrated open:      15312497.57870881
Total mass closure:   -2.421291191130877
Filter Size 0.05005824959953401
Mean System Norm: 136.2180823732984 10 0.0455075
WallClockTime: 10 Pre: 5.86247 NLI: 12.8346 Post: 0.026756 Total: 18.7239
*******************************************************
Simulation Shall Complete: time/timestep: 0.0455075/10
*******************************************************

-------------------------------- 
Begin Timer Overview for Realm: realm_1
-------------------------------- 
Timing for Eq: myNDTW
             init --   	avg: 0.700087 	min: 0.6425 	max: 0.758904
         assemble --   	avg: 0.131704 	min: 0.0549321 	max: 0.195815
    load_complete --   	avg: 0.644663 	min: 0.257014 	max: 1.08923
            solve --   	avg: 1.53789 	min: 1.53366 	max: 1.5425
    precond setup --   	avg: 1.3388 	min: 1.33873 	max: 1.33899
             misc --   	avg: 0 	min: 0 	max: 0
linear iterations --  	avg: 24 	min: 24 	max: 24
Timing for Eq: myLowMach
             init --   	avg: 3.65134e-06 	min: 0 	max: 8.58307e-06
         assemble --   	avg: 0 	min: 0 	max: 0
    load_complete --   	avg: 0 	min: 0 	max: 0
            solve --   	avg: 0 	min: 0 	max: 0
    precond setup --   	avg: 0 	min: 0 	max: 0
             misc --   	avg: 0 	min: 0 	max: 0
Timing for Eq: MomentumEQS
             init --   	avg: 0.75904 	min: 0.753296 	max: 0.766727
         assemble --   	avg: 2.4439 	min: 1.81861 	max: 3.06263
    load_complete --   	avg: 9.6993 	min: 8.37332 	max: 13.2683
            solve --   	avg: 16.0939 	min: 15.939 	max: 16.2235
    precond setup --   	avg: 6.25186e-06 	min: 1.19209e-06 	max: 1.43051e-05
             misc --   	avg: 5.59881 	min: 4.80575 	max: 5.8303
linear iterations --  	avg: 47.275 	min: 38 	max: 59
Timing for Eq: ContinuityEQS
             init --   	avg: 0.731663 	min: 0.715238 	max: 0.737221
         assemble --   	avg: 3.7594 	min: 3.41902 	max: 3.89705
    load_complete --   	avg: 6.49696 	min: 6.18642 	max: 7.45569
            solve --   	avg: 23.0185 	min: 22.9231 	max: 23.1058
    precond setup --   	avg: 31.4422 	min: 31.4402 	max: 31.4449
             misc --   	avg: 6.02007 	min: 5.8133 	max: 6.36421
linear iterations --  	avg: 20.375 	min: 16 	max: 27
Timing for Eq: mySST
             init --   	avg: 2.67559e-06 	min: 0 	max: 6.91414e-06
         assemble --   	avg: 0 	min: 0 	max: 0
    load_complete --   	avg: 0 	min: 0 	max: 0
            solve --   	avg: 0 	min: 0 	max: 0
    precond setup --   	avg: 0 	min: 0 	max: 0
             misc --   	avg: 0 	min: 0 	max: 0
Timing for Eq: TurbKineticEnergyEQS
             init --   	avg: 0.764778 	min: 0.75864 	max: 0.78678
         assemble --   	avg: 0.755661 	min: 0.621011 	max: 0.91217
    load_complete --   	avg: 6.22888 	min: 6.00635 	max: 6.43742
            solve --   	avg: 2.49613 	min: 2.4157 	max: 2.56517
    precond setup --   	avg: 0.599093 	min: 0.58652 	max: 0.607675
             misc --   	avg: 2.77018 	min: 2.38622 	max: 3.0829
linear iterations --  	avg: 4.925 	min: 2 	max: 14
Timing for Eq: SpecDissRateEQS
             init --   	avg: 0.771553 	min: 0.76178 	max: 0.800813
         assemble --   	avg: 0.840287 	min: 0.666097 	max: 1.02784
    load_complete --   	avg: 6.3805 	min: 6.1507 	max: 6.64472
            solve --   	avg: 2.54047 	min: 2.45464 	max: 2.61767
    precond setup --   	avg: 0.598756 	min: 0.586224 	max: 0.608954
             misc --   	avg: 2.83445 	min: 2.64739 	max: 2.90798
linear iterations --  	avg: 4.425 	min: 1 	max: 13
Timing for IO: 
   io create mesh --   	avg: 0.00208988 	min: 0.00144386 	max: 0.00273514
 io output fields --   	avg: 1.31751 	min: 1.25939 	max: 1.41716
 io populate mesh --   	avg: 31.3246 	min: 31.3202 	max: 31.3247
 io populate fd   --   	avg: 5.1245 	min: 5.12056 	max: 5.12539
Timing for property evaluation:         
            props --   	avg: 1.37834 	min: 0.53225 	max: 2.10626
Timing for Edge: 
    edge creation --   	avg: 30.4864 	min: 30.4855 	max: 30.4904
Timing for Overset:
     connectivity --  	avg: 0.139176 	min: 0.139169 	max: 0.139188
     field update --  	avg: 7.54366 	min: 1.16976 	max: 10.7618
Timing for skin_mesh :    
        skin_mesh --   	avg: 0 	min: 0 	max: 0

Timing for Simulation: nprocs= 54
           main() --   	avg: 292.771 	min: 292.592 	max: 292.893
Memory Overview: 
nalu memory: total (over all cores) current/high-water mark=        214.08 G      214.897 G
nalu memory:   min (over all cores) current/high-water mark=       2.85858 G      2.86005 G
nalu memory:   max (over all cores) current/high-water mark=       4.97522 G      5.04163 G
Min High-water memory usage 2928.7 MB
Avg High-water memory usage 4075.1 MB
Max High-water memory usage 5162.6 MB

Min Available memory per processor 3518.9 MB
Avg Available memory per processor 3518.9 MB
Max Available memory per processor 3518.9 MB

Min No-output time 291.2634 sec
Avg No-output time 291.4539 sec
Max No-output time 291.6187 sec

STKPERF: Total Time: 292.592

STKPERF: Current memory: 3700359168 (3.446 G)
STKPERF: Memory high water: 3701473280 (3.447 G)
                                                     CPU Time              CPU Time              CPU Time              Wall Time             Wall Time             Wall Time
                 Timer                   Count   Sum (% of System)     Min (% of System)     Max (% of System)     Sum (% of System)     Min (% of System)     Max (% of System)
---------------------------------------- ----- --------------------- --------------------- --------------------- --------------------- --------------------- ---------------------
Nalu                                        54  4:11:05.340 (100.0%)     4:33.043 (1.812%)     4:42.709 (1.877%)  4:23:29.889 (100.0%)     4:52.597 (1.851%)     4:52.897 (1.853%)
  CreateEdges                               54    27:26.994 (10.93%)       30.496 (0.202%)       30.507 (0.202%)    27:26.268 (10.41%)       30.486 (0.193%)       30.490 (0.193%)
  Output                                  1188     1:06.396 (0.441%)        1.168 (<0.01%)        1.311 (<0.01%)     1:11.147 (0.450%)        1.259 (<0.01%)        1.417 (<0.01%)

Took 0.0004 seconds to generate the table above.
=====================================================================================

                       TimeMonitor results over 54 processors

Timer Name    MinOverProcs    MeanOverProcs    MaxOverProcs    MeanOverCallCounts    
=====================================================================================
