===============================================================================
                                  Nalu-Wind                                    
       An incompressible, turbulent computational fluid dynamics solver        
                  for wind turbine and wind farm simulations                   
===============================================================================

   Nalu-Wind Version: v1.2.0
   Nalu-Wind GIT Commit SHA: 7765b5b5b22a540c707ec7b240be542005995f59-DIRTY
   Trilinos Version: 13.1-g19b4e9b64a0

   TPLs: Boost, HDF5, netCDF, STK, Trilinos, yaml-cpp and zlib   
   Optional TPLs enabled: Hypre, TIOGA
   Copyright 2017 National Technology & Engineering Solutions of Sandia, LLC   
   (NTESS), National Renewable Energy Laboratory, University of Texas Austin,  
    Northwest Research Associates. Under the terms of Contract DE-NA0003525    
    with NTESS, the U.S. Government retains certain rights in this software.   
                                                                               
           This software is released under the BSD 3-clause license.           
   See LICENSE file at https://github.com/exawind/nalu-wind for more details.  
-------------------------------------------------------------------------------

macro  KOKKOS_ENABLE_CUDA      : defined
macro  CUDA_VERSION          = 9020 = version 9.2
Kokkos::Cuda[ 0 ] Tesla V100-SXM2-16GB capability 7.0, Total Global Memory: 15.75 G, Shared Memory per Block: 48 K : Selected

Realm Options Review: realm_1
===========================
Edge-based scheme will be activated
Warning: When using automatic_decomposition_type, one must have a serial file
Nalu will deactivate aura ghosting

Turbulence Model Review:   
===========================
Turbulence Model is: sst 1

PPE review:   
===========================
Realm::create_mesh(): Begin
Realm::create_mesh() End

Boundary Condition Review: 
===========================
Wall BC name:        bc_wall on blade1
Wall BC name:        bc_wall on blade2
Wall BC name:        bc_wall on blade3
Wall BC name:        bc_wall on hub
Inflow BC name:      bc_inflow on inlet
Open BC name:        bc_open on outlet
Symmetry BC name:    bc_symBottom on sides
Overset BC name: bc_overset

Initial Condition Review:  
===========================
Initial Is Type constant 

Material Prop Review:      
===========================
density is a constant property: 1.225
viscosity is a constant property: 1.8e-05

EqSys/options Review:      
===========================
Edge projected nodal gradient for minimum distance to wall: 1
Edge projected nodal gradient for velocity: 0
Edge projected nodal gradient for pressure: 0
Edge projected nodal gradient for turbulent_ke: 0
Edge projected nodal gradient for specific_dissipation_rate: 0

Realm memory Review:       realm_1
===========================
Node count from meta data = 24186591
Total memory estimate for Matrix solve (per core)= 4.51798 GB.
Total memory estimate (per core) = 4.51798 GB.

Time Integrator Review:  
=========================
StandardTimeIntegrator 
 name=              ti_1
 second order =     1
 maxTimeStepCount = 10
 fixed time step is active   with time step: 0.00455075
StandardTimeIntegrator realm_name[0]= realm_1

Transfer Review:         
=========================
Realm::initialize() Begin 
Created algorithm = Alg0000_elem_HEXAHEDRON_8_geometry
Created algorithm = Alg0000_edge_nodal_grad
Created algorithm = Alg0000_elem_HEXAHEDRON_8_courant_reynolds
Created algorithm = Alg0000_elem_HEXAHEDRON_8_momentum_nodal_grad
Created algorithm = Alg0000_elem_HEXAHEDRON_8_continuity_nodal_grad
Created algorithm = Alg0000_edge_mdot_edge_interior
Created algorithm = Alg0000_elem_HEXAHEDRON_8_tke_nodal_grad
Created algorithm = Alg0000_elem_HEXAHEDRON_8_sdr_nodal_grad
Created algorithm = Alg0000_elem_WEDGE_6_geometry
Created algorithm = Alg0000_elem_WEDGE_6_courant_reynolds
Created algorithm = Alg0000_elem_WEDGE_6_momentum_nodal_grad
Created algorithm = Alg0000_elem_WEDGE_6_continuity_nodal_grad
Created algorithm = Alg0000_elem_WEDGE_6_tke_nodal_grad
Created algorithm = Alg0000_elem_WEDGE_6_sdr_nodal_grad
Created algorithm = Alg0000_elem_TETRAHEDRON_4_geometry
Created algorithm = Alg0000_elem_TETRAHEDRON_4_courant_reynolds
Created algorithm = Alg0000_elem_TETRAHEDRON_4_momentum_nodal_grad
Created algorithm = Alg0000_elem_TETRAHEDRON_4_continuity_nodal_grad
Created algorithm = Alg0000_elem_TETRAHEDRON_4_tke_nodal_grad
Created algorithm = Alg0000_elem_TETRAHEDRON_4_sdr_nodal_grad
Created algorithm = Alg0000_elem_PYRAMID_5_geometry
Created algorithm = Alg0000_elem_PYRAMID_5_courant_reynolds
Created algorithm = Alg0000_elem_PYRAMID_5_momentum_nodal_grad
Created algorithm = Alg0000_elem_PYRAMID_5_continuity_nodal_grad
Created algorithm = Alg0000_elem_PYRAMID_5_tke_nodal_grad
Created algorithm = Alg0000_elem_PYRAMID_5_sdr_nodal_grad
Created algorithm = Alg0001_face_QUADRILATERAL_4_geometry
Created algorithm = Alg0003_face_QUADRILATERAL_4_nodal_grad
MomentumEquationSystem::register_wall_bc(): Mesh motion active! Velocity definition under wall_user_data will be ignored
Created algorithm = Alg0003_face_QUADRILATERAL_4_momentum_nodal_grad
Created algorithm = Alg0003_face_QUADRILATERAL_4_continuity_nodal_grad
Created algorithm = Alg0003_face_QUADRILATERAL_4_HEXAHEDRON_8_sst_geometry_wall
Created algorithm = Alg0003_face_QUADRILATERAL_4_tke_nodal_grad
Created algorithm = Alg0003_face_QUADRILATERAL_4_HEXAHEDRON_8_sdr_wall_func
Created algorithm = Alg0003_face_QUADRILATERAL_4_sdr_nodal_grad
MomentumEquationSystem::register_wall_bc(): Mesh motion active! Velocity definition under wall_user_data will be ignored
MomentumEquationSystem::register_wall_bc(): Mesh motion active! Velocity definition under wall_user_data will be ignored
MomentumEquationSystem::register_wall_bc(): Mesh motion active! Velocity definition under wall_user_data will be ignored
Created algorithm = Alg0001_face_TRIANGLE_3_geometry
Created algorithm = Alg0003_face_TRIANGLE_3_nodal_grad
MomentumEquationSystem::register_wall_bc(): Mesh motion active! Velocity definition under wall_user_data will be ignored
Created algorithm = Alg0003_face_TRIANGLE_3_momentum_nodal_grad
Created algorithm = Alg0003_face_TRIANGLE_3_continuity_nodal_grad
Created algorithm = Alg0003_face_TRIANGLE_3_WEDGE_6_sst_geometry_wall
Created algorithm = Alg0003_face_TRIANGLE_3_tke_nodal_grad
Created algorithm = Alg0003_face_TRIANGLE_3_WEDGE_6_sdr_wall_func
Created algorithm = Alg0003_face_TRIANGLE_3_sdr_nodal_grad
Created algorithm = Alg0002_face_QUADRILATERAL_4_nodal_grad
Created algorithm = Alg0002_face_QUADRILATERAL_4_momentum_nodal_grad
Created algorithm = Alg0002_face_QUADRILATERAL_4_continuity_nodal_grad
Created algorithm = Alg0002_face_QUADRILATERAL_4_mdot_inflow
Created the following bc face alg: ContinuityEQS_inflow_AssembleElemSolverAlg_QUADRILATERAL_4
Created algorithm = Alg0002_face_QUADRILATERAL_4_tke_nodal_grad
Created algorithm = Alg0002_face_QUADRILATERAL_4_sdr_nodal_grad
Created algorithm = Alg0005_face_QUADRILATERAL_4_nodal_grad
Created algorithm = Alg0005_face_QUADRILATERAL_4_momentum_nodal_grad
Created the following bc face/elem alg: MomentumEQS_open_AssembleFaceElemSolverAlg_QUADRILATERAL_4_PYRAMID_5
Created algorithm = Alg0005_face_QUADRILATERAL_4_PYRAMID_5_continuity_nodal_grad
Created algorithm = Alg0005_face_QUADRILATERAL_4_PYRAMID_5_mdot_open_edge
Created the following bc face/elem alg: ContinuityEQS_open_edge_AssembleFaceElemSolverAlg_QUADRILATERAL_4_PYRAMID_5
Created algorithm = Alg0005_face_QUADRILATERAL_4_tke_nodal_grad
Created the following bc face alg: TurbKineticEnergyEQS_open_AssembleElemSolverAlg_QUADRILATERAL_4
Created algorithm = Alg0005_face_QUADRILATERAL_4_sdr_nodal_grad
Created the following bc face alg: SpecDissRateEQS_open_AssembleElemSolverAlg_QUADRILATERAL_4
Created algorithm = Alg0008_face_QUADRILATERAL_4_nodal_grad
Created algorithm = Alg0008_face_QUADRILATERAL_4_momentum_nodal_grad
Created the following bc face/elem alg: MomentumEQS_symm_edge_AssembleFaceElemSolverAlg_QUADRILATERAL_4_PYRAMID_5
Created algorithm = Alg0008_face_QUADRILATERAL_4_continuity_nodal_grad
Created algorithm = Alg0008_face_QUADRILATERAL_4_tke_nodal_grad
Created algorithm = Alg0008_face_QUADRILATERAL_4_sdr_nodal_grad
TIOGA: Using coordinates field: current_coordinates
Realm::setup_overset_bc:: Selecting TIOGA TPL for overset connectivity
the post processing type is surface
the post processing file name: forces04.dat
the post processing physics name: surface_force_and_moment
Target name(s): blade1
Target name(s): blade2
Target name(s): blade3
Target name(s): hub
Parameters used are: 0
Parameters used are: 0

Averaging Review: one
===========================
Primitive/Reynolds name: density/density_ra_one size 1
Primitive/Reynolds name: velocity/velocity_ra_one size 3
Vorticity will be computed; add vorticity to output
Q criterion will be computed; add q_criterion to output
===========================
Realm::ioBroker_->populate_mesh() Begin
Realm::ioBroker_->populate_mesh() End
Realm::create_edges(): Nalu Realm: realm_1 requires edge creation: Begin
Realm::create_edges(): Nalu Realm: realm_1 requires edge creation: End
Realm::ioBroker_->populate_field_data() Begin
Realm::ioBroker_->populate_field_data() End
Realm::create_output_mesh(): Begin
Realm::create_output_mesh() End
 DualNodalVolume min: 3.71294e-10 max: 39763.6 total: 2.92973e+09
TIOGA: Initializing overset mesh blocks: 
TIOGA: mesh block = NearBody; ID min = 1; ID max = 7582969
	Bounding box: 
		[-13.2906, -61.2646, -38.4074]
		[10.7493, 61.2644, 69.4992]

TIOGA: mesh block = FarField; ID min = 252; ID max = 23022027
	Bounding box: 
		[-625, -625, -625]
		[1250, 625, 625]

TIOGA: Initialized 2 overset blocks
EquationSystems::initialize(): Begin 
EquationSystems::initialize(): End 
EquationSystems: overset solution strategy
 - ndtw: decoupled
 - momentum: decoupled
 - continuity: decoupled
 - turbulent_ke: decoupled
 - specific_dissipation_rate: decoupled

Realm memory Review:       realm_1
===========================
Total memory estimate for Matrix solve (per core)= 4.51798 GB.
Total memory estimate for Fields (per core)= 0.571942 GB.
Total memory estimate (per core) = 5.08992 GB.
Realm::initialize() End 

*******************************************************
Simulation Shall Commence: number of processors = 42
*******************************************************
Filter Size 0.00455075
 1/1         myNDTW
        WallDistEQS           24           17.3085        657.632             1
        WallDistEQS           24           16.8315        657.632             1
Realm shall provide output files at : currentTime/timeStepCount: 0/0 (realm_1)
*******************************************************
Time Step Count: 1 Current Time: 0.00455075
 dtN: 0.00455075 dtNm1: 0.00455075 gammas: 1 -1 0
 DualNodalVolume min: 3.71294e-10 max: 39763.6 total: 2.92973e+09
 Max Courant: 19965.7 Max Reynolds: 7.22639e+06 (realm_1)
   Realm Nonlinear Iteration: 1/1

realm_1::advance_time_step() 
NLI    Name           Linear Iter      Linear Res     NLinear Res    Scaled NLR
---    ----           -----------      ----------     -----------    ----------
1/4    Equation System Iteration
 1/1      myLowMach
        MomentumEQS_X         14        0.00383856       0.104921             1
        MomentumEQS_Y         14         0.0053072       0.115997             1
        MomentumEQS_Z         14        0.00503095       0.115448             1
        MomentumEQS           42        0.00825902       0.194402             1
        ContinuityEQS         26         0.0622468        2.08113             1
 1/1ShearStressTransportWrap
        TurbKineticEnergyEQS   2           47.4601        15613.8             1
        SpecDissRateEQS        5       4.77732e+06    3.42271e+08             1
2/4    Equation System Iteration
 1/1      myLowMach
        MomentumEQS_X         18          0.066714        1.49983       14.2949
        MomentumEQS_Y         19         0.0343057        0.82616       7.12227
        MomentumEQS_Z         19         0.0347335        0.86618       7.50275
        MomentumEQS           56         0.0826684        1.91893       9.87097
        ContinuityEQS         24          0.847125        17.7502       8.52913
 1/1ShearStressTransportWrap
        TurbKineticEnergyEQS   2           10.4907        2542.81      0.162857
        SpecDissRateEQS        2            590963    3.72481e+07      0.108826
3/4    Equation System Iteration
 1/1      myLowMach
        MomentumEQS_X         19         0.0507539        1.47772       14.0841
        MomentumEQS_Y         20          0.025721       0.765304       6.59764
        MomentumEQS_Z         20         0.0274044       0.768519       6.65682
        MomentumEQS           59         0.0631548        1.83302       9.42903
        ContinuityEQS         23          0.388492        8.15413       3.91813
 1/1ShearStressTransportWrap
        TurbKineticEnergyEQS   2           2.90921        377.064     0.0241495
        SpecDissRateEQS        1       9.29188e+07     4.2326e+09       12.3662
4/4    Equation System Iteration
 1/1      myLowMach
        MomentumEQS_X         18         0.0246536       0.808658       7.70731
        MomentumEQS_Y         17          0.022174       0.564673       4.86801
        MomentumEQS_Z         17         0.0235252       0.568468       4.92401
        MomentumEQS           52         0.0406562        1.13839       5.85589
        ContinuityEQS         22          0.196746        5.36006       2.57555
 1/1ShearStressTransportWrap
        TurbKineticEnergyEQS   3          0.299416        6.68843   0.000428367
        SpecDissRateEQS        1         4.324e+07    1.70025e+10       49.6756
Mass Balance Review:
Density accumulation: 0
Integrated inflow:    -15312500
Integrated open:      15312493.55486895
Total mass closure:   -6.445131048560143
Filter Size 0.009101499927188001
Mean System Norm: 3400505288.769434 1 0.00455075
WallClockTime: 1 Pre: 7.94351 NLI: 20.3008 Post: 0.0467439 Total: 28.291
*******************************************************
Time Step Count: 2 Current Time: 0.0091015
 dtN: 0.00455075 dtNm1: 0.00455075 gammas: 1.5 -2 0.5
 DualNodalVolume min: 3.71294e-10 max: 39763.6 total: 2.92973e+09
 Max Courant: 7994.87 Max Reynolds: 7.39241e+06 (realm_1)
   Realm Nonlinear Iteration: 1/1

realm_1::advance_time_step() 
NLI    Name           Linear Iter      Linear Res     NLinear Res    Scaled NLR
---    ----           -----------      ----------     -----------    ----------
1/4    Equation System Iteration
 1/1      myLowMach
        MomentumEQS_X         15         0.0817961        2.71721             1
        MomentumEQS_Y         14         0.0773174        1.79692             1
        MomentumEQS_Z         15         0.0556905        1.82186             1
        MomentumEQS           44          0.125579        3.73247             1
        ContinuityEQS         27          0.275282        6.06885             1
 1/1ShearStressTransportWrap
        TurbKineticEnergyEQS   2           25.5304        9447.74             1
        SpecDissRateEQS        2            848488    1.33211e+09             1
2/4    Equation System Iteration
 1/1      myLowMach
        MomentumEQS_X         16          0.103775        2.19545      0.807978
        MomentumEQS_Y         16         0.0609993        1.35416      0.753599
        MomentumEQS_Z         17         0.0457421        1.38135      0.758206
        MomentumEQS           49          0.128773        2.92606      0.783948
        ContinuityEQS         26          0.201206          4.244      0.699308
 1/1ShearStressTransportWrap
        TurbKineticEnergyEQS   2           5.58964        1138.07      0.120459
        SpecDissRateEQS        2            343901    3.30911e+07     0.0248411
3/4    Equation System Iteration
 1/1      myLowMach
        MomentumEQS_X         16         0.0487799        1.24325      0.457547
        MomentumEQS_Y         16         0.0284701       0.728585      0.405464
        MomentumEQS_Z         16         0.0280119       0.741779      0.407155
        MomentumEQS           48         0.0630451        1.62073      0.434223
        ContinuityEQS         24          0.144263        3.88126      0.639537
 1/1ShearStressTransportWrap
        TurbKineticEnergyEQS   2           1.77525        99.1331     0.0104928
        SpecDissRateEQS        2           66775.6    1.66656e+07     0.0125107
4/4    Equation System Iteration
 1/1      myLowMach
        MomentumEQS_X         16         0.0281636        0.70029      0.257723
        MomentumEQS_Y         16         0.0141242       0.414479      0.230661
        MomentumEQS_Z         16         0.0146938       0.420445      0.230778
        MomentumEQS           48         0.0347648       0.915955      0.245402
        ContinuityEQS         23          0.152328        3.53128      0.581869
 1/1ShearStressTransportWrap
        TurbKineticEnergyEQS   6          0.030125       0.742782   7.86201e-05
        SpecDissRateEQS        1            213791      1.535e+07     0.0115231
Mass Balance Review:
Density accumulation: 0
Integrated inflow:    -15312500
Integrated open:      15312484.8377022
Total mass closure:   -15.16229780390859
Filter Size 0.013652249890782
Mean System Norm: 3070134.087729875 2 0.0091015
WallClockTime: 2 Pre: 7.49147 NLI: 15.1213 Post: 0.042454 Total: 22.6552
*******************************************************
Time Step Count: 3 Current Time: 0.0136522
 dtN: 0.00455075 dtNm1: 0.00455075 gammas: 1.5 -2 0.5
 DualNodalVolume min: 3.71294e-10 max: 39763.6 total: 2.92973e+09
 Max Courant: 2053.51 Max Reynolds: 7.59064e+06 (realm_1)
   Realm Nonlinear Iteration: 1/1

realm_1::advance_time_step() 
NLI    Name           Linear Iter      Linear Res     NLinear Res    Scaled NLR
---    ----           -----------      ----------     -----------    ----------
1/4    Equation System Iteration
 1/1      myLowMach
        MomentumEQS_X         14           0.10478        3.17269             1
        MomentumEQS_Y         13           0.09116         2.2087             1
        MomentumEQS_Z         13         0.0976769        2.21802             1
        MomentumEQS           40          0.169793         4.4569             1
        ContinuityEQS         24          0.101299        2.93102             1
 1/1ShearStressTransportWrap
        TurbKineticEnergyEQS   2           14.3311        4551.52             1
        SpecDissRateEQS        2            267261    1.06202e+08             1
2/4    Equation System Iteration
 1/1      myLowMach
        MomentumEQS_X         16         0.0280053       0.870566      0.274394
        MomentumEQS_Y         16         0.0161993       0.535758      0.242567
        MomentumEQS_Z         16         0.0171208        0.54645      0.246368
        MomentumEQS           48         0.0366038        1.15911       0.26007
        ContinuityEQS         24         0.0846558        1.89073      0.645074
 1/1ShearStressTransportWrap
        TurbKineticEnergyEQS   2           3.34089        466.774      0.102553
        SpecDissRateEQS        2           81472.4    7.54458e+06     0.0710402
3/4    Equation System Iteration
 1/1      myLowMach
        MomentumEQS_X         17         0.0127758       0.422943      0.133307
        MomentumEQS_Y         16         0.0137276        0.29173      0.132082
        MomentumEQS_Z         16         0.0139093       0.297568      0.134159
        MomentumEQS           49         0.0233482       0.593746      0.133219
        ContinuityEQS         23         0.0639722        1.42237      0.485283
 1/1ShearStressTransportWrap
        TurbKineticEnergyEQS   2           1.21559         25.677    0.00564141
        SpecDissRateEQS        2           31769.1    3.65475e+06     0.0344134
4/4    Equation System Iteration
 1/1      myLowMach
        MomentumEQS_X         17         0.0130402       0.275644     0.0868802
        MomentumEQS_Y         17        0.00873221        0.19848     0.0898625
        MomentumEQS_Z         17         0.0085826       0.202588     0.0913373
        MomentumEQS           51         0.0178874       0.395494     0.0887376
        ContinuityEQS         22         0.0405724        1.19574      0.407961
 1/1ShearStressTransportWrap
        TurbKineticEnergyEQS   9         0.0038052       0.102622   2.25467e-05
        SpecDissRateEQS        2           17668.9    2.26892e+06     0.0213643
Mass Balance Review:
Density accumulation: 0
Integrated inflow:    -15312500
Integrated open:      15312478.55268044
Total mass closure:   -21.44731955975294
Filter Size 0.018202999854376
Mean System Norm: 453915.0722248225 3 0.0136522
WallClockTime: 3 Pre: 7.6536 NLI: 14.8092 Post: 0.042129 Total: 22.505
*******************************************************
Time Step Count: 4 Current Time: 0.018203
 dtN: 0.00455075 dtNm1: 0.00455075 gammas: 1.5 -2 0.5
 DualNodalVolume min: 3.71294e-10 max: 39763.6 total: 2.92973e+09
 Max Courant: 1483.99 Max Reynolds: 7.78893e+06 (realm_1)
   Realm Nonlinear Iteration: 1/1

realm_1::advance_time_step() 
NLI    Name           Linear Iter      Linear Res     NLinear Res    Scaled NLR
---    ----           -----------      ----------     -----------    ----------
1/4    Equation System Iteration
 1/1      myLowMach
        MomentumEQS_X         14         0.0715076        2.34206             1
        MomentumEQS_Y         13         0.0720085        1.62618             1
        MomentumEQS_Z         13         0.0681916        1.62472             1
        MomentumEQS           40          0.122265        3.28168             1
        ContinuityEQS         21         0.0670886        1.47541             1
 1/1ShearStressTransportWrap
        TurbKineticEnergyEQS   2           8.04082        2326.37             1
        SpecDissRateEQS        2            164890    5.56822e+07             1
2/4    Equation System Iteration
 1/1      myLowMach
        MomentumEQS_X         17         0.0147092       0.346062      0.147759
        MomentumEQS_Y         18        0.00709806       0.210815      0.129638
        MomentumEQS_Z         18        0.00653739       0.212273      0.130653
        MomentumEQS           53         0.0175921       0.457451      0.139395
        ContinuityEQS         21          0.058968        1.36268      0.923591
 1/1ShearStressTransportWrap
        TurbKineticEnergyEQS   2           1.96618        205.629     0.0883906
        SpecDissRateEQS        2           50067.9    1.83679e+06      0.032987
3/4    Equation System Iteration
 1/1      myLowMach
        MomentumEQS_X         17        0.00820785       0.270973      0.115699
        MomentumEQS_Y         17        0.00822027        0.17615      0.108321
        MomentumEQS_Z         17        0.00753665       0.177631      0.109331
        MomentumEQS           51         0.0138471       0.368793      0.112379
        ContinuityEQS         20         0.0581552        1.34525      0.911778
 1/1ShearStressTransportWrap
        TurbKineticEnergyEQS   3          0.164735        7.01186    0.00301408
        SpecDissRateEQS        2           18699.2         425430    0.00764033
4/4    Equation System Iteration
 1/1      myLowMach
        MomentumEQS_X         16         0.0106064       0.235259       0.10045
        MomentumEQS_Y         17        0.00662444       0.161638     0.0993975
        MomentumEQS_Z         17        0.00592331       0.162919      0.100275
        MomentumEQS           50         0.0138371       0.328658      0.100149
        ContinuityEQS         21          0.046966        1.35261      0.916766
 1/1ShearStressTransportWrap
        TurbKineticEnergyEQS  11       0.000804823      0.0176651    7.5934e-06
        SpecDissRateEQS        2           10400.7         232279    0.00417152
Mass Balance Review:
Density accumulation: 0
Integrated inflow:    -15312500
Integrated open:      15312475.07607932
Total mass closure:   -24.92392067797482
Filter Size 0.02275374981797
Mean System Norm: 46587.69139997802 4 0.018203
WallClockTime: 4 Pre: 8.09706 NLI: 14.5606 Post: 0.078234 Total: 22.7359
*******************************************************
Time Step Count: 5 Current Time: 0.0227537
 dtN: 0.00455075 dtNm1: 0.00455075 gammas: 1.5 -2 0.5
 DualNodalVolume min: 3.71294e-10 max: 39763.6 total: 2.92973e+09
 Max Courant: 1409.58 Max Reynolds: 7.95862e+06 (realm_1)
   Realm Nonlinear Iteration: 1/1

realm_1::advance_time_step() 
NLI    Name           Linear Iter      Linear Res     NLinear Res    Scaled NLR
---    ----           -----------      ----------     -----------    ----------
1/4    Equation System Iteration
 1/1      myLowMach
        MomentumEQS_X         14         0.0598147        1.73035             1
        MomentumEQS_Y         14         0.0500545        1.20947             1
        MomentumEQS_Z         14          0.043824        1.20505             1
        MomentumEQS           42         0.0894639        2.43086             1
        ContinuityEQS         20         0.0707708         1.6435             1
 1/1ShearStressTransportWrap
        TurbKineticEnergyEQS   2           4.77649        1303.96             1
        SpecDissRateEQS        2            105545    3.20966e+07             1
2/4    Equation System Iteration
 1/1      myLowMach
        MomentumEQS_X         17        0.00830371       0.308269      0.178154
        MomentumEQS_Y         17         0.0085541       0.203841      0.168537
        MomentumEQS_Z         17        0.00769882       0.202532       0.16807
        MomentumEQS           51         0.0141914       0.421426      0.173365
        ContinuityEQS         17         0.0546921         1.6139      0.981993
 1/1ShearStressTransportWrap
        TurbKineticEnergyEQS   2           1.25642        101.202     0.0776112
        SpecDissRateEQS        3           6263.75         640526     0.0199562
3/4    Equation System Iteration
 1/1      myLowMach
        MomentumEQS_X         16          0.011039       0.268372      0.155097
        MomentumEQS_Y         17        0.00699897       0.179965      0.148796
        MomentumEQS_Z         17        0.00625197       0.179472      0.148934
        MomentumEQS           50          0.014489       0.369623      0.152055
        ContinuityEQS         17         0.0676581        1.63715      0.996136
 1/1ShearStressTransportWrap
        TurbKineticEnergyEQS   4         0.0522992        2.24335    0.00172041
        SpecDissRateEQS        4            751.23        34091.3    0.00106215
4/4    Equation System Iteration
 1/1      myLowMach
        MomentumEQS_X         16        0.00725216       0.239213      0.138245
        MomentumEQS_Y         17        0.00504106       0.165045       0.13646
        MomentumEQS_Z         17        0.00460051       0.164584      0.136579
        MomentumEQS           50        0.00995845       0.333991      0.137396
        ContinuityEQS         17         0.0761733        1.65994          1.01
 1/1ShearStressTransportWrap
        TurbKineticEnergyEQS  13       0.000186235     0.00452017   3.46648e-06
        SpecDissRateEQS        4            538.05        17661.4   0.000550256
Mass Balance Review:
Density accumulation: 0
Integrated inflow:    -15312500
Integrated open:      15312475.01504965
Total mass closure:   -24.98495035246015
Filter Size 0.027304499781564
Mean System Norm: 3664.203315527673 5 0.0227537
WallClockTime: 5 Pre: 8.4254 NLI: 14.4035 Post: 0.0417559 Total: 22.8706
*******************************************************
Time Step Count: 6 Current Time: 0.0273045
 dtN: 0.00455075 dtNm1: 0.00455075 gammas: 1.5 -2 0.5
 DualNodalVolume min: 3.71294e-10 max: 39763.6 total: 2.92973e+09
 Max Courant: 1356.32 Max Reynolds: 8.09148e+06 (realm_1)
   Realm Nonlinear Iteration: 1/1

realm_1::advance_time_step() 
NLI    Name           Linear Iter      Linear Res     NLinear Res    Scaled NLR
---    ----           -----------      ----------     -----------    ----------
1/4    Equation System Iteration
 1/1      myLowMach
        MomentumEQS_X         14         0.0483251        1.15247             1
        MomentumEQS_Y         15         0.0266565       0.790996             1
        MomentumEQS_Z         15         0.0232467       0.788496             1
        MomentumEQS           44         0.0598857        1.60486             1
        ContinuityEQS         19         0.0568716        1.67798             1
 1/1ShearStressTransportWrap
        TurbKineticEnergyEQS   2           3.09374        806.869             1
        SpecDissRateEQS        2           71982.2    2.03748e+07             1
2/4    Equation System Iteration
 1/1      myLowMach
        MomentumEQS_X         16        0.00992602       0.235363      0.204225
        MomentumEQS_Y         17         0.0065555       0.163729      0.206991
        MomentumEQS_Z         17        0.00570216       0.161725      0.205106
        MomentumEQS           50         0.0131915       0.329178      0.205113
        ContinuityEQS         17         0.0577139         1.6226      0.966998
 1/1ShearStressTransportWrap
        TurbKineticEnergyEQS   2          0.966189        55.9641     0.0693596
        SpecDissRateEQS        3           4725.13         283349     0.0139068
3/4    Equation System Iteration
 1/1      myLowMach
        MomentumEQS_X         16        0.00661978       0.218834      0.189882
        MomentumEQS_Y         17        0.00432629       0.150264      0.189968
        MomentumEQS_Z         16        0.00660613        0.14889      0.188828
        MomentumEQS           49         0.0103043       0.304361      0.189649
        ContinuityEQS         18         0.0552994        1.62211      0.966708
 1/1ShearStressTransportWrap
        TurbKineticEnergyEQS   5         0.0225952       0.868373    0.00107623
        SpecDissRateEQS        7           66.2954        2528.48   0.000124098
4/4    Equation System Iteration
 1/1      myLowMach
        MomentumEQS_X         15         0.0076877        0.19964      0.173228
        MomentumEQS_Y         16        0.00473736       0.138129      0.174627
        MomentumEQS_Z         16        0.00394103       0.136889      0.173608
        MomentumEQS           47        0.00985266       0.278702      0.173661
        ContinuityEQS         17          0.059866        1.62819      0.970332
 1/1ShearStressTransportWrap
        TurbKineticEnergyEQS  14        6.6315e-05     0.00185603   2.30029e-06
        SpecDissRateEQS        7           53.6192        1353.83   6.64465e-05
Mass Balance Review:
Density accumulation: 0
Integrated inflow:    -15312500
Integrated open:      15312477.35613571
Total mass closure:   -22.64386428706348
Filter Size 0.031855249745158
Mean System Norm: 402.6745246749512 6 0.0273045
WallClockTime: 6 Pre: 8.65987 NLI: 14.4969 Post: 0.0416 Total: 23.1984
*******************************************************
Time Step Count: 7 Current Time: 0.0318552
 dtN: 0.00455075 dtNm1: 0.00455075 gammas: 1.5 -2 0.5
 DualNodalVolume min: 3.71294e-10 max: 39763.6 total: 2.92973e+09
 Max Courant: 1270.09 Max Reynolds: 8.19315e+06 (realm_1)
   Realm Nonlinear Iteration: 1/1

realm_1::advance_time_step() 
NLI    Name           Linear Iter      Linear Res     NLinear Res    Scaled NLR
---    ----           -----------      ----------     -----------    ----------
1/4    Equation System Iteration
 1/1      myLowMach
        MomentumEQS_X         14         0.0289058       0.754746             1
        MomentumEQS_Y         15         0.0178423       0.472656             1
        MomentumEQS_Z         15             0.014       0.474292             1
        MomentumEQS           44         0.0367409        1.00896             1
        ContinuityEQS         18         0.0616251        1.44662             1
 1/1ShearStressTransportWrap
        TurbKineticEnergyEQS   2           2.24411         545.83             1
        SpecDissRateEQS        2           52114.4     1.4081e+07             1
2/4    Equation System Iteration
 1/1      myLowMach
        MomentumEQS_X         16        0.00496014       0.174631      0.231377
        MomentumEQS_Y         16        0.00581637       0.122499      0.259172
        MomentumEQS_Z         16        0.00488845       0.120593      0.254259
        MomentumEQS           48         0.0090736        0.24504      0.242865
        ContinuityEQS         16         0.0504407        1.32649      0.916954
 1/1ShearStressTransportWrap
        TurbKineticEnergyEQS   2          0.975719        34.2769     0.0627978
        SpecDissRateEQS        3           3546.47         146030     0.0103707
3/4    Equation System Iteration
 1/1      myLowMach
        MomentumEQS_X         15         0.0059295       0.160079      0.212097
        MomentumEQS_Y         16        0.00323064       0.110471      0.233725
        MomentumEQS_Z         16        0.00321202       0.108872      0.229547
        MomentumEQS           47         0.0074775       0.222895      0.220916
        ContinuityEQS         17         0.0434294        1.26636      0.875392
 1/1ShearStressTransportWrap
        TurbKineticEnergyEQS   6         0.0118582       0.400564   0.000733862
        SpecDissRateEQS       10           9.11268        262.758   1.86605e-05
4/4    Equation System Iteration
 1/1      myLowMach
        MomentumEQS_X         15        0.00400956       0.142251      0.188476
        MomentumEQS_Y         15        0.00389675      0.0982162      0.207796
        MomentumEQS_Z         15        0.00431233      0.0968042      0.204103
        MomentumEQS           45        0.00706098       0.198123      0.196364
        ContinuityEQS         17         0.0441722        1.23184       0.85153
 1/1ShearStressTransportWrap
        TurbKineticEnergyEQS  14       5.49952e-05     0.00156995   2.87627e-06
        SpecDissRateEQS       11           3.91645        133.968   9.51412e-06
Mass Balance Review:
Density accumulation: 0
Integrated inflow:    -15312500
Integrated open:      15312481.39183829
Total mass closure:   -18.60816171020269
Filter Size 0.036405999708752
Mean System Norm: 158.6063151195527 7 0.0318552
WallClockTime: 7 Pre: 8.86819 NLI: 14.3575 Post: 0.0412171 Total: 23.2669
*******************************************************
Time Step Count: 8 Current Time: 0.036406
 dtN: 0.00455075 dtNm1: 0.00455075 gammas: 1.5 -2 0.5
 DualNodalVolume min: 3.71294e-10 max: 39763.6 total: 2.92973e+09
 Max Courant: 1198.23 Max Reynolds: 8.27285e+06 (realm_1)
   Realm Nonlinear Iteration: 1/1

realm_1::advance_time_step() 
NLI    Name           Linear Iter      Linear Res     NLinear Res    Scaled NLR
---    ----           -----------      ----------     -----------    ----------
1/4    Equation System Iteration
 1/1      myLowMach
        MomentumEQS_X         13         0.0267342        0.61769             1
        MomentumEQS_Y         15        0.00857585       0.314947             1
        MomentumEQS_Z         15        0.00843435       0.317916             1
        MomentumEQS           43         0.0293155        0.76276             1
        ContinuityEQS         18         0.0444451       0.998446             1
 1/1ShearStressTransportWrap
        TurbKineticEnergyEQS   2           1.87152        396.426             1
        SpecDissRateEQS        2           39653.4    1.04028e+07             1
2/4    Equation System Iteration
 1/1      myLowMach
        MomentumEQS_X         15        0.00513572       0.117965      0.190977
        MomentumEQS_Y         16        0.00305433      0.0841396      0.267155
        MomentumEQS_Z         16        0.00339768      0.0824366      0.259303
        MomentumEQS           47        0.00687378       0.166706      0.218556
        ContinuityEQS         16          0.030369       0.878282      0.879649
 1/1ShearStressTransportWrap
        TurbKineticEnergyEQS   3           0.17266        22.7462     0.0573782
        SpecDissRateEQS        3           2649.47        84938.3    0.00816493
3/4    Equation System Iteration
 1/1      myLowMach
        MomentumEQS_X         15        0.00367366      0.0968372      0.156773
        MomentumEQS_Y         16        0.00213992      0.0676771      0.214884
        MomentumEQS_Z         16        0.00237461      0.0661228      0.207989
        MomentumEQS           47        0.00486968       0.135388      0.177497
        ContinuityEQS         17         0.0373853       0.805236       0.80649
 1/1ShearStressTransportWrap
        TurbKineticEnergyEQS   6         0.0100258        0.21247   0.000535964
        SpecDissRateEQS       11           4.38345        94.9849   9.13068e-06
4/4    Equation System Iteration
 1/1      myLowMach
        MomentumEQS_X         15        0.00277702      0.0799515      0.129436
        MomentumEQS_Y         16        0.00163165      0.0548643      0.174202
        MomentumEQS_Z         16        0.00176115      0.0536079      0.168623
        MomentumEQS           47        0.00367094       0.110798      0.145259
        ContinuityEQS         18         0.0295297       0.759006      0.760187
 1/1ShearStressTransportWrap
        TurbKineticEnergyEQS  14       4.57637e-05     0.00174403   4.39939e-06
        SpecDissRateEQS       12           2.21827        47.8065   4.59553e-06
Mass Balance Review:
Density accumulation: 0
Integrated inflow:    -15312500
Integrated open:      15312486.45752924
Total mass closure:   -13.54247075505555
Filter Size 0.04095674967234601
Mean System Norm: 141.2619761734474 8 0.036406
WallClockTime: 8 Pre: 9.11238 NLI: 14.5476 Post: 0.0524418 Total: 23.7124
*******************************************************
Time Step Count: 9 Current Time: 0.0409567
 dtN: 0.00455075 dtNm1: 0.00455075 gammas: 1.5 -2 0.5
 DualNodalVolume min: 3.71294e-10 max: 39763.6 total: 2.92973e+09
 Max Courant: 1130.51 Max Reynolds: 8.33807e+06 (realm_1)
   Realm Nonlinear Iteration: 1/1

realm_1::advance_time_step() 
NLI    Name           Linear Iter      Linear Res     NLinear Res    Scaled NLR
---    ----           -----------      ----------     -----------    ----------
1/4    Equation System Iteration
 1/1      myLowMach
        MomentumEQS_X         13         0.0178629        0.64497             1
        MomentumEQS_Y         14        0.00979373       0.298399             1
        MomentumEQS_Z         14         0.0112678       0.298542             1
        MomentumEQS           41         0.0232801       0.770815             1
        ContinuityEQS         20         0.0178844       0.565626             1
 1/1ShearStressTransportWrap
        TurbKineticEnergyEQS   2           1.78011        303.434             1
        SpecDissRateEQS        2           31389.9    8.07114e+06             1
2/4    Equation System Iteration
 1/1      myLowMach
        MomentumEQS_X         15        0.00386741      0.0936171      0.145149
        MomentumEQS_Y         16        0.00206789      0.0677875      0.227171
        MomentumEQS_Z         16        0.00223688      0.0662595      0.221943
        MomentumEQS           47        0.00492308       0.133228       0.17284
        ContinuityEQS         17         0.0174829       0.451537      0.798295
 1/1ShearStressTransportWrap
        TurbKineticEnergyEQS   3          0.161509        16.0184     0.0527903
        SpecDissRateEQS        3           2028.08        54077.4     0.0067001
3/4    Equation System Iteration
 1/1      myLowMach
        MomentumEQS_X         16        0.00161624      0.0537391     0.0833203
        MomentumEQS_Y         16        0.00147091      0.0396069      0.132732
        MomentumEQS_Z         16        0.00155898      0.0383007      0.128292
        MomentumEQS           48        0.00268444      0.0769646     0.0998483
        ContinuityEQS         19         0.0136106       0.367852      0.650344
 1/1ShearStressTransportWrap
        TurbKineticEnergyEQS   7        0.00373038       0.124997   0.000411941
        SpecDissRateEQS       12           2.12008        59.8291   7.41271e-06
4/4    Equation System Iteration
 1/1      myLowMach
        MomentumEQS_X         16        0.00128358       0.036565     0.0566926
        MomentumEQS_Y         16        0.00111185      0.0253099      0.084819
        MomentumEQS_Z         16        0.00115916      0.0245079     0.0820918
        MomentumEQS           48        0.00205608      0.0507763     0.0658735
        ContinuityEQS         21         0.0115533       0.310567      0.549067
 1/1ShearStressTransportWrap
        TurbKineticEnergyEQS  13       7.30047e-05     0.00186343   6.14114e-06
        SpecDissRateEQS       13          0.947441        31.0691   3.84941e-06
Mass Balance Review:
Density accumulation: 0
Integrated inflow:    -15312500
Integrated open:      15312492.00044229
Total mass closure:   -7.999557714909315
Filter Size 0.04550749963594001
Mean System Norm: 137.812827403599 9 0.0409567
WallClockTime: 9 Pre: 9.32183 NLI: 14.4527 Post: 0.041882 Total: 23.8164
*******************************************************
Time Step Count: 10 Current Time: 0.0455075
 dtN: 0.00455075 dtNm1: 0.00455075 gammas: 1.5 -2 0.5
 DualNodalVolume min: 3.71294e-10 max: 39763.6 total: 2.92973e+09
 Max Courant: 1068.45 Max Reynolds: 8.3937e+06 (realm_1)
   Realm Nonlinear Iteration: 1/1

realm_1::advance_time_step() 
NLI    Name           Linear Iter      Linear Res     NLinear Res    Scaled NLR
---    ----           -----------      ----------     -----------    ----------
1/4    Equation System Iteration
 1/1      myLowMach
        MomentumEQS_X         12         0.0261558       0.692039             1
        MomentumEQS_Y         13         0.0113971       0.315968             1
        MomentumEQS_Z         13         0.0130984       0.313824             1
        MomentumEQS           38         0.0313941       0.822946             1
        ContinuityEQS         22         0.0104102       0.269735             1
 1/1ShearStressTransportWrap
        TurbKineticEnergyEQS   2           1.82709        241.194             1
        SpecDissRateEQS        2           25665.3    6.48658e+06             1
2/4    Equation System Iteration
 1/1      myLowMach
        MomentumEQS_X         15        0.00298034       0.101356       0.14646
        MomentumEQS_Y         15        0.00237332      0.0734542      0.232474
        MomentumEQS_Z         15        0.00258572      0.0715978      0.228146
        MomentumEQS           45        0.00460446       0.144204      0.175229
        ContinuityEQS         20        0.00960643       0.236778      0.877814
 1/1ShearStressTransportWrap
        TurbKineticEnergyEQS   3          0.153607        11.7824     0.0488501
        SpecDissRateEQS        3           1637.33        36769.2    0.00566851
3/4    Equation System Iteration
 1/1      myLowMach
        MomentumEQS_X         15        0.00217963      0.0562419     0.0812698
        MomentumEQS_Y         15        0.00175251      0.0418181      0.132349
        MomentumEQS_Z         15        0.00186902      0.0407868      0.129967
        MomentumEQS           45        0.00336383      0.0810893     0.0985353
        ContinuityEQS         19          0.010035       0.237387      0.880074
 1/1ShearStressTransportWrap
        TurbKineticEnergyEQS   7        0.00323417      0.0793043   0.000328799
        SpecDissRateEQS       12           1.32406        41.5921   6.41203e-06
4/4    Equation System Iteration
 1/1      myLowMach
        MomentumEQS_X         15        0.00166775      0.0449213     0.0649114
        MomentumEQS_Y         15         0.0013975      0.0323956      0.102528
        MomentumEQS_Z         15        0.00143932      0.0320531      0.102137
        MomentumEQS           45        0.00260884      0.0639906     0.0777579
        ContinuityEQS         19         0.0114341       0.251378      0.931942
 1/1ShearStressTransportWrap
        TurbKineticEnergyEQS  13        7.3664e-05     0.00189112   7.84065e-06
        SpecDissRateEQS       12           1.04728        23.1392   3.56723e-06
Mass Balance Review:
Density accumulation: 0
Integrated inflow:    -15312500
Integrated open:      15312497.68885056
Total mass closure:   -2.311149436980486
Filter Size 0.05005824959953401
Mean System Norm: 136.2176449607346 10 0.0455075
WallClockTime: 10 Pre: 9.42078 NLI: 14.4693 Post: 0.0412951 Total: 23.9314
*******************************************************
Simulation Shall Complete: time/timestep: 0.0455075/10
*******************************************************

-------------------------------- 
Begin Timer Overview for Realm: realm_1
-------------------------------- 
Timing for Eq: myNDTW
             init --   	avg: 0.887093 	min: 0.812109 	max: 0.969387
         assemble --   	avg: 0.166045 	min: 0.0669267 	max: 0.251837
    load_complete --   	avg: 0.831858 	min: 0.30098 	max: 1.41235
            solve --   	avg: 1.23558 	min: 1.2303 	max: 1.23946
    precond setup --   	avg: 1.57957 	min: 1.57934 	max: 1.58069
             misc --   	avg: 0 	min: 0 	max: 0
linear iterations --  	avg: 24 	min: 24 	max: 24
Timing for Eq: myLowMach
             init --   	avg: 4.14394e-06 	min: 0 	max: 1.00136e-05
         assemble --   	avg: 0 	min: 0 	max: 0
    load_complete --   	avg: 0 	min: 0 	max: 0
            solve --   	avg: 0 	min: 0 	max: 0
    precond setup --   	avg: 0 	min: 0 	max: 0
             misc --   	avg: 0 	min: 0 	max: 0
Timing for Eq: MomentumEQS
             init --   	avg: 0.94856 	min: 0.939316 	max: 0.977651
         assemble --   	avg: 3.01288 	min: 2.31215 	max: 3.76708
    load_complete --   	avg: 10.9436 	min: 9.28473 	max: 15.9601
            solve --   	avg: 15.9341 	min: 15.7579 	max: 16.0833
    precond setup --   	avg: 7.30015e-06 	min: 2.14577e-06 	max: 1.16825e-05
             misc --   	avg: 7.35052 	min: 6.12144 	max: 7.72016
linear iterations --  	avg: 47.2 	min: 38 	max: 59
Timing for Eq: ContinuityEQS
             init --   	avg: 0.908574 	min: 0.890728 	max: 0.916504
         assemble --   	avg: 4.72029 	min: 4.39483 	max: 4.92966
    load_complete --   	avg: 7.32783 	min: 6.93105 	max: 8.81868
            solve --   	avg: 23.579 	min: 23.4666 	max: 23.6658
    precond setup --   	avg: 33.4526 	min: 33.4501 	max: 33.4551
             misc --   	avg: 7.42367 	min: 7.20809 	max: 7.63378
linear iterations --  	avg: 20.175 	min: 16 	max: 27
Timing for Eq: mySST
             init --   	avg: 2.62828e-06 	min: 0 	max: 6.91414e-06
         assemble --   	avg: 0 	min: 0 	max: 0
    load_complete --   	avg: 0 	min: 0 	max: 0
            solve --   	avg: 0 	min: 0 	max: 0
    precond setup --   	avg: 0 	min: 0 	max: 0
             misc --   	avg: 0 	min: 0 	max: 0
Timing for Eq: TurbKineticEnergyEQS
             init --   	avg: 0.96564 	min: 0.946296 	max: 0.990689
         assemble --   	avg: 0.894642 	min: 0.731385 	max: 1.10615
    load_complete --   	avg: 7.1412 	min: 6.87156 	max: 7.3686
            solve --   	avg: 2.88116 	min: 2.77724 	max: 2.95805
    precond setup --   	avg: 0.757476 	min: 0.743055 	max: 0.771986
             misc --   	avg: 3.47269 	min: 3.24214 	max: 3.68218
linear iterations --  	avg: 4.925 	min: 2 	max: 14
Timing for Eq: SpecDissRateEQS
             init --   	avg: 0.973847 	min: 0.965104 	max: 0.984898
         assemble --   	avg: 0.997282 	min: 0.805922 	max: 1.24188
    load_complete --   	avg: 7.38472 	min: 7.05817 	max: 7.65227
            solve --   	avg: 2.91186 	min: 2.80752 	max: 2.99334
    precond setup --   	avg: 0.753522 	min: 0.738582 	max: 0.767438
             misc --   	avg: 3.58637 	min: 3.38465 	max: 3.65075
linear iterations --  	avg: 4.425 	min: 1 	max: 13
Timing for IO: 
   io create mesh --   	avg: 0.00275118 	min: 0.00191689 	max: 0.0036099
 io output fields --   	avg: 1.7123 	min: 1.63789 	max: 1.82037
 io populate mesh --   	avg: 39.0467 	min: 39.0406 	max: 39.0469
 io populate fd   --   	avg: 4.12673 	min: 4.12301 	max: 4.12777
Timing for property evaluation:         
            props --   	avg: 1.70134 	min: 0.590575 	max: 2.79103
Timing for Edge: 
    edge creation --   	avg: 40.132 	min: 40.131 	max: 40.1357
Timing for Overset:
     connectivity --  	avg: 0.144568 	min: 0.144562 	max: 0.144575
     field update --  	avg: 11.0457 	min: 1.36369 	max: 13.6856
Timing for skin_mesh :    
        skin_mesh --   	avg: 0 	min: 0 	max: 0

Timing for Simulation: nprocs= 42
           main() --   	avg: 357.289 	min: 357.085 	max: 357.394
Memory Overview: 
nalu memory: total (over all cores) current/high-water mark=       192.745 G      193.854 G
nalu memory:   min (over all cores) current/high-water mark=       3.18011 G      3.18311 G
nalu memory:   max (over all cores) current/high-water mark=       6.05304 G      6.15192 G
Min High-water memory usage 3259.5 MB
Avg High-water memory usage 4726.4 MB
Max High-water memory usage 6299.6 MB

Min Available memory per processor 3518.9 MB
Avg Available memory per processor 3518.9 MB
Max Available memory per processor 3518.9 MB

Min No-output time 355.3640 sec
Avg No-output time 355.5770 sec
Max No-output time 355.7542 sec

STKPERF: Total Time: 357.245

STKPERF: Current memory: 4047634432 (3.77 G)
STKPERF: Memory high water: 4051304448 (3.773 G)
                                                     CPU Time              CPU Time              CPU Time              Wall Time             Wall Time             Wall Time
                 Timer                   Count   Sum (% of System)     Min (% of System)     Max (% of System)     Sum (% of System)     Min (% of System)     Max (% of System)
---------------------------------------- ----- --------------------- --------------------- --------------------- --------------------- --------------------- ---------------------
Nalu                                        42  3:59:19.439 (100.0%)     5:35.352 (2.335%)     5:46.264 (2.411%)  4:10:06.327 (100.0%)     5:57.090 (2.380%)     5:57.398 (2.382%)
  CreateEdges                               42    28:06.313 (11.74%)       40.146 (0.280%)       40.159 (0.280%)    28:05.545 (11.23%)       40.131 (0.267%)       40.136 (0.267%)
  Output                                   924     1:08.248 (0.475%)        1.541 (0.011%)        1.738 (0.012%)     1:11.918 (0.479%)        1.638 (0.011%)        1.820 (0.012%)

Took 0.0004 seconds to generate the table above.
=====================================================================================

                       TimeMonitor results over 42 processors

Timer Name    MinOverProcs    MeanOverProcs    MaxOverProcs    MeanOverCallCounts    
=====================================================================================
