===============================================================================
                                  Nalu-Wind                                    
       An incompressible, turbulent computational fluid dynamics solver        
                  for wind turbine and wind farm simulations                   
===============================================================================

   Nalu-Wind Version: v1.2.0
   Nalu-Wind GIT Commit SHA: 7765b5b5b22a540c707ec7b240be542005995f59-DIRTY
   Trilinos Version: 13.1-g19b4e9b64a0

   TPLs: Boost, HDF5, netCDF, STK, Trilinos, yaml-cpp and zlib   
   Optional TPLs enabled: Hypre, TIOGA
   Copyright 2017 National Technology & Engineering Solutions of Sandia, LLC   
   (NTESS), National Renewable Energy Laboratory, University of Texas Austin,  
    Northwest Research Associates. Under the terms of Contract DE-NA0003525    
    with NTESS, the U.S. Government retains certain rights in this software.   
                                                                               
           This software is released under the BSD 3-clause license.           
   See LICENSE file at https://github.com/exawind/nalu-wind for more details.  
-------------------------------------------------------------------------------

macro  KOKKOS_ENABLE_CUDA      : defined
macro  CUDA_VERSION          = 9020 = version 9.2
Kokkos::Cuda[ 0 ] Tesla V100-SXM2-16GB capability 7.0, Total Global Memory: 15.75 G, Shared Memory per Block: 48 K : Selected

Realm Options Review: realm_1
===========================
Edge-based scheme will be activated
Warning: When using automatic_decomposition_type, one must have a serial file
Nalu will deactivate aura ghosting

Turbulence Model Review:   
===========================
Turbulence Model is: sst 1

PPE review:   
===========================
Realm::create_mesh(): Begin
Realm::create_mesh() End

Boundary Condition Review: 
===========================
Wall BC name:        bc_wall on blade1
Wall BC name:        bc_wall on blade2
Wall BC name:        bc_wall on blade3
Wall BC name:        bc_wall on hub
Inflow BC name:      bc_inflow on inlet
Open BC name:        bc_open on outlet
Symmetry BC name:    bc_symBottom on sides
Overset BC name: bc_overset

Initial Condition Review:  
===========================
Initial Is Type constant 

Material Prop Review:      
===========================
density is a constant property: 1.225
viscosity is a constant property: 1.8e-05

EqSys/options Review:      
===========================
Edge projected nodal gradient for minimum distance to wall: 1
Edge projected nodal gradient for velocity: 0
Edge projected nodal gradient for pressure: 0
Edge projected nodal gradient for turbulent_ke: 0
Edge projected nodal gradient for specific_dissipation_rate: 0

Realm memory Review:       realm_1
===========================
Node count from meta data = 24732145
Total memory estimate for Matrix solve (per core)= 1.61696 GB.
Total memory estimate (per core) = 1.61696 GB.

Time Integrator Review:  
=========================
StandardTimeIntegrator 
 name=              ti_1
 second order =     1
 maxTimeStepCount = 10
 fixed time step is active   with time step: 0.00455075
StandardTimeIntegrator realm_name[0]= realm_1

Transfer Review:         
=========================
Realm::initialize() Begin 
Created algorithm = Alg0000_elem_HEXAHEDRON_8_geometry
Created algorithm = Alg0000_edge_nodal_grad
Created algorithm = Alg0000_elem_HEXAHEDRON_8_courant_reynolds
Created algorithm = Alg0000_elem_HEXAHEDRON_8_momentum_nodal_grad
Created algorithm = Alg0000_elem_HEXAHEDRON_8_continuity_nodal_grad
Created algorithm = Alg0000_edge_mdot_edge_interior
Created algorithm = Alg0000_elem_HEXAHEDRON_8_tke_nodal_grad
Created algorithm = Alg0000_elem_HEXAHEDRON_8_sdr_nodal_grad
Created algorithm = Alg0000_elem_WEDGE_6_geometry
Created algorithm = Alg0000_elem_WEDGE_6_courant_reynolds
Created algorithm = Alg0000_elem_WEDGE_6_momentum_nodal_grad
Created algorithm = Alg0000_elem_WEDGE_6_continuity_nodal_grad
Created algorithm = Alg0000_elem_WEDGE_6_tke_nodal_grad
Created algorithm = Alg0000_elem_WEDGE_6_sdr_nodal_grad
Created algorithm = Alg0000_elem_TETRAHEDRON_4_geometry
Created algorithm = Alg0000_elem_TETRAHEDRON_4_courant_reynolds
Created algorithm = Alg0000_elem_TETRAHEDRON_4_momentum_nodal_grad
Created algorithm = Alg0000_elem_TETRAHEDRON_4_continuity_nodal_grad
Created algorithm = Alg0000_elem_TETRAHEDRON_4_tke_nodal_grad
Created algorithm = Alg0000_elem_TETRAHEDRON_4_sdr_nodal_grad
Created algorithm = Alg0000_elem_PYRAMID_5_geometry
Created algorithm = Alg0000_elem_PYRAMID_5_courant_reynolds
Created algorithm = Alg0000_elem_PYRAMID_5_momentum_nodal_grad
Created algorithm = Alg0000_elem_PYRAMID_5_continuity_nodal_grad
Created algorithm = Alg0000_elem_PYRAMID_5_tke_nodal_grad
Created algorithm = Alg0000_elem_PYRAMID_5_sdr_nodal_grad
Created algorithm = Alg0001_face_QUADRILATERAL_4_geometry
Created algorithm = Alg0003_face_QUADRILATERAL_4_nodal_grad
MomentumEquationSystem::register_wall_bc(): Mesh motion active! Velocity definition under wall_user_data will be ignored
Created algorithm = Alg0003_face_QUADRILATERAL_4_momentum_nodal_grad
Created algorithm = Alg0003_face_QUADRILATERAL_4_continuity_nodal_grad
Created algorithm = Alg0003_face_QUADRILATERAL_4_HEXAHEDRON_8_sst_geometry_wall
Created algorithm = Alg0003_face_QUADRILATERAL_4_tke_nodal_grad
Created algorithm = Alg0003_face_QUADRILATERAL_4_HEXAHEDRON_8_sdr_wall_func
Created algorithm = Alg0003_face_QUADRILATERAL_4_sdr_nodal_grad
MomentumEquationSystem::register_wall_bc(): Mesh motion active! Velocity definition under wall_user_data will be ignored
MomentumEquationSystem::register_wall_bc(): Mesh motion active! Velocity definition under wall_user_data will be ignored
MomentumEquationSystem::register_wall_bc(): Mesh motion active! Velocity definition under wall_user_data will be ignored
Created algorithm = Alg0001_face_TRIANGLE_3_geometry
Created algorithm = Alg0003_face_TRIANGLE_3_nodal_grad
MomentumEquationSystem::register_wall_bc(): Mesh motion active! Velocity definition under wall_user_data will be ignored
Created algorithm = Alg0003_face_TRIANGLE_3_momentum_nodal_grad
Created algorithm = Alg0003_face_TRIANGLE_3_continuity_nodal_grad
Created algorithm = Alg0003_face_TRIANGLE_3_WEDGE_6_sst_geometry_wall
Created algorithm = Alg0003_face_TRIANGLE_3_tke_nodal_grad
Created algorithm = Alg0003_face_TRIANGLE_3_WEDGE_6_sdr_wall_func
Created algorithm = Alg0003_face_TRIANGLE_3_sdr_nodal_grad
Created algorithm = Alg0002_face_QUADRILATERAL_4_nodal_grad
Created algorithm = Alg0002_face_QUADRILATERAL_4_momentum_nodal_grad
Created algorithm = Alg0002_face_QUADRILATERAL_4_continuity_nodal_grad
Created algorithm = Alg0002_face_QUADRILATERAL_4_mdot_inflow
Created the following bc face alg: ContinuityEQS_inflow_AssembleElemSolverAlg_QUADRILATERAL_4
Created algorithm = Alg0002_face_QUADRILATERAL_4_tke_nodal_grad
Created algorithm = Alg0002_face_QUADRILATERAL_4_sdr_nodal_grad
Created algorithm = Alg0005_face_QUADRILATERAL_4_nodal_grad
Created algorithm = Alg0005_face_QUADRILATERAL_4_momentum_nodal_grad
Created the following bc face/elem alg: MomentumEQS_open_AssembleFaceElemSolverAlg_QUADRILATERAL_4_PYRAMID_5
Created algorithm = Alg0005_face_QUADRILATERAL_4_PYRAMID_5_continuity_nodal_grad
Created algorithm = Alg0005_face_QUADRILATERAL_4_PYRAMID_5_mdot_open_edge
Created the following bc face/elem alg: ContinuityEQS_open_edge_AssembleFaceElemSolverAlg_QUADRILATERAL_4_PYRAMID_5
Created algorithm = Alg0005_face_QUADRILATERAL_4_tke_nodal_grad
Created the following bc face alg: TurbKineticEnergyEQS_open_AssembleElemSolverAlg_QUADRILATERAL_4
Created algorithm = Alg0005_face_QUADRILATERAL_4_sdr_nodal_grad
Created the following bc face alg: SpecDissRateEQS_open_AssembleElemSolverAlg_QUADRILATERAL_4
Created algorithm = Alg0008_face_QUADRILATERAL_4_nodal_grad
Created algorithm = Alg0008_face_QUADRILATERAL_4_momentum_nodal_grad
Created the following bc face/elem alg: MomentumEQS_symm_edge_AssembleFaceElemSolverAlg_QUADRILATERAL_4_PYRAMID_5
Created algorithm = Alg0008_face_QUADRILATERAL_4_continuity_nodal_grad
Created algorithm = Alg0008_face_QUADRILATERAL_4_tke_nodal_grad
Created algorithm = Alg0008_face_QUADRILATERAL_4_sdr_nodal_grad
TIOGA: Using coordinates field: current_coordinates
Realm::setup_overset_bc:: Selecting TIOGA TPL for overset connectivity
the post processing type is surface
the post processing file name: forces04.dat
the post processing physics name: surface_force_and_moment
Target name(s): blade1
Target name(s): blade2
Target name(s): blade3
Target name(s): hub
Parameters used are: 0
Parameters used are: 0

Averaging Review: one
===========================
Primitive/Reynolds name: density/density_ra_one size 1
Primitive/Reynolds name: velocity/velocity_ra_one size 3
Vorticity will be computed; add vorticity to output
Q criterion will be computed; add q_criterion to output
===========================
Realm::ioBroker_->populate_mesh() Begin
Realm::ioBroker_->populate_mesh() End
Realm::create_edges(): Nalu Realm: realm_1 requires edge creation: Begin
Realm::create_edges(): Nalu Realm: realm_1 requires edge creation: End
Realm::ioBroker_->populate_field_data() Begin
Realm::ioBroker_->populate_field_data() End
Realm::create_output_mesh(): Begin
Realm::create_output_mesh() End
 DualNodalVolume min: 3.71294e-10 max: 39763.6 total: 2.92973e+09
TIOGA: Initializing overset mesh blocks: 
TIOGA: mesh block = NearBody; ID min = 1; ID max = 7582969
	Bounding box: 
		[-13.2906, -61.2646, -38.4074]
		[10.7493, 61.2644, 69.4992]

TIOGA: mesh block = FarField; ID min = 252; ID max = 23022027
	Bounding box: 
		[-625, -625, -625]
		[1250, 625, 625]

TIOGA: Initialized 2 overset blocks
EquationSystems::initialize(): Begin 
EquationSystems::initialize(): End 
EquationSystems: overset solution strategy
 - ndtw: decoupled
 - momentum: decoupled
 - continuity: decoupled
 - turbulent_ke: decoupled
 - specific_dissipation_rate: decoupled

Realm memory Review:       realm_1
===========================
Total memory estimate for Matrix solve (per core)= 1.61696 GB.
Total memory estimate for Fields (per core)= 0.20018 GB.
Total memory estimate (per core) = 1.81714 GB.
Realm::initialize() End 

*******************************************************
Simulation Shall Commence: number of processors = 120
*******************************************************
Filter Size 0.00455075
 1/1         myNDTW
        WallDistEQS           23           28.0365        657.632             1
        WallDistEQS           23           28.2377        657.632             1
Realm shall provide output files at : currentTime/timeStepCount: 0/0 (realm_1)
*******************************************************
Time Step Count: 1 Current Time: 0.00455075
 dtN: 0.00455075 dtNm1: 0.00455075 gammas: 1 -1 0
 DualNodalVolume min: 3.71294e-10 max: 39763.6 total: 2.92973e+09
 Max Courant: 19965.7 Max Reynolds: 7.22639e+06 (realm_1)
   Realm Nonlinear Iteration: 1/1

realm_1::advance_time_step() 
NLI    Name           Linear Iter      Linear Res     NLinear Res    Scaled NLR
---    ----           -----------      ----------     -----------    ----------
1/4    Equation System Iteration
 1/1      myLowMach
        MomentumEQS_X         14        0.00383678       0.104921             1
        MomentumEQS_Y         14        0.00529844       0.115997             1
        MomentumEQS_Z         14        0.00503417       0.115448             1
        MomentumEQS           42        0.00825453       0.194402             1
        ContinuityEQS         22         0.0821398        2.08113             1
 1/1ShearStressTransportWrap
        TurbKineticEnergyEQS   2           47.9661        15613.8             1
        SpecDissRateEQS        5       4.77948e+06    3.42271e+08             1
2/4    Equation System Iteration
 1/1      myLowMach
        MomentumEQS_X         18         0.0667633        1.49272       14.2271
        MomentumEQS_Y         19         0.0342945       0.824545       7.10835
        MomentumEQS_Z         19         0.0348066       0.865132       7.49367
        MomentumEQS           56         0.0827343        1.91221       9.83638
        ContinuityEQS         22          0.832455        17.7498       8.52894
 1/1ShearStressTransportWrap
        TurbKineticEnergyEQS   2           10.5961        2542.81      0.162857
        SpecDissRateEQS        2            592222    3.72481e+07      0.108826
3/4    Equation System Iteration
 1/1      myLowMach
        MomentumEQS_X         19         0.0506461        1.53578       14.6375
        MomentumEQS_Y         20         0.0257164       0.775796       6.68809
        MomentumEQS_Z         20         0.0275577       0.779716       6.75381
        MomentumEQS           59         0.0631331        1.88903       9.71715
        ContinuityEQS         22           0.36043        8.15197       3.91709
 1/1ShearStressTransportWrap
        TurbKineticEnergyEQS   2           2.93076        377.064     0.0241495
        SpecDissRateEQS        1       9.29224e+07    4.35832e+09       12.7335
4/4    Equation System Iteration
 1/1      myLowMach
        MomentumEQS_X         18         0.0246296       0.783484       7.46738
        MomentumEQS_Y         17         0.0221732       0.553354       4.77043
        MomentumEQS_Z         17         0.0235592       0.557993       4.83327
        MomentumEQS           52         0.0406609        1.10969       5.70822
        ContinuityEQS         21          0.177848        5.35655       2.57387
 1/1ShearStressTransportWrap
        TurbKineticEnergyEQS   3          0.304206        6.68833   0.000428361
        SpecDissRateEQS        1       4.32409e+07    1.71306e+10       50.0499
Mass Balance Review:
Density accumulation: 0
Integrated inflow:    -15312500
Integrated open:      15312490.99264613
Total mass closure:   -9.00735386647284
Filter Size 0.009101499927188001
Mean System Norm: 3426129584.92522 1 0.00455075
WallClockTime: 1 Pre: 3.23736 NLI: 10.5159 Post: 0.0368199 Total: 13.7901
*******************************************************
Time Step Count: 2 Current Time: 0.0091015
 dtN: 0.00455075 dtNm1: 0.00455075 gammas: 1.5 -2 0.5
 DualNodalVolume min: 3.71294e-10 max: 39763.6 total: 2.92973e+09
 Max Courant: 7993.85 Max Reynolds: 7.39241e+06 (realm_1)
   Realm Nonlinear Iteration: 1/1

realm_1::advance_time_step() 
NLI    Name           Linear Iter      Linear Res     NLinear Res    Scaled NLR
---    ----           -----------      ----------     -----------    ----------
1/4    Equation System Iteration
 1/1      myLowMach
        MomentumEQS_X         15         0.0818881         2.7391             1
        MomentumEQS_Y         14         0.0775491        1.79014             1
        MomentumEQS_Z         15         0.0559323        1.81763             1
        MomentumEQS           44          0.125889        3.74314             1
        ContinuityEQS         29          0.265018        6.05669             1
 1/1ShearStressTransportWrap
        TurbKineticEnergyEQS   2           25.7932        9447.74             1
        SpecDissRateEQS        2            850408     1.3196e+09             1
2/4    Equation System Iteration
 1/1      myLowMach
        MomentumEQS_X         18         0.0764461        2.20462       0.80487
        MomentumEQS_Y         18         0.0398135         1.3518      0.755135
        MomentumEQS_Z         18         0.0441348        1.38372      0.761277
        MomentumEQS           54          0.096835        2.93298      0.783563
        ContinuityEQS         29            0.1975        4.24405      0.700721
 1/1ShearStressTransportWrap
        TurbKineticEnergyEQS   2           5.63707        1138.07      0.120459
        SpecDissRateEQS        2            344268    3.21422e+07     0.0243575
3/4    Equation System Iteration
 1/1      myLowMach
        MomentumEQS_X         17         0.0419598        1.23711      0.451649
        MomentumEQS_Y         17         0.0230774       0.726384      0.405769
        MomentumEQS_Z         16         0.0324738       0.741774        0.4081
        MomentumEQS           50         0.0578597        1.61503      0.431464
        ContinuityEQS         24           0.13155        3.88865      0.642042
 1/1ShearStressTransportWrap
        TurbKineticEnergyEQS   2           1.78603        99.1331     0.0104928
        SpecDissRateEQS        2           67276.7    1.67393e+07     0.0126851
4/4    Equation System Iteration
 1/1      myLowMach
        MomentumEQS_X         16         0.0283098       0.706949      0.258095
        MomentumEQS_Y         16         0.0141333       0.417362      0.233145
        MomentumEQS_Z         16         0.0146962       0.424305      0.233439
        MomentumEQS           48          0.034888       0.924123      0.246885
        ContinuityEQS         23          0.134837        3.54122       0.58468
 1/1ShearStressTransportWrap
        TurbKineticEnergyEQS   6         0.0301189       0.742782   7.86202e-05
        SpecDissRateEQS        1            213966    1.56578e+07     0.0118656
Mass Balance Review:
Density accumulation: 0
Integrated inflow:    -15312500
Integrated open:      15312480.60050903
Total mass closure:   -19.3994909748435
Filter Size 0.013652249890782
Mean System Norm: 3131696.537698758 2 0.0091015
WallClockTime: 2 Pre: 3.09933 NLI: 9.92744 Post: 0.036999 Total: 13.0638
*******************************************************
Time Step Count: 3 Current Time: 0.0136522
 dtN: 0.00455075 dtNm1: 0.00455075 gammas: 1.5 -2 0.5
 DualNodalVolume min: 3.71294e-10 max: 39763.6 total: 2.92973e+09
 Max Courant: 2053.52 Max Reynolds: 7.59063e+06 (realm_1)
   Realm Nonlinear Iteration: 1/1

realm_1::advance_time_step() 
NLI    Name           Linear Iter      Linear Res     NLinear Res    Scaled NLR
---    ----           -----------      ----------     -----------    ----------
1/4    Equation System Iteration
 1/1      myLowMach
        MomentumEQS_X         14          0.104968        3.18509             1
        MomentumEQS_Y         13          0.092375        2.20165             1
        MomentumEQS_Z         13         0.0975122        2.21522             1
        MomentumEQS           40           0.17047        4.46086             1
        ContinuityEQS         25         0.0964849        2.94706             1
 1/1ShearStressTransportWrap
        TurbKineticEnergyEQS   2           14.4841        4551.52             1
        SpecDissRateEQS        2            269954    1.06261e+08             1
2/4    Equation System Iteration
 1/1      myLowMach
        MomentumEQS_X         16         0.0280222       0.916976      0.287896
        MomentumEQS_Y         16         0.0162194       0.539874      0.245213
        MomentumEQS_Z         16         0.0171266       0.552058      0.249211
        MomentumEQS           48         0.0366283        1.19878      0.268733
        ContinuityEQS         24         0.0898168        1.90149      0.645214
 1/1ShearStressTransportWrap
        TurbKineticEnergyEQS   2            3.3694        466.774      0.102553
        SpecDissRateEQS        2           82126.7    8.24999e+06     0.0776388
3/4    Equation System Iteration
 1/1      myLowMach
        MomentumEQS_X         17         0.0127849       0.440226      0.138214
        MomentumEQS_Y         16         0.0137409       0.290049      0.131741
        MomentumEQS_Z         16         0.0139067       0.296851      0.134005
        MomentumEQS           49         0.0233594       0.605019      0.135628
        ContinuityEQS         25         0.0680873        1.42777      0.484474
 1/1ShearStressTransportWrap
        TurbKineticEnergyEQS   2            1.2231         25.677    0.00564141
        SpecDissRateEQS        1            190726    4.39796e+06     0.0413882
4/4    Equation System Iteration
 1/1      myLowMach
        MomentumEQS_X         17           0.01305       0.276751     0.0868896
        MomentumEQS_Y         17        0.00873281       0.194255     0.0882314
        MomentumEQS_Z         17          0.008579       0.199273     0.0899565
        MomentumEQS           51         0.0178931       0.392474     0.0879818
        ContinuityEQS         22         0.0534997        1.19497      0.405477
 1/1ShearStressTransportWrap
        TurbKineticEnergyEQS   9        0.00389505       0.102544   2.25296e-05
        SpecDissRateEQS        2           22136.2    2.74025e+06     0.0257879
Mass Balance Review:
Density accumulation: 0
Integrated inflow:    -15312500
Integrated open:      15312474.42356789
Total mass closure:   -25.57643211260438
Filter Size 0.018202999854376
Mean System Norm: 548181.9737164686 3 0.0136522
WallClockTime: 3 Pre: 3.26177 NLI: 9.80953 Post: 0.0377729 Total: 13.1091
*******************************************************
Time Step Count: 4 Current Time: 0.018203
 dtN: 0.00455075 dtNm1: 0.00455075 gammas: 1.5 -2 0.5
 DualNodalVolume min: 3.71294e-10 max: 39763.6 total: 2.92973e+09
 Max Courant: 1483.97 Max Reynolds: 7.78893e+06 (realm_1)
   Realm Nonlinear Iteration: 1/1

realm_1::advance_time_step() 
NLI    Name           Linear Iter      Linear Res     NLinear Res    Scaled NLR
---    ----           -----------      ----------     -----------    ----------
1/4    Equation System Iteration
 1/1      myLowMach
        MomentumEQS_X         14         0.0744698         2.3591             1
        MomentumEQS_Y         13         0.0721782        1.63892             1
        MomentumEQS_Z         13          0.068332        1.63824             1
        MomentumEQS           40          0.124196        3.30684             1
        ContinuityEQS         23         0.0483068        1.45619             1
 1/1ShearStressTransportWrap
        TurbKineticEnergyEQS   2           8.13465        2326.37             1
        SpecDissRateEQS        2            166606    5.56894e+07             1
2/4    Equation System Iteration
 1/1      myLowMach
        MomentumEQS_X         17         0.0147408       0.372379      0.157848
        MomentumEQS_Y         18        0.00709911       0.214088      0.130627
        MomentumEQS_Z         18        0.00653846       0.217321      0.132655
        MomentumEQS           53         0.0176193       0.481382      0.145571
        ContinuityEQS         20         0.0525595        1.34032      0.920431
 1/1ShearStressTransportWrap
        TurbKineticEnergyEQS   2           1.98815        205.629     0.0883906
        SpecDissRateEQS        2           50467.5    1.90302e+06     0.0341721
3/4    Equation System Iteration
 1/1      myLowMach
        MomentumEQS_X         17        0.00822183       0.291562      0.123591
        MomentumEQS_Y         17        0.00822117       0.177673      0.108409
        MomentumEQS_Z         17        0.00752992       0.180818      0.110373
        MomentumEQS           51         0.0138523       0.386357      0.116835
        ContinuityEQS         20         0.0555018        1.32423      0.909378
 1/1ShearStressTransportWrap
        TurbKineticEnergyEQS   3           0.16693        7.01186    0.00301408
        SpecDissRateEQS        2           18800.2         502146    0.00901691
4/4    Equation System Iteration
 1/1      myLowMach
        MomentumEQS_X         16         0.0106171        0.23801       0.10089
        MomentumEQS_Y         17        0.00661746       0.159458     0.0972946
        MomentumEQS_Z         17        0.00592037       0.162298     0.0990686
        MomentumEQS           50         0.0138406       0.329266      0.099571
        ContinuityEQS         23         0.0543009        1.33426      0.916271
 1/1ShearStressTransportWrap
        TurbKineticEnergyEQS  11       0.000812294      0.0176651   7.59342e-06
        SpecDissRateEQS        2           10441.4         272001    0.00488424
Mass Balance Review:
Density accumulation: 0
Integrated inflow:    -15312500
Integrated open:      15312472.17193504
Total mass closure:   -27.82806495949626
Filter Size 0.02275374981797
Mean System Norm: 54531.97425046385 4 0.018203
WallClockTime: 4 Pre: 3.38083 NLI: 9.54224 Post: 0.0528569 Total: 12.9759
*******************************************************
Time Step Count: 5 Current Time: 0.0227537
 dtN: 0.00455075 dtNm1: 0.00455075 gammas: 1.5 -2 0.5
 DualNodalVolume min: 3.71294e-10 max: 39763.6 total: 2.92973e+09
 Max Courant: 1409.57 Max Reynolds: 7.95862e+06 (realm_1)
   Realm Nonlinear Iteration: 1/1

realm_1::advance_time_step() 
NLI    Name           Linear Iter      Linear Res     NLinear Res    Scaled NLR
---    ----           -----------      ----------     -----------    ----------
1/4    Equation System Iteration
 1/1      myLowMach
        MomentumEQS_X         14         0.0600874        1.77162             1
        MomentumEQS_Y         14         0.0500342        1.23575             1
        MomentumEQS_Z         14         0.0438155         1.2282             1
        MomentumEQS           42          0.089631        2.48479             1
        ContinuityEQS         20         0.0616941        1.62716             1
 1/1ShearStressTransportWrap
        TurbKineticEnergyEQS   2           4.83219        1303.96             1
        SpecDissRateEQS        2            106910    3.20967e+07             1
2/4    Equation System Iteration
 1/1      myLowMach
        MomentumEQS_X         17        0.00831254         0.3167      0.178764
        MomentumEQS_Y         17        0.00854945       0.206089      0.166773
        MomentumEQS_Z         17        0.00769321       0.204972      0.166888
        MomentumEQS           51         0.0141907       0.429867      0.172999
        ContinuityEQS         17         0.0598533        1.60393       0.98572
 1/1ShearStressTransportWrap
        TurbKineticEnergyEQS   2           1.26901        101.202     0.0776112
        SpecDissRateEQS        3           6371.74         641650     0.0199911
3/4    Equation System Iteration
 1/1      myLowMach
        MomentumEQS_X         16         0.0110493        0.27713      0.156428
        MomentumEQS_Y         17        0.00699651       0.181897      0.147196
        MomentumEQS_Z         17        0.00625021       0.181822      0.148039
        MomentumEQS           50          0.014495       0.378083      0.152159
        ContinuityEQS         17         0.0682399        1.63209       1.00303
 1/1ShearStressTransportWrap
        TurbKineticEnergyEQS   4         0.0529632        2.24335    0.00172041
        SpecDissRateEQS        4            777.17        39101.4    0.00121824
4/4    Equation System Iteration
 1/1      myLowMach
        MomentumEQS_X         16        0.00725528       0.244389      0.137947
        MomentumEQS_Y         17        0.00503463       0.166469      0.134711
        MomentumEQS_Z         17        0.00459896       0.166383      0.135469
        MomentumEQS           50        0.00995676       0.339295      0.136549
        ContinuityEQS         17         0.0751984        1.65835       1.01917
 1/1ShearStressTransportWrap
        TurbKineticEnergyEQS  13       0.000188599     0.00452052   3.46675e-06
        SpecDissRateEQS        4           544.627        20123.5   0.000626965
Mass Balance Review:
Density accumulation: 0
Integrated inflow:    -15312500
Integrated open:      15312473.69613922
Total mass closure:   -26.30386077985168
Filter Size 0.027304499781564
Mean System Norm: 4156.632479107755 5 0.0227537
WallClockTime: 5 Pre: 3.35801 NLI: 9.23512 Post: 0.0368659 Total: 12.63
*******************************************************
Time Step Count: 6 Current Time: 0.0273045
 dtN: 0.00455075 dtNm1: 0.00455075 gammas: 1.5 -2 0.5
 DualNodalVolume min: 3.71294e-10 max: 39763.6 total: 2.92973e+09
 Max Courant: 1356.33 Max Reynolds: 8.09148e+06 (realm_1)
   Realm Nonlinear Iteration: 1/1

realm_1::advance_time_step() 
NLI    Name           Linear Iter      Linear Res     NLinear Res    Scaled NLR
---    ----           -----------      ----------     -----------    ----------
1/4    Equation System Iteration
 1/1      myLowMach
        MomentumEQS_X         14         0.0488694        1.23602             1
        MomentumEQS_Y         15          0.026728       0.823857             1
        MomentumEQS_Z         15         0.0232405       0.817623             1
        MomentumEQS           44          0.060355        1.69558             1
        ContinuityEQS         19         0.0735522        1.68406             1
 1/1ShearStressTransportWrap
        TurbKineticEnergyEQS   2           3.12803        806.869             1
        SpecDissRateEQS        2             72988    2.03748e+07             1
2/4    Equation System Iteration
 1/1      myLowMach
        MomentumEQS_X         16        0.00995092       0.237897       0.19247
        MomentumEQS_Y         17        0.00655815       0.166553      0.202163
        MomentumEQS_Z         17         0.0057021       0.164243      0.200879
        MomentumEQS           50         0.0132115       0.333632      0.196766
        ContinuityEQS         17         0.0744112        1.63289       0.96962
 1/1ShearStressTransportWrap
        TurbKineticEnergyEQS   2          0.972975        55.9641     0.0693596
        SpecDissRateEQS        3           4805.11         283359     0.0139073
3/4    Equation System Iteration
 1/1      myLowMach
        MomentumEQS_X         16        0.00663466       0.221208      0.178968
        MomentumEQS_Y         17        0.00433328       0.152838      0.185515
        MomentumEQS_Z         16        0.00660802       0.151274      0.185016
        MomentumEQS           49          0.010318       0.308506      0.181947
        ContinuityEQS         19         0.0738583        1.63588      0.971392
 1/1ShearStressTransportWrap
        TurbKineticEnergyEQS   5         0.0227475       0.868374    0.00107623
        SpecDissRateEQS        7           66.7128        2824.49   0.000138627
4/4    Equation System Iteration
 1/1      myLowMach
        MomentumEQS_X         15         0.0076984       0.202035      0.163456
        MomentumEQS_Y         16        0.00474822       0.140878      0.170999
        MomentumEQS_Z         16        0.00393966       0.139406      0.170502
        MomentumEQS           47        0.00986569       0.283017      0.166915
        ContinuityEQS         16         0.0757077        1.64416      0.976307
 1/1ShearStressTransportWrap
        TurbKineticEnergyEQS  14       6.69622e-05     0.00185726   2.30181e-06
        SpecDissRateEQS        7           53.9349        1514.66   7.43401e-05
Mass Balance Review:
Density accumulation: 0
Integrated inflow:    -15312500
Integrated open:      15312477.47682367
Total mass closure:   -22.52317632548511
Filter Size 0.031855249745158
Mean System Norm: 434.8446654044945 6 0.0273045
WallClockTime: 6 Pre: 3.68936 NLI: 9.16817 Post: 0.0376852 Total: 12.8952
*******************************************************
Time Step Count: 7 Current Time: 0.0318552
 dtN: 0.00455075 dtNm1: 0.00455075 gammas: 1.5 -2 0.5
 DualNodalVolume min: 3.71294e-10 max: 39763.6 total: 2.92973e+09
 Max Courant: 1270.14 Max Reynolds: 8.19315e+06 (realm_1)
   Realm Nonlinear Iteration: 1/1

realm_1::advance_time_step() 
NLI    Name           Linear Iter      Linear Res     NLinear Res    Scaled NLR
---    ----           -----------      ----------     -----------    ----------
1/4    Equation System Iteration
 1/1      myLowMach
        MomentumEQS_X         14         0.0290711       0.869841             1
        MomentumEQS_Y         15         0.0179298       0.506215             1
        MomentumEQS_Z         15         0.0139623       0.504714             1
        MomentumEQS           44         0.0368992        1.12588             1
        ContinuityEQS         18         0.0521735        1.46527             1
 1/1ShearStressTransportWrap
        TurbKineticEnergyEQS   2           2.26625         545.83             1
        SpecDissRateEQS        2           52853.7     1.4081e+07             1
2/4    Equation System Iteration
 1/1      myLowMach
        MomentumEQS_X         16        0.00496361       0.177634      0.204214
        MomentumEQS_Y         16        0.00581975       0.125799      0.248509
        MomentumEQS_Z         16        0.00487495       0.123109      0.243919
        MomentumEQS           48         0.0090704        0.25007       0.22211
        ContinuityEQS         16         0.0504823        1.34237      0.916121
 1/1ShearStressTransportWrap
        TurbKineticEnergyEQS   2           0.97956        34.2769     0.0627978
        SpecDissRateEQS        3           3604.72         146031     0.0103708
3/4    Equation System Iteration
 1/1      myLowMach
        MomentumEQS_X         15        0.00593063       0.160738       0.18479
        MomentumEQS_Y         16        0.00323011       0.113193      0.223607
        MomentumEQS_Z         16        0.00321477       0.110958      0.219844
        MomentumEQS           47        0.00747935       0.225746      0.200506
        ContinuityEQS         17         0.0483995         1.2813      0.874443
 1/1ShearStressTransportWrap
        TurbKineticEnergyEQS   6         0.0118758       0.400564   0.000733863
        SpecDissRateEQS       10           9.15367        283.313   2.01202e-05
4/4    Equation System Iteration
 1/1      myLowMach
        MomentumEQS_X         15        0.00401109       0.143298      0.164741
        MomentumEQS_Y         15        0.00389921       0.101146      0.199809
        MomentumEQS_Z         15         0.0043179      0.0991467      0.196441
        MomentumEQS           45         0.0070666       0.201482      0.178955
        ContinuityEQS         17          0.041368        1.24643      0.850645
 1/1ShearStressTransportWrap
        TurbKineticEnergyEQS  14       5.51192e-05     0.00157146   2.87903e-06
        SpecDissRateEQS       11           3.94566        145.413   1.03269e-05
Mass Balance Review:
Density accumulation: 0
Integrated inflow:    -15312500
Integrated open:      15312482.66153414
Total mass closure:   -17.33846585825086
Filter Size 0.036405999708752
Mean System Norm: 160.898940040475 7 0.0318552
WallClockTime: 7 Pre: 3.96087 NLI: 9.17764 Post: 0.0367742 Total: 13.1753
*******************************************************
Time Step Count: 8 Current Time: 0.036406
 dtN: 0.00455075 dtNm1: 0.00455075 gammas: 1.5 -2 0.5
 DualNodalVolume min: 3.71294e-10 max: 39763.6 total: 2.92973e+09
 Max Courant: 1198.3 Max Reynolds: 8.27285e+06 (realm_1)
   Realm Nonlinear Iteration: 1/1

realm_1::advance_time_step() 
NLI    Name           Linear Iter      Linear Res     NLinear Res    Scaled NLR
---    ----           -----------      ----------     -----------    ----------
1/4    Equation System Iteration
 1/1      myLowMach
        MomentumEQS_X         13         0.0267843       0.734248             1
        MomentumEQS_Y         14         0.0156479       0.346499             1
        MomentumEQS_Z         14         0.0153208        0.34804             1
        MomentumEQS           41         0.0345974       0.883353             1
        ContinuityEQS         18         0.0459394        1.02385             1
 1/1ShearStressTransportWrap
        TurbKineticEnergyEQS   2           1.88622        396.426             1
        SpecDissRateEQS        2           40211.3    1.04028e+07             1
2/4    Equation System Iteration
 1/1      myLowMach
        MomentumEQS_X         15        0.00513239        0.12256      0.166919
        MomentumEQS_Y         16        0.00305908      0.0869668      0.250987
        MomentumEQS_Z         16        0.00339867       0.084935      0.244038
        MomentumEQS           47        0.00687389       0.172621      0.195416
        ContinuityEQS         19         0.0375427       0.902657      0.881627
 1/1ShearStressTransportWrap
        TurbKineticEnergyEQS   3          0.173637        22.7462     0.0573782
        SpecDissRateEQS        3           2692.97        84938.3    0.00816493
3/4    Equation System Iteration
 1/1      myLowMach
        MomentumEQS_X         15         0.0036695      0.0953714       0.12989
        MomentumEQS_Y         16         0.0021433      0.0695197      0.200635
        MomentumEQS_Z         16        0.00238244      0.0675203      0.194001
        MomentumEQS           47        0.00487186       0.135969      0.153924
        ContinuityEQS         18         0.0295737       0.828132      0.808838
 1/1ShearStressTransportWrap
        TurbKineticEnergyEQS   6         0.0100323        0.21247   0.000535965
        SpecDissRateEQS       11           4.42569        95.3198   9.16288e-06
4/4    Equation System Iteration
 1/1      myLowMach
        MomentumEQS_X         15        0.00277804       0.078526      0.106948
        MomentumEQS_Y         16        0.00164295      0.0567896      0.163896
        MomentumEQS_Z         16        0.00176932      0.0550537      0.158182
        MomentumEQS           47        0.00368067       0.111455      0.126173
        ContinuityEQS         19         0.0340855       0.780502      0.762318
 1/1ShearStressTransportWrap
        TurbKineticEnergyEQS  14       4.58342e-05     0.00174441   4.40034e-06
        SpecDissRateEQS       12           2.24119        47.9512   4.60944e-06
Mass Balance Review:
Density accumulation: 0
Integrated inflow:    -15312500
Integrated open:      15312488.46176332
Total mass closure:   -11.53823667950928
Filter Size 0.04095674967234601
Mean System Norm: 141.2953476990933 8 0.036406
WallClockTime: 8 Pre: 4.17101 NLI: 9.37321 Post: 0.05428 Total: 13.5985
*******************************************************
Time Step Count: 9 Current Time: 0.0409567
 dtN: 0.00455075 dtNm1: 0.00455075 gammas: 1.5 -2 0.5
 DualNodalVolume min: 3.71294e-10 max: 39763.6 total: 2.92973e+09
 Max Courant: 1130.67 Max Reynolds: 8.33807e+06 (realm_1)
   Realm Nonlinear Iteration: 1/1

realm_1::advance_time_step() 
NLI    Name           Linear Iter      Linear Res     NLinear Res    Scaled NLR
---    ----           -----------      ----------     -----------    ----------
1/4    Equation System Iteration
 1/1      myLowMach
        MomentumEQS_X         12         0.0328048       0.720951             1
        MomentumEQS_Y         14        0.00979139       0.319202             1
        MomentumEQS_Z         14         0.0112508       0.319144             1
        MomentumEQS           40         0.0360362       0.850596             1
        ContinuityEQS         20         0.0248608       0.586623             1
 1/1ShearStressTransportWrap
        TurbKineticEnergyEQS   2            1.7902        303.434             1
        SpecDissRateEQS        2           31822.7    8.07114e+06             1
2/4    Equation System Iteration
 1/1      myLowMach
        MomentumEQS_X         15        0.00387457      0.0963324      0.133618
        MomentumEQS_Y         16        0.00207103       0.068403      0.214294
        MomentumEQS_Z         16        0.00223847      0.0668844      0.209574
        MomentumEQS           47        0.00493074       0.135766      0.159613
        ContinuityEQS         19         0.0209646       0.468108      0.797971
 1/1ShearStressTransportWrap
        TurbKineticEnergyEQS   3          0.162456        16.0184     0.0527903
        SpecDissRateEQS        3           2062.09        54077.4     0.0067001
3/4    Equation System Iteration
 1/1      myLowMach
        MomentumEQS_X         16        0.00161642      0.0502046     0.0696366
        MomentumEQS_Y         16        0.00147529      0.0392746       0.12304
        MomentumEQS_Z         16        0.00156546      0.0377296      0.118221
        MomentumEQS           48        0.00269072       0.074071     0.0870813
        ContinuityEQS         20         0.0121656        0.38181      0.650861
 1/1ShearStressTransportWrap
        TurbKineticEnergyEQS   7        0.00372833       0.124997   0.000411941
        SpecDissRateEQS       12           2.12488        59.8125   7.41067e-06
4/4    Equation System Iteration
 1/1      myLowMach
        MomentumEQS_X         16        0.00128338      0.0305153     0.0423264
        MomentumEQS_Y         16        0.00111626      0.0242997     0.0761266
        MomentumEQS_Z         17       0.000668656      0.0231048     0.0723963
        MomentumEQS           49        0.00182762      0.0453376     0.0533009
        ContinuityEQS         20         0.0116753       0.322847      0.550349
 1/1ShearStressTransportWrap
        TurbKineticEnergyEQS  13       7.27049e-05     0.00186265   6.13857e-06
        SpecDissRateEQS       13          0.953355        31.0344    3.8451e-06
Mass Balance Review:
Density accumulation: 0
Integrated inflow:    -15312500
Integrated open:      15312494.43072159
Total mass closure:   -5.569278409704566
Filter Size 0.04550749963594001
Mean System Norm: 137.8072426296446 9 0.0409567
WallClockTime: 9 Pre: 4.45746 NLI: 9.47404 Post: 0.037478 Total: 13.969
*******************************************************
Time Step Count: 10 Current Time: 0.0455075
 dtN: 0.00455075 dtNm1: 0.00455075 gammas: 1.5 -2 0.5
 DualNodalVolume min: 3.71294e-10 max: 39763.6 total: 2.92973e+09
 Max Courant: 1068.62 Max Reynolds: 8.3937e+06 (realm_1)
   Realm Nonlinear Iteration: 1/1

realm_1::advance_time_step() 
NLI    Name           Linear Iter      Linear Res     NLinear Res    Scaled NLR
---    ----           -----------      ----------     -----------    ----------
1/4    Equation System Iteration
 1/1      myLowMach
        MomentumEQS_X         12         0.0261935       0.735578             1
        MomentumEQS_Y         13         0.0114333       0.328443             1
        MomentumEQS_Z         13         0.0131338       0.326212             1
        MomentumEQS           38         0.0314534       0.869117             1
        ContinuityEQS         21        0.00979072       0.279156             1
 1/1ShearStressTransportWrap
        TurbKineticEnergyEQS   2           1.83428        241.194             1
        SpecDissRateEQS        2           26012.1    6.48658e+06             1
2/4    Equation System Iteration
 1/1      myLowMach
        MomentumEQS_X         15        0.00298425       0.102241      0.138993
        MomentumEQS_Y         15        0.00238533      0.0733442      0.223309
        MomentumEQS_Z         15        0.00260223       0.071471      0.219094
        MomentumEQS           45        0.00462246       0.144709      0.166501
        ContinuityEQS         19        0.00931597       0.240796      0.862588
 1/1ShearStressTransportWrap
        TurbKineticEnergyEQS   3          0.154602        11.7824     0.0488501
        SpecDissRateEQS        3           1664.55        36769.2    0.00566851
3/4    Equation System Iteration
 1/1      myLowMach
        MomentumEQS_X         15        0.00218363      0.0529654     0.0720051
        MomentumEQS_Y         15        0.00176187      0.0407965      0.124212
        MomentumEQS_Z         15          0.001876       0.039707      0.121722
        MomentumEQS           45        0.00337517      0.0777582     0.0894681
        ContinuityEQS         19        0.00694643       0.237425      0.850512
 1/1ShearStressTransportWrap
        TurbKineticEnergyEQS   7        0.00323584      0.0793043   0.000328799
        SpecDissRateEQS       12           1.32815        41.5846   6.41087e-06
4/4    Equation System Iteration
 1/1      myLowMach
        MomentumEQS_X         15        0.00166736      0.0413662     0.0562363
        MomentumEQS_Y         15         0.0013975       0.031086     0.0946465
        MomentumEQS_Z         15        0.00144152      0.0307057     0.0941282
        MomentumEQS           45         0.0026098      0.0601693     0.0692304
        ContinuityEQS         20        0.00923048       0.249395      0.893389
 1/1ShearStressTransportWrap
        TurbKineticEnergyEQS  13         7.317e-05     0.00188958   7.83428e-06
        SpecDissRateEQS       12           1.04931        23.1225   3.56467e-06
Mass Balance Review:
Density accumulation: 0
Integrated inflow:    -15312500
Integrated open:      15312500.33005106
Total mass closure:   0.3300510570406914
Filter Size 0.05005824959953401
Mean System Norm: 136.2131544330114 10 0.0455075
WallClockTime: 10 Pre: 4.61522 NLI: 9.13917 Post: 0.0366001 Total: 13.791
*******************************************************
Simulation Shall Complete: time/timestep: 0.0455075/10
*******************************************************

-------------------------------- 
Begin Timer Overview for Realm: realm_1
-------------------------------- 
Timing for Eq: myNDTW
             init --   	avg: 0.326579 	min: 0.299197 	max: 0.357477
         assemble --   	avg: 0.0653751 	min: 0.027221 	max: 0.102538
    load_complete --   	avg: 0.407142 	min: 0.203403 	max: 0.627052
            solve --   	avg: 0.926526 	min: 0.9213 	max: 0.929829
    precond setup --   	avg: 1.12647 	min: 1.12643 	max: 1.12668
             misc --   	avg: 0 	min: 0 	max: 0
linear iterations --  	avg: 23 	min: 23 	max: 23
Timing for Eq: myLowMach
             init --   	avg: 3.53456e-06 	min: 0 	max: 8.58307e-06
         assemble --   	avg: 0 	min: 0 	max: 0
    load_complete --   	avg: 0 	min: 0 	max: 0
            solve --   	avg: 0 	min: 0 	max: 0
    precond setup --   	avg: 0 	min: 0 	max: 0
             misc --   	avg: 0 	min: 0 	max: 0
Timing for Eq: MomentumEQS
             init --   	avg: 0.35455 	min: 0.350727 	max: 0.357578
         assemble --   	avg: 1.37552 	min: 0.927818 	max: 1.71016
    load_complete --   	avg: 7.75172 	min: 6.70396 	max: 9.79009
            solve --   	avg: 7.80436 	min: 7.63515 	max: 7.90391
    precond setup --   	avg: 5.64257e-06 	min: 0 	max: 1.38283e-05
             misc --   	avg: 3.09531 	min: 2.46721 	max: 3.32887
linear iterations --  	avg: 47.325 	min: 38 	max: 59
Timing for Eq: ContinuityEQS
             init --   	avg: 0.337352 	min: 0.332851 	max: 0.341143
         assemble --   	avg: 2.34343 	min: 1.77015 	max: 2.49441
    load_complete --   	avg: 5.00927 	min: 4.65977 	max: 5.64622
            solve --   	avg: 17.6186 	min: 17.5067 	max: 17.685
    precond setup --   	avg: 26.3312 	min: 26.3293 	max: 26.3346
             misc --   	avg: 3.82034 	min: 3.15797 	max: 4.11341
linear iterations --  	avg: 20.4 	min: 16 	max: 29
Timing for Eq: mySST
             init --   	avg: 2.47955e-06 	min: 0 	max: 7.15256e-06
         assemble --   	avg: 0 	min: 0 	max: 0
    load_complete --   	avg: 0 	min: 0 	max: 0
            solve --   	avg: 0 	min: 0 	max: 0
    precond setup --   	avg: 0 	min: 0 	max: 0
             misc --   	avg: 0 	min: 0 	max: 0
Timing for Eq: TurbKineticEnergyEQS
             init --   	avg: 0.35142 	min: 0.347019 	max: 0.361337
         assemble --   	avg: 0.485167 	min: 0.376479 	max: 0.620076
    load_complete --   	avg: 4.94593 	min: 4.73917 	max: 5.16337
            solve --   	avg: 1.38991 	min: 1.2961 	max: 1.44606
    precond setup --   	avg: 0.311686 	min: 0.30636 	max: 0.319327
             misc --   	avg: 1.7102 	min: 1.0277 	max: 1.94033
linear iterations --  	avg: 4.925 	min: 2 	max: 14
Timing for Eq: SpecDissRateEQS
             init --   	avg: 0.353626 	min: 0.349709 	max: 0.361306
         assemble --   	avg: 0.542228 	min: 0.418707 	max: 0.70332
    load_complete --   	avg: 4.65001 	min: 4.45869 	max: 4.83451
            solve --   	avg: 1.37992 	min: 1.29086 	max: 1.4312
    precond setup --   	avg: 0.310189 	min: 0.304831 	max: 0.318039
             misc --   	avg: 1.75845 	min: 1.51371 	max: 1.80938
linear iterations --  	avg: 4.4 	min: 1 	max: 13
Timing for IO: 
   io create mesh --   	avg: 0.00130609 	min: 0.000923872 	max: 0.00161004
 io output fields --   	avg: 0.834046 	min: 0.771997 	max: 0.96085
 io populate mesh --   	avg: 19.0341 	min: 19.0278 	max: 19.0342
 io populate fd   --   	avg: 2.79452 	min: 2.78894 	max: 2.79479
Timing for property evaluation:         
            props --   	avg: 0.743161 	min: 0.371147 	max: 1.15409
Timing for Edge: 
    edge creation --   	avg: 14.3687 	min: 14.3685 	max: 14.3743
Timing for Overset:
     connectivity --  	avg: 0.113426 	min: 0.113419 	max: 0.113435
     field update --  	avg: 3.71781 	min: 0.585858 	max: 7.09616
Timing for skin_mesh :    
        skin_mesh --   	avg: 0 	min: 0 	max: 0

Timing for Simulation: nprocs= 120
           main() --   	avg: 190.183 	min: 190.007 	max: 190.297
Memory Overview: 
nalu memory: total (over all cores) current/high-water mark=       330.324 G      330.807 G
nalu memory:   min (over all cores) current/high-water mark=       2.20038 G      2.20068 G
nalu memory:   max (over all cores) current/high-water mark=       3.36774 G      3.37244 G
Min High-water memory usage 2253.5 MB
Avg High-water memory usage 2822.9 MB
Max High-water memory usage 3453.4 MB

Min Available memory per processor 3518.9 MB
Avg Available memory per processor 3518.9 MB
Max Available memory per processor 3518.9 MB

Min No-output time 189.1437 sec
Avg No-output time 189.3492 sec
Max No-output time 189.5099 sec

STKPERF: Total Time: 190.149

STKPERF: Current memory: 2436497408 (2.269 G)
STKPERF: Memory high water: 2438529024 (2.271 G)
                                                     CPU Time              CPU Time              CPU Time              Wall Time             Wall Time             Wall Time
                 Timer                   Count   Sum (% of System)     Min (% of System)     Max (% of System)     Sum (% of System)     Min (% of System)     Max (% of System)
---------------------------------------- ----- --------------------- --------------------- --------------------- --------------------- --------------------- ---------------------
Nalu                                       120  6:02:38.849 (100.0%)     2:57.011 (0.814%)     3:04.758 (0.849%)  6:20:22.512 (100.0%)     3:10.012 (0.833%)     3:10.302 (0.834%)
  CreateEdges                              120    28:44.964 (7.928%)       14.373 (0.066%)       14.381 (0.066%)    28:44.248 (7.555%)       14.368 (0.063%)       14.374 (0.063%)
  Output                                  2640     1:27.957 (0.404%)        0.624 (<0.01%)        0.786 (<0.01%)     1:40.089 (0.439%)        0.772 (<0.01%)        0.961 (<0.01%)

Took 0.0007 seconds to generate the table above.
=====================================================================================

                       TimeMonitor results over 120 processors

Timer Name    MinOverProcs    MeanOverProcs    MaxOverProcs    MeanOverCallCounts    
=====================================================================================
