===============================================================================
                                  Nalu-Wind                                    
       An incompressible, turbulent computational fluid dynamics solver        
                  for wind turbine and wind farm simulations                   
===============================================================================

   Nalu-Wind Version: v1.2.0
   Nalu-Wind GIT Commit SHA: 7765b5b5b22a540c707ec7b240be542005995f59-DIRTY
   Trilinos Version: 13.1-g19b4e9b64a0

   TPLs: Boost, HDF5, netCDF, STK, Trilinos, yaml-cpp and zlib   
   Optional TPLs enabled: Hypre, TIOGA
   Copyright 2017 National Technology & Engineering Solutions of Sandia, LLC   
   (NTESS), National Renewable Energy Laboratory, University of Texas Austin,  
    Northwest Research Associates. Under the terms of Contract DE-NA0003525    
    with NTESS, the U.S. Government retains certain rights in this software.   
                                                                               
           This software is released under the BSD 3-clause license.           
   See LICENSE file at https://github.com/exawind/nalu-wind for more details.  
-------------------------------------------------------------------------------

macro  KOKKOS_ENABLE_CUDA      : defined
macro  CUDA_VERSION          = 9020 = version 9.2
Kokkos::Cuda[ 0 ] Tesla V100-SXM2-16GB capability 7.0, Total Global Memory: 15.75 G, Shared Memory per Block: 48 K : Selected

Realm Options Review: realm_1
===========================
Edge-based scheme will be activated
Warning: When using automatic_decomposition_type, one must have a serial file
Nalu will deactivate aura ghosting

Turbulence Model Review:   
===========================
Turbulence Model is: sst 1

PPE review:   
===========================
Realm::create_mesh(): Begin
Realm::create_mesh() End

Boundary Condition Review: 
===========================
Wall BC name:        bc_wall on blade1
Wall BC name:        bc_wall on blade2
Wall BC name:        bc_wall on blade3
Wall BC name:        bc_wall on hub
Inflow BC name:      bc_inflow on inlet
Open BC name:        bc_open on outlet
Symmetry BC name:    bc_symBottom on sides
Overset BC name: bc_overset

Initial Condition Review:  
===========================
Initial Is Type constant 

Material Prop Review:      
===========================
density is a constant property: 1.225
viscosity is a constant property: 1.8e-05

EqSys/options Review:      
===========================
Edge projected nodal gradient for minimum distance to wall: 1
Edge projected nodal gradient for velocity: 0
Edge projected nodal gradient for pressure: 0
Edge projected nodal gradient for turbulent_ke: 0
Edge projected nodal gradient for specific_dissipation_rate: 0

Realm memory Review:       realm_1
===========================
Node count from meta data = 24224405
Total memory estimate for Matrix solve (per core)= 3.95941 GB.
Total memory estimate (per core) = 3.95941 GB.

Time Integrator Review:  
=========================
StandardTimeIntegrator 
 name=              ti_1
 second order =     1
 maxTimeStepCount = 10
 fixed time step is active   with time step: 0.00455075
StandardTimeIntegrator realm_name[0]= realm_1

Transfer Review:         
=========================
Realm::initialize() Begin 
Created algorithm = Alg0000_elem_HEXAHEDRON_8_geometry
Created algorithm = Alg0000_edge_nodal_grad
Created algorithm = Alg0000_elem_HEXAHEDRON_8_courant_reynolds
Created algorithm = Alg0000_elem_HEXAHEDRON_8_momentum_nodal_grad
Created algorithm = Alg0000_elem_HEXAHEDRON_8_continuity_nodal_grad
Created algorithm = Alg0000_edge_mdot_edge_interior
Created algorithm = Alg0000_elem_HEXAHEDRON_8_tke_nodal_grad
Created algorithm = Alg0000_elem_HEXAHEDRON_8_sdr_nodal_grad
Created algorithm = Alg0000_elem_WEDGE_6_geometry
Created algorithm = Alg0000_elem_WEDGE_6_courant_reynolds
Created algorithm = Alg0000_elem_WEDGE_6_momentum_nodal_grad
Created algorithm = Alg0000_elem_WEDGE_6_continuity_nodal_grad
Created algorithm = Alg0000_elem_WEDGE_6_tke_nodal_grad
Created algorithm = Alg0000_elem_WEDGE_6_sdr_nodal_grad
Created algorithm = Alg0000_elem_TETRAHEDRON_4_geometry
Created algorithm = Alg0000_elem_TETRAHEDRON_4_courant_reynolds
Created algorithm = Alg0000_elem_TETRAHEDRON_4_momentum_nodal_grad
Created algorithm = Alg0000_elem_TETRAHEDRON_4_continuity_nodal_grad
Created algorithm = Alg0000_elem_TETRAHEDRON_4_tke_nodal_grad
Created algorithm = Alg0000_elem_TETRAHEDRON_4_sdr_nodal_grad
Created algorithm = Alg0000_elem_PYRAMID_5_geometry
Created algorithm = Alg0000_elem_PYRAMID_5_courant_reynolds
Created algorithm = Alg0000_elem_PYRAMID_5_momentum_nodal_grad
Created algorithm = Alg0000_elem_PYRAMID_5_continuity_nodal_grad
Created algorithm = Alg0000_elem_PYRAMID_5_tke_nodal_grad
Created algorithm = Alg0000_elem_PYRAMID_5_sdr_nodal_grad
Created algorithm = Alg0001_face_QUADRILATERAL_4_geometry
Created algorithm = Alg0003_face_QUADRILATERAL_4_nodal_grad
MomentumEquationSystem::register_wall_bc(): Mesh motion active! Velocity definition under wall_user_data will be ignored
Created algorithm = Alg0003_face_QUADRILATERAL_4_momentum_nodal_grad
Created algorithm = Alg0003_face_QUADRILATERAL_4_continuity_nodal_grad
Created algorithm = Alg0003_face_QUADRILATERAL_4_HEXAHEDRON_8_sst_geometry_wall
Created algorithm = Alg0003_face_QUADRILATERAL_4_tke_nodal_grad
Created algorithm = Alg0003_face_QUADRILATERAL_4_HEXAHEDRON_8_sdr_wall_func
Created algorithm = Alg0003_face_QUADRILATERAL_4_sdr_nodal_grad
MomentumEquationSystem::register_wall_bc(): Mesh motion active! Velocity definition under wall_user_data will be ignored
MomentumEquationSystem::register_wall_bc(): Mesh motion active! Velocity definition under wall_user_data will be ignored
MomentumEquationSystem::register_wall_bc(): Mesh motion active! Velocity definition under wall_user_data will be ignored
Created algorithm = Alg0001_face_TRIANGLE_3_geometry
Created algorithm = Alg0003_face_TRIANGLE_3_nodal_grad
MomentumEquationSystem::register_wall_bc(): Mesh motion active! Velocity definition under wall_user_data will be ignored
Created algorithm = Alg0003_face_TRIANGLE_3_momentum_nodal_grad
Created algorithm = Alg0003_face_TRIANGLE_3_continuity_nodal_grad
Created algorithm = Alg0003_face_TRIANGLE_3_WEDGE_6_sst_geometry_wall
Created algorithm = Alg0003_face_TRIANGLE_3_tke_nodal_grad
Created algorithm = Alg0003_face_TRIANGLE_3_WEDGE_6_sdr_wall_func
Created algorithm = Alg0003_face_TRIANGLE_3_sdr_nodal_grad
Created algorithm = Alg0002_face_QUADRILATERAL_4_nodal_grad
Created algorithm = Alg0002_face_QUADRILATERAL_4_momentum_nodal_grad
Created algorithm = Alg0002_face_QUADRILATERAL_4_continuity_nodal_grad
Created algorithm = Alg0002_face_QUADRILATERAL_4_mdot_inflow
Created the following bc face alg: ContinuityEQS_inflow_AssembleElemSolverAlg_QUADRILATERAL_4
Created algorithm = Alg0002_face_QUADRILATERAL_4_tke_nodal_grad
Created algorithm = Alg0002_face_QUADRILATERAL_4_sdr_nodal_grad
Created algorithm = Alg0005_face_QUADRILATERAL_4_nodal_grad
Created algorithm = Alg0005_face_QUADRILATERAL_4_momentum_nodal_grad
Created the following bc face/elem alg: MomentumEQS_open_AssembleFaceElemSolverAlg_QUADRILATERAL_4_PYRAMID_5
Created algorithm = Alg0005_face_QUADRILATERAL_4_PYRAMID_5_continuity_nodal_grad
Created algorithm = Alg0005_face_QUADRILATERAL_4_PYRAMID_5_mdot_open_edge
Created the following bc face/elem alg: ContinuityEQS_open_edge_AssembleFaceElemSolverAlg_QUADRILATERAL_4_PYRAMID_5
Created algorithm = Alg0005_face_QUADRILATERAL_4_tke_nodal_grad
Created the following bc face alg: TurbKineticEnergyEQS_open_AssembleElemSolverAlg_QUADRILATERAL_4
Created algorithm = Alg0005_face_QUADRILATERAL_4_sdr_nodal_grad
Created the following bc face alg: SpecDissRateEQS_open_AssembleElemSolverAlg_QUADRILATERAL_4
Created algorithm = Alg0008_face_QUADRILATERAL_4_nodal_grad
Created algorithm = Alg0008_face_QUADRILATERAL_4_momentum_nodal_grad
Created the following bc face/elem alg: MomentumEQS_symm_edge_AssembleFaceElemSolverAlg_QUADRILATERAL_4_PYRAMID_5
Created algorithm = Alg0008_face_QUADRILATERAL_4_continuity_nodal_grad
Created algorithm = Alg0008_face_QUADRILATERAL_4_tke_nodal_grad
Created algorithm = Alg0008_face_QUADRILATERAL_4_sdr_nodal_grad
TIOGA: Using coordinates field: current_coordinates
Realm::setup_overset_bc:: Selecting TIOGA TPL for overset connectivity
the post processing type is surface
the post processing file name: forces04.dat
the post processing physics name: surface_force_and_moment
Target name(s): blade1
Target name(s): blade2
Target name(s): blade3
Target name(s): hub
Parameters used are: 0
Parameters used are: 0

Averaging Review: one
===========================
Primitive/Reynolds name: density/density_ra_one size 1
Primitive/Reynolds name: velocity/velocity_ra_one size 3
Vorticity will be computed; add vorticity to output
Q criterion will be computed; add q_criterion to output
===========================
Realm::ioBroker_->populate_mesh() Begin
Realm::ioBroker_->populate_mesh() End
Realm::create_edges(): Nalu Realm: realm_1 requires edge creation: Begin
Realm::create_edges(): Nalu Realm: realm_1 requires edge creation: End
Realm::ioBroker_->populate_field_data() Begin
Realm::ioBroker_->populate_field_data() End
Realm::create_output_mesh(): Begin
Realm::create_output_mesh() End
 DualNodalVolume min: 3.71294e-10 max: 39763.6 total: 2.92973e+09
TIOGA: Initializing overset mesh blocks: 
TIOGA: mesh block = NearBody; ID min = 1; ID max = 7582969
	Bounding box: 
		[-13.2906, -61.2646, -38.4074]
		[10.7493, 61.2644, 69.4992]

TIOGA: mesh block = FarField; ID min = 252; ID max = 23022027
	Bounding box: 
		[-625, -625, -625]
		[1250, 625, 625]

TIOGA: Initialized 2 overset blocks
EquationSystems::initialize(): Begin 
EquationSystems::initialize(): End 
EquationSystems: overset solution strategy
 - ndtw: decoupled
 - momentum: decoupled
 - continuity: decoupled
 - turbulent_ke: decoupled
 - specific_dissipation_rate: decoupled

Realm memory Review:       realm_1
===========================
Total memory estimate for Matrix solve (per core)= 3.95941 GB.
Total memory estimate for Fields (per core)= 0.500449 GB.
Total memory estimate (per core) = 4.45986 GB.
Realm::initialize() End 

*******************************************************
Simulation Shall Commence: number of processors = 48
*******************************************************
Filter Size 0.00455075
 1/1         myNDTW
        WallDistEQS           24           22.5083        657.632             1
        WallDistEQS           24           20.2827        657.632             1
Realm shall provide output files at : currentTime/timeStepCount: 0/0 (realm_1)
*******************************************************
Time Step Count: 1 Current Time: 0.00455075
 dtN: 0.00455075 dtNm1: 0.00455075 gammas: 1 -1 0
 DualNodalVolume min: 3.71294e-10 max: 39763.6 total: 2.92973e+09
 Max Courant: 19965.7 Max Reynolds: 7.22639e+06 (realm_1)
   Realm Nonlinear Iteration: 1/1

realm_1::advance_time_step() 
NLI    Name           Linear Iter      Linear Res     NLinear Res    Scaled NLR
---    ----           -----------      ----------     -----------    ----------
1/4    Equation System Iteration
 1/1      myLowMach
        MomentumEQS_X         14        0.00383341       0.104921             1
        MomentumEQS_Y         14        0.00529518       0.115997             1
        MomentumEQS_Z         14        0.00502839       0.115448             1
        MomentumEQS           42        0.00824734       0.194402             1
        ContinuityEQS         24         0.0949738        2.08113             1
 1/1ShearStressTransportWrap
        TurbKineticEnergyEQS   2            47.539        15613.8             1
        SpecDissRateEQS        5       4.77911e+06    3.42271e+08             1
2/4    Equation System Iteration
 1/1      myLowMach
        MomentumEQS_X         18         0.0665773        1.49678       14.2658
        MomentumEQS_Y         19         0.0342678       0.827222       7.13143
        MomentumEQS_Z         19         0.0347612        0.86566       7.49824
        MomentumEQS           56          0.082554        1.91677       9.85986
        ContinuityEQS         24          0.560036        17.7496       8.52884
 1/1ShearStressTransportWrap
        TurbKineticEnergyEQS   2           10.5025        2542.81      0.162857
        SpecDissRateEQS        2            591169    3.72481e+07      0.108826
3/4    Equation System Iteration
 1/1      myLowMach
        MomentumEQS_X         19         0.0506207        1.50787       14.3714
        MomentumEQS_Y         20         0.0257858       0.771556       6.65154
        MomentumEQS_Z         20         0.0274181       0.774616       6.70964
        MomentumEQS           59         0.0630802        1.86252        9.5808
        ContinuityEQS         23          0.342783        8.15148       3.91686
 1/1ShearStressTransportWrap
        TurbKineticEnergyEQS   2           2.90744        377.064     0.0241495
        SpecDissRateEQS        1       9.29198e+07    4.36037e+09       12.7395
4/4    Equation System Iteration
 1/1      myLowMach
        MomentumEQS_X         18         0.0246444       0.790747       7.53659
        MomentumEQS_Y         17         0.0221739       0.557105       4.80276
        MomentumEQS_Z         17           0.02352       0.560631       4.85612
        MomentumEQS           52         0.0406475        1.11801       5.75105
        ContinuityEQS         23          0.196537        5.35529       2.57327
 1/1ShearStressTransportWrap
        TurbKineticEnergyEQS   3           0.29912        6.68842   0.000428367
        SpecDissRateEQS        1       4.32403e+07    1.73717e+10       50.7541
Mass Balance Review:
Density accumulation: 0
Integrated inflow:    -15312500
Integrated open:      15312492.01548776
Total mass closure:   -7.984512235969305
Filter Size 0.009101499927188001
Mean System Norm: 3474336570.041337 1 0.00455075
WallClockTime: 1 Pre: 6.61095 NLI: 15.7257 Post: 0.0395658 Total: 22.3762
*******************************************************
Time Step Count: 2 Current Time: 0.0091015
 dtN: 0.00455075 dtNm1: 0.00455075 gammas: 1.5 -2 0.5
 DualNodalVolume min: 3.71294e-10 max: 39763.6 total: 2.92973e+09
 Max Courant: 7998.92 Max Reynolds: 7.39241e+06 (realm_1)
   Realm Nonlinear Iteration: 1/1

realm_1::advance_time_step() 
NLI    Name           Linear Iter      Linear Res     NLinear Res    Scaled NLR
---    ----           -----------      ----------     -----------    ----------
1/4    Equation System Iteration
 1/1      myLowMach
        MomentumEQS_X         15         0.0817118        2.72364             1
        MomentumEQS_Y         14         0.0772581        1.79134             1
        MomentumEQS_Z         15         0.0555921        1.81609             1
        MomentumEQS           44          0.125444        3.73166             1
        ContinuityEQS         25          0.284549        6.05613             1
 1/1ShearStressTransportWrap
        TurbKineticEnergyEQS   2           25.5682        9447.74             1
        SpecDissRateEQS        2            848709    1.34241e+09             1
2/4    Equation System Iteration
 1/1      myLowMach
        MomentumEQS_X         18         0.0752735        2.19643      0.806431
        MomentumEQS_Y         17           0.06455        1.35002      0.753638
        MomentumEQS_Z         18         0.0437399        1.37616      0.757762
        MomentumEQS           53          0.108379        2.92245      0.783148
        ContinuityEQS         26          0.149106         4.2337      0.699077
 1/1ShearStressTransportWrap
        TurbKineticEnergyEQS   2           5.58942        1138.07      0.120459
        SpecDissRateEQS        2            343875    3.40778e+07     0.0253856
3/4    Equation System Iteration
 1/1      myLowMach
        MomentumEQS_X         17         0.0371259        1.22275      0.448941
        MomentumEQS_Y         17         0.0231494       0.722101      0.403106
        MomentumEQS_Z         16         0.0350597       0.734859      0.404639
        MomentumEQS           50         0.0560661        1.59893      0.428476
        ContinuityEQS         24          0.143399        3.87752      0.640264
 1/1ShearStressTransportWrap
        TurbKineticEnergyEQS   2           1.77266        99.1331     0.0104928
        SpecDissRateEQS        2           66763.7    1.66762e+07     0.0124226
4/4    Equation System Iteration
 1/1      myLowMach
        MomentumEQS_X         16         0.0281522        0.69564      0.255408
        MomentumEQS_Y         16         0.0141207       0.412946      0.230523
        MomentumEQS_Z         16         0.0146779       0.418963      0.230696
        MomentumEQS           48         0.0347473       0.911027      0.244134
        ContinuityEQS         24          0.165627        3.53303      0.583382
 1/1ShearStressTransportWrap
        TurbKineticEnergyEQS   6         0.0300671       0.742781   7.86201e-05
        SpecDissRateEQS        1            213767    1.53024e+07     0.0113993
Mass Balance Review:
Density accumulation: 0
Integrated inflow:    -15312500
Integrated open:      15312481.61453971
Total mass closure:   -18.38546028919518
Filter Size 0.013652249890782
Mean System Norm: 3060616.263997873 2 0.0091015
WallClockTime: 2 Pre: 6.10758 NLI: 13.9383 Post: 0.039582 Total: 20.0854
*******************************************************
Time Step Count: 3 Current Time: 0.0136522
 dtN: 0.00455075 dtNm1: 0.00455075 gammas: 1.5 -2 0.5
 DualNodalVolume min: 3.71294e-10 max: 39763.6 total: 2.92973e+09
 Max Courant: 2053.54 Max Reynolds: 7.59064e+06 (realm_1)
   Realm Nonlinear Iteration: 1/1

realm_1::advance_time_step() 
NLI    Name           Linear Iter      Linear Res     NLinear Res    Scaled NLR
---    ----           -----------      ----------     -----------    ----------
1/4    Equation System Iteration
 1/1      myLowMach
        MomentumEQS_X         14          0.104734        3.16469             1
        MomentumEQS_Y         13         0.0911272        2.19188             1
        MomentumEQS_Z         13         0.0975755        2.20107             1
        MomentumEQS           40          0.169689        4.43445             1
        ContinuityEQS         25           0.12311        2.94577             1
 1/1ShearStressTransportWrap
        TurbKineticEnergyEQS   2           14.3554        4551.52             1
        SpecDissRateEQS        2            267611    1.06198e+08             1
2/4    Equation System Iteration
 1/1      myLowMach
        MomentumEQS_X         16         0.0279997       0.886937      0.280261
        MomentumEQS_Y         16         0.0161934       0.534594      0.243897
        MomentumEQS_Z         16         0.0171036       0.544136      0.247214
        MomentumEQS           48         0.0365889        1.16984      0.263808
        ContinuityEQS         25         0.0611167        1.90703      0.647379
 1/1ShearStressTransportWrap
        TurbKineticEnergyEQS   2           3.33992        466.774      0.102553
        SpecDissRateEQS        2           81432.2     7.5295e+06     0.0709003
3/4    Equation System Iteration
 1/1      myLowMach
        MomentumEQS_X         17         0.0127693       0.422316      0.133446
        MomentumEQS_Y         16         0.0137218       0.287717      0.131265
        MomentumEQS_Z         16         0.0138901       0.292499      0.132889
        MomentumEQS           49         0.0233297       0.588802      0.132779
        ContinuityEQS         22         0.0662563        1.43671       0.48772
 1/1ShearStressTransportWrap
        TurbKineticEnergyEQS   2           1.21386         25.677    0.00564141
        SpecDissRateEQS        2           31739.4    3.64539e+06     0.0343262
4/4    Equation System Iteration
 1/1      myLowMach
        MomentumEQS_X         18        0.00762073        0.26736     0.0844823
        MomentumEQS_Y         17        0.00873509       0.193241     0.0881622
        MomentumEQS_Z         17        0.00857469       0.196476     0.0892639
        MomentumEQS           52         0.0144188       0.383961     0.0865861
        ContinuityEQS         23         0.0409466        1.20523      0.409139
 1/1ShearStressTransportWrap
        TurbKineticEnergyEQS   9        0.00380165       0.102622   2.25466e-05
        SpecDissRateEQS        2           17647.8    2.26488e+06     0.0213269
Mass Balance Review:
Density accumulation: 0
Integrated inflow:    -15312500
Integrated open:      15312474.52152069
Total mass closure:   -25.47847930714488
Filter Size 0.018202999854376
Mean System Norm: 453107.9978826137 3 0.0136522
WallClockTime: 3 Pre: 5.91148 NLI: 13.7769 Post: 0.0397279 Total: 19.7281
*******************************************************
Time Step Count: 4 Current Time: 0.018203
 dtN: 0.00455075 dtNm1: 0.00455075 gammas: 1.5 -2 0.5
 DualNodalVolume min: 3.71294e-10 max: 39763.6 total: 2.92973e+09
 Max Courant: 1483.98 Max Reynolds: 7.78893e+06 (realm_1)
   Realm Nonlinear Iteration: 1/1

realm_1::advance_time_step() 
NLI    Name           Linear Iter      Linear Res     NLinear Res    Scaled NLR
---    ----           -----------      ----------     -----------    ----------
1/4    Equation System Iteration
 1/1      myLowMach
        MomentumEQS_X         14         0.0712516        2.34849             1
        MomentumEQS_Y         13         0.0719812        1.62743             1
        MomentumEQS_Z         13         0.0680831        1.62679             1
        MomentumEQS           40          0.122038        3.28792             1
        ContinuityEQS         22         0.0561926        1.46503             1
 1/1ShearStressTransportWrap
        TurbKineticEnergyEQS   2           8.05539        2326.37             1
        SpecDissRateEQS        2            165129    5.56821e+07             1
2/4    Equation System Iteration
 1/1      myLowMach
        MomentumEQS_X         17         0.0147245       0.365447      0.155609
        MomentumEQS_Y         18        0.00710594       0.210581      0.129395
        MomentumEQS_Z         18        0.00654601       0.212118      0.130391
        MomentumEQS           53         0.0176112       0.472113       0.14359
        ContinuityEQS         22         0.0512543        1.34321      0.916846
 1/1ShearStressTransportWrap
        TurbKineticEnergyEQS   2           1.96529        205.629     0.0883906
        SpecDissRateEQS        2           50039.5    1.83666e+06     0.0329848
3/4    Equation System Iteration
 1/1      myLowMach
        MomentumEQS_X         17        0.00820403       0.281585        0.1199
        MomentumEQS_Y         17        0.00821716       0.173445      0.106576
        MomentumEQS_Z         17        0.00752323       0.175013      0.107582
        MomentumEQS           51         0.0138357       0.374169      0.113801
        ContinuityEQS         20         0.0498319        1.32081      0.901555
 1/1ShearStressTransportWrap
        TurbKineticEnergyEQS   3          0.164447        7.01186    0.00301408
        SpecDissRateEQS        2           18676.6         425575    0.00764293
4/4    Equation System Iteration
 1/1      myLowMach
        MomentumEQS_X         16         0.0106001       0.229881     0.0978844
        MomentumEQS_Y         17        0.00662138       0.155554     0.0955826
        MomentumEQS_Z         17        0.00591215       0.156965     0.0964875
        MomentumEQS           50          0.013826       0.318873     0.0969834
        ContinuityEQS         21         0.0477953        1.32653      0.905458
 1/1ShearStressTransportWrap
        TurbKineticEnergyEQS  11       0.000803524       0.017665   7.59339e-06
        SpecDissRateEQS        2           10383.3         232533    0.00417607
Mass Balance Review:
Density accumulation: 0
Integrated inflow:    -15312500
Integrated open:      15312471.23589747
Total mass closure:   -28.76410252787173
Filter Size 0.02275374981797
Mean System Norm: 46638.36297239617 4 0.018203
WallClockTime: 4 Pre: 6.15075 NLI: 13.6604 Post: 0.057411 Total: 19.8686
*******************************************************
Time Step Count: 5 Current Time: 0.0227537
 dtN: 0.00455075 dtNm1: 0.00455075 gammas: 1.5 -2 0.5
 DualNodalVolume min: 3.71294e-10 max: 39763.6 total: 2.92973e+09
 Max Courant: 1409.57 Max Reynolds: 7.95862e+06 (realm_1)
   Realm Nonlinear Iteration: 1/1

realm_1::advance_time_step() 
NLI    Name           Linear Iter      Linear Res     NLinear Res    Scaled NLR
---    ----           -----------      ----------     -----------    ----------
1/4    Equation System Iteration
 1/1      myLowMach
        MomentumEQS_X         14         0.0597835        1.76282             1
        MomentumEQS_Y         14         0.0500522        1.23011             1
        MomentumEQS_Z         14         0.0437794        1.22604             1
        MomentumEQS           42         0.0894199        2.47465             1
        ContinuityEQS         19         0.0740477        1.61411             1
 1/1ShearStressTransportWrap
        TurbKineticEnergyEQS   2           4.78558        1303.96             1
        SpecDissRateEQS        2            105710    3.20967e+07             1
2/4    Equation System Iteration
 1/1      myLowMach
        MomentumEQS_X         17        0.00829801        0.31386      0.178044
        MomentumEQS_Y         17        0.00855231       0.202817      0.164876
        MomentumEQS_Z         17        0.00768489       0.201549       0.16439
        MomentumEQS           51         0.0141794       0.424576       0.17157
        ContinuityEQS         17         0.0533354        1.58939      0.984684
 1/1ShearStressTransportWrap
        TurbKineticEnergyEQS   2           1.25543        101.202     0.0776112
        SpecDissRateEQS        3           6262.59         640540     0.0199566
3/4    Equation System Iteration
 1/1      myLowMach
        MomentumEQS_X         16         0.0110336       0.274496      0.155715
        MomentumEQS_Y         17        0.00699648       0.179008      0.145522
        MomentumEQS_Z         17        0.00624143       0.178584      0.145658
        MomentumEQS           50         0.0144792       0.373208      0.150813
        ContinuityEQS         18         0.0548429        1.61732       1.00199
 1/1ShearStressTransportWrap
        TurbKineticEnergyEQS   4         0.0520725        2.24335    0.00172041
        SpecDissRateEQS        4           738.796        34166.7     0.0010645
4/4    Equation System Iteration
 1/1      myLowMach
        MomentumEQS_X         16        0.00724867        0.24172      0.137121
        MomentumEQS_Y         17        0.00504024       0.163584      0.132983
        MomentumEQS_Z         17        0.00459252       0.163195      0.133107
        MomentumEQS           50        0.00995181       0.334396      0.135129
        ContinuityEQS         17         0.0677046        1.64387       1.01844
 1/1ShearStressTransportWrap
        TurbKineticEnergyEQS  13       0.000186026     0.00452016   3.46647e-06
        SpecDissRateEQS        4           532.464        17698.5   0.000551413
Mass Balance Review:
Density accumulation: 0
Integrated inflow:    -15312500
Integrated open:      15312471.89313046
Total mass closure:   -28.10686953738332
Filter Size 0.027304499781564
Mean System Norm: 3671.62340850557 5 0.0227537
WallClockTime: 5 Pre: 6.31784 NLI: 13.303 Post: 0.0398769 Total: 19.6607
*******************************************************
Time Step Count: 6 Current Time: 0.0273045
 dtN: 0.00455075 dtNm1: 0.00455075 gammas: 1.5 -2 0.5
 DualNodalVolume min: 3.71294e-10 max: 39763.6 total: 2.92973e+09
 Max Courant: 1356.31 Max Reynolds: 8.09148e+06 (realm_1)
   Realm Nonlinear Iteration: 1/1

realm_1::advance_time_step() 
NLI    Name           Linear Iter      Linear Res     NLinear Res    Scaled NLR
---    ----           -----------      ----------     -----------    ----------
1/4    Equation System Iteration
 1/1      myLowMach
        MomentumEQS_X         14          0.048296        1.21629             1
        MomentumEQS_Y         15         0.0266547       0.822439             1
        MomentumEQS_Z         15         0.0232246       0.819943             1
        MomentumEQS           44         0.0598528        1.68169             1
        ContinuityEQS         19         0.0593539        1.67089             1
 1/1ShearStressTransportWrap
        TurbKineticEnergyEQS   2           3.09944        806.869             1
        SpecDissRateEQS        2           72097.6    2.03748e+07             1
2/4    Equation System Iteration
 1/1      myLowMach
        MomentumEQS_X         16        0.00991914       0.239784      0.197144
        MomentumEQS_Y         17         0.0065549       0.165265      0.200945
        MomentumEQS_Z         17        0.00569392       0.163185       0.19902
        MomentumEQS           50         0.0131824       0.333823      0.198505
        ContinuityEQS         17         0.0578148        1.61996      0.969518
 1/1ShearStressTransportWrap
        TurbKineticEnergyEQS   2          0.964801        55.9641     0.0693596
        SpecDissRateEQS        3           4723.86         283349     0.0139069
3/4    Equation System Iteration
 1/1      myLowMach
        MomentumEQS_X         16        0.00661532       0.225447      0.185357
        MomentumEQS_Y         17        0.00432473       0.152287      0.185165
        MomentumEQS_Z         16        0.00659581       0.150898      0.184035
        MomentumEQS           49         0.0102942       0.311108      0.184998
        ContinuityEQS         18         0.0545668        1.62365      0.971726
 1/1ShearStressTransportWrap
        TurbKineticEnergyEQS   5         0.0225414       0.868373    0.00107623
        SpecDissRateEQS        7           65.9743         2531.9   0.000124266
4/4    Equation System Iteration
 1/1      myLowMach
        MomentumEQS_X         15        0.00768247       0.205151       0.16867
        MomentumEQS_Y         16        0.00473505       0.140219      0.170492
        MomentumEQS_Z         16         0.0039319       0.138971      0.169489
        MomentumEQS           47        0.00984383       0.284713      0.169302
        ContinuityEQS         17         0.0580438        1.63292      0.977276
 1/1ShearStressTransportWrap
        TurbKineticEnergyEQS  14       6.62104e-05       0.001856   2.30025e-06
        SpecDissRateEQS        7           53.4177        1355.47   6.65269e-05
Mass Balance Review:
Density accumulation: 0
Integrated inflow:    -15312500
Integrated open:      15312475.27650297
Total mass closure:   -24.72349702939391
Filter Size 0.031855249745158
Mean System Norm: 403.0042503811445 6 0.0273045
WallClockTime: 6 Pre: 6.47332 NLI: 13.4319 Post: 0.040014 Total: 19.9452
*******************************************************
Time Step Count: 7 Current Time: 0.0318552
 dtN: 0.00455075 dtNm1: 0.00455075 gammas: 1.5 -2 0.5
 DualNodalVolume min: 3.71294e-10 max: 39763.6 total: 2.92973e+09
 Max Courant: 1270.14 Max Reynolds: 8.19315e+06 (realm_1)
   Realm Nonlinear Iteration: 1/1

realm_1::advance_time_step() 
NLI    Name           Linear Iter      Linear Res     NLinear Res    Scaled NLR
---    ----           -----------      ----------     -----------    ----------
1/4    Equation System Iteration
 1/1      myLowMach
        MomentumEQS_X         14         0.0288908       0.855936             1
        MomentumEQS_Y         15         0.0178359       0.509241             1
        MomentumEQS_Z         15         0.0139542       0.510441             1
        MomentumEQS           44         0.0367086        1.11915             1
        ContinuityEQS         19         0.0474754        1.46407             1
 1/1ShearStressTransportWrap
        TurbKineticEnergyEQS   2            2.2474         545.83             1
        SpecDissRateEQS        2           52196.3     1.4081e+07             1
2/4    Equation System Iteration
 1/1      myLowMach
        MomentumEQS_X         16        0.00495549       0.180792      0.211222
        MomentumEQS_Y         16        0.00581393       0.126263      0.247943
        MomentumEQS_Z         16         0.0048617       0.124332      0.243577
        MomentumEQS           48        0.00905509       0.253153      0.226201
        ContinuityEQS         17         0.0478713        1.34454      0.918356
 1/1ShearStressTransportWrap
        TurbKineticEnergyEQS   2          0.974217        34.2769     0.0627978
        SpecDissRateEQS        3           3544.78         146030     0.0103708
3/4    Equation System Iteration
 1/1      myLowMach
        MomentumEQS_X         15        0.00592264       0.166756      0.194823
        MomentumEQS_Y         16        0.00323052       0.114358      0.224567
        MomentumEQS_Z         16        0.00320092       0.112744      0.220875
        MomentumEQS           47        0.00746725       0.231509      0.206861
        ContinuityEQS         17         0.0453139          1.285      0.877689
 1/1ShearStressTransportWrap
        TurbKineticEnergyEQS   6         0.0118419       0.400564   0.000733863
        SpecDissRateEQS       10           9.10073        262.919   1.86719e-05
4/4    Equation System Iteration
 1/1      myLowMach
        MomentumEQS_X         15        0.00400526        0.14874      0.173775
        MomentumEQS_Y         15        0.00389602        0.10226      0.200808
        MomentumEQS_Z         15         0.0043031       0.100839      0.197553
        MomentumEQS           45         0.0070525       0.206759      0.184746
        ContinuityEQS         17         0.0456291        1.25065      0.854226
 1/1ShearStressTransportWrap
        TurbKineticEnergyEQS  14       5.47887e-05     0.00156995   2.87627e-06
        SpecDissRateEQS       11           3.91148        134.052   9.52008e-06
Mass Balance Review:
Density accumulation: 0
Integrated inflow:    -15312500
Integrated open:      15312480.45669191
Total mass closure:   -19.54330809414387
Filter Size 0.036405999708752
Mean System Norm: 158.6285871054771 7 0.0318552
WallClockTime: 7 Pre: 6.64634 NLI: 13.0199 Post: 0.0383079 Total: 19.7046
*******************************************************
Time Step Count: 8 Current Time: 0.036406
 dtN: 0.00455075 dtNm1: 0.00455075 gammas: 1.5 -2 0.5
 DualNodalVolume min: 3.71294e-10 max: 39763.6 total: 2.92973e+09
 Max Courant: 1198.26 Max Reynolds: 8.27285e+06 (realm_1)
   Realm Nonlinear Iteration: 1/1

realm_1::advance_time_step() 
NLI    Name           Linear Iter      Linear Res     NLinear Res    Scaled NLR
---    ----           -----------      ----------     -----------    ----------
1/4    Equation System Iteration
 1/1      myLowMach
        MomentumEQS_X         13         0.0267128       0.739964             1
        MomentumEQS_Y         14         0.0156048       0.352537             1
        MomentumEQS_Z         14         0.0152775       0.354661             1
        MomentumEQS           41         0.0345034       0.893092             1
        ContinuityEQS         18         0.0432607        1.02973             1
 1/1ShearStressTransportWrap
        TurbKineticEnergyEQS   2           1.87321        396.426             1
        SpecDissRateEQS        2           39717.5    1.04028e+07             1
2/4    Equation System Iteration
 1/1      myLowMach
        MomentumEQS_X         15        0.00512959       0.122604      0.165689
        MomentumEQS_Y         16        0.00305428      0.0873714      0.247836
        MomentumEQS_Z         16        0.00338596      0.0855753      0.241288
        MomentumEQS           47        0.00686338       0.173172      0.193902
        ContinuityEQS         16         0.0358586       0.906726      0.880549
 1/1ShearStressTransportWrap
        TurbKineticEnergyEQS   3          0.172212        22.7462     0.0573782
        SpecDissRateEQS        3           2648.13        84938.3    0.00816493
3/4    Equation System Iteration
 1/1      myLowMach
        MomentumEQS_X         15        0.00366906       0.102023      0.137876
        MomentumEQS_Y         16        0.00214181      0.0714483      0.202669
        MomentumEQS_Z         16        0.00236915       0.069853      0.196957
        MomentumEQS           47        0.00486439       0.142804      0.159899
        ContinuityEQS         17         0.0296811       0.831517      0.807512
 1/1ShearStressTransportWrap
        TurbKineticEnergyEQS   6         0.0100025        0.21247   0.000535965
        SpecDissRateEQS       11           4.37929         94.987   9.13089e-06
4/4    Equation System Iteration
 1/1      myLowMach
        MomentumEQS_X         15        0.00277329      0.0849256       0.11477
        MomentumEQS_Y         16        0.00163388      0.0586284      0.166304
        MomentumEQS_Z         16        0.00175817       0.057336      0.161664
        MomentumEQS           47        0.00366768       0.118055      0.132187
        ContinuityEQS         17         0.0273306       0.783651      0.761028
 1/1ShearStressTransportWrap
        TurbKineticEnergyEQS  14       4.56978e-05     0.00174406   4.39946e-06
        SpecDissRateEQS       12           2.21667        47.8095   4.59582e-06
Mass Balance Review:
Density accumulation: 0
Integrated inflow:    -15312500
Integrated open:      15312486.65553179
Total mass closure:   -13.34446820616722
Filter Size 0.04095674967234601
Mean System Norm: 141.2689583829993 8 0.036406
WallClockTime: 8 Pre: 6.75862 NLI: 13.124 Post: 0.05775 Total: 19.9404
*******************************************************
Time Step Count: 9 Current Time: 0.0409567
 dtN: 0.00455075 dtNm1: 0.00455075 gammas: 1.5 -2 0.5
 DualNodalVolume min: 3.71294e-10 max: 39763.6 total: 2.92973e+09
 Max Courant: 1130.58 Max Reynolds: 8.33807e+06 (realm_1)
   Realm Nonlinear Iteration: 1/1

realm_1::advance_time_step() 
NLI    Name           Linear Iter      Linear Res     NLinear Res    Scaled NLR
---    ----           -----------      ----------     -----------    ----------
1/4    Equation System Iteration
 1/1      myLowMach
        MomentumEQS_X         12         0.0327097       0.764293             1
        MomentumEQS_Y         14        0.00979086        0.33386             1
        MomentumEQS_Z         14         0.0112232       0.333423             1
        MomentumEQS           40         0.0359409       0.898208             1
        ContinuityEQS         19          0.020279       0.595378             1
 1/1ShearStressTransportWrap
        TurbKineticEnergyEQS   2           1.78076        303.434             1
        SpecDissRateEQS        2           31442.8    8.07114e+06             1
2/4    Equation System Iteration
 1/1      myLowMach
        MomentumEQS_X         15        0.00386561      0.0947668      0.123993
        MomentumEQS_Y         16        0.00206819      0.0684263      0.204955
        MomentumEQS_Z         16        0.00222727      0.0668079       0.20037
        MomentumEQS           47        0.00491743       0.134634      0.149891
        ContinuityEQS         18         0.0225035       0.476348      0.800077
 1/1ShearStressTransportWrap
        TurbKineticEnergyEQS   3          0.161059        16.0184     0.0527903
        SpecDissRateEQS        3           2027.24        54077.4     0.0067001
3/4    Equation System Iteration
 1/1      myLowMach
        MomentumEQS_X         16        0.00161506       0.054509     0.0713195
        MomentumEQS_Y         16        0.00147198      0.0405993      0.121606
        MomentumEQS_Z         16        0.00155591      0.0391951      0.117554
        MomentumEQS           48        0.00268253      0.0784589     0.0873505
        ContinuityEQS         18          0.018282       0.389386      0.654015
 1/1ShearStressTransportWrap
        TurbKineticEnergyEQS   7         0.0037237       0.124997   0.000411941
        SpecDissRateEQS       12           2.11796        59.8299   7.41282e-06
4/4    Equation System Iteration
 1/1      myLowMach
        MomentumEQS_X         16        0.00128195      0.0362684     0.0474535
        MomentumEQS_Y         16        0.00111267      0.0259326      0.077675
        MomentumEQS_Z         16        0.00115741      0.0249627      0.074868
        MomentumEQS           48        0.00205451      0.0510982     0.0568891
        ContinuityEQS         19         0.0133634       0.329863       0.55404
 1/1ShearStressTransportWrap
        TurbKineticEnergyEQS  13       7.28991e-05     0.00186346   6.14122e-06
        SpecDissRateEQS       13          0.947118        31.0696   3.84947e-06
Mass Balance Review:
Density accumulation: 0
Integrated inflow:    -15312500
Integrated open:      15312493.28194873
Total mass closure:   -6.71805127337575
Filter Size 0.04550749963594001
Mean System Norm: 137.816845653656 9 0.0409567
WallClockTime: 9 Pre: 6.66133 NLI: 13.15 Post: 0.0396969 Total: 19.851
*******************************************************
Time Step Count: 10 Current Time: 0.0455075
 dtN: 0.00455075 dtNm1: 0.00455075 gammas: 1.5 -2 0.5
 DualNodalVolume min: 3.71294e-10 max: 39763.6 total: 2.92973e+09
 Max Courant: 1068.52 Max Reynolds: 8.3937e+06 (realm_1)
   Realm Nonlinear Iteration: 1/1

realm_1::advance_time_step() 
NLI    Name           Linear Iter      Linear Res     NLinear Res    Scaled NLR
---    ----           -----------      ----------     -----------    ----------
1/4    Equation System Iteration
 1/1      myLowMach
        MomentumEQS_X         12         0.0261711       0.803979             1
        MomentumEQS_Y         13         0.0114072       0.349322             1
        MomentumEQS_Z         13         0.0130575        0.34698             1
        MomentumEQS           38         0.0313934       0.942763             1
        ContinuityEQS         21         0.0096043       0.278642             1
 1/1ShearStressTransportWrap
        TurbKineticEnergyEQS   2           1.82724        241.194             1
        SpecDissRateEQS        2           25710.6    6.48658e+06             1
2/4    Equation System Iteration
 1/1      myLowMach
        MomentumEQS_X         15        0.00297953       0.100794      0.125369
        MomentumEQS_Y         15        0.00237621      0.0729763      0.208908
        MomentumEQS_Z         15        0.00257688      0.0710226      0.204688
        MomentumEQS           45        0.00460047        0.14328      0.151979
        ContinuityEQS         19         0.0079718       0.237308      0.851662
 1/1ShearStressTransportWrap
        TurbKineticEnergyEQS   3          0.153265        11.7824     0.0488501
        SpecDissRateEQS        3           1636.92        36769.2    0.00566851
3/4    Equation System Iteration
 1/1      myLowMach
        MomentumEQS_X         15        0.00217959      0.0536051     0.0666747
        MomentumEQS_Y         15        0.00175465      0.0407862      0.116758
        MomentumEQS_Z         15        0.00186255      0.0396075      0.114149
        MomentumEQS           45        0.00336133      0.0781394     0.0828834
        ContinuityEQS         20         0.0104488       0.231166      0.829619
 1/1ShearStressTransportWrap
        TurbKineticEnergyEQS   7        0.00322866      0.0793044   0.000328799
        SpecDissRateEQS       12           1.32296        41.5926   6.41209e-06
4/4    Equation System Iteration
 1/1      myLowMach
        MomentumEQS_X         15        0.00166684      0.0416538     0.0518095
        MomentumEQS_Y         15        0.00139717      0.0309147      0.088499
        MomentumEQS_Z         15        0.00143436      0.0304058     0.0876297
        MomentumEQS           45        0.00260535      0.0601271     0.0637775
        ContinuityEQS         20        0.00834639       0.241624      0.867148
 1/1ShearStressTransportWrap
        TurbKineticEnergyEQS  13       7.34759e-05     0.00189113   7.84069e-06
        SpecDissRateEQS       12           1.04569        23.1396    3.5673e-06
Mass Balance Review:
Density accumulation: 0
Integrated inflow:    -15312500
Integrated open:      15312499.97792735
Total mass closure:   -0.02207265049219131
Filter Size 0.05005824959953401
Mean System Norm: 136.2150103240508 10 0.0455075
WallClockTime: 10 Pre: 6.84143 NLI: 13.332 Post: 0.0391171 Total: 20.2126
*******************************************************
Simulation Shall Complete: time/timestep: 0.0455075/10
*******************************************************

-------------------------------- 
Begin Timer Overview for Realm: realm_1
-------------------------------- 
Timing for Eq: myNDTW
             init --   	avg: 0.772149 	min: 0.704723 	max: 0.822605
         assemble --   	avg: 0.148799 	min: 0.0609982 	max: 0.241431
    load_complete --   	avg: 0.740525 	min: 0.288924 	max: 1.24923
            solve --   	avg: 1.2367 	min: 1.23285 	max: 1.24057
    precond setup --   	avg: 1.40624 	min: 1.40619 	max: 1.40644
             misc --   	avg: 0 	min: 0 	max: 0
linear iterations --  	avg: 24 	min: 24 	max: 24
Timing for Eq: myLowMach
             init --   	avg: 3.84947e-06 	min: 0 	max: 9.29832e-06
         assemble --   	avg: 0 	min: 0 	max: 0
    load_complete --   	avg: 0 	min: 0 	max: 0
            solve --   	avg: 0 	min: 0 	max: 0
    precond setup --   	avg: 0 	min: 0 	max: 0
             misc --   	avg: 0 	min: 0 	max: 0
Timing for Eq: MomentumEQS
             init --   	avg: 0.830024 	min: 0.823807 	max: 0.855502
         assemble --   	avg: 2.68401 	min: 2.0458 	max: 3.28386
    load_complete --   	avg: 10.6733 	min: 9.08846 	max: 15.1444
            solve --   	avg: 11.7413 	min: 11.5997 	max: 11.8646
    precond setup --   	avg: 6.75519e-06 	min: 9.53674e-07 	max: 1.28746e-05
             misc --   	avg: 6.4794 	min: 5.58891 	max: 6.82937
linear iterations --  	avg: 47.3 	min: 38 	max: 59
Timing for Eq: ContinuityEQS
             init --   	avg: 0.792917 	min: 0.765688 	max: 0.802187
         assemble --   	avg: 4.20077 	min: 3.80108 	max: 4.37621
    load_complete --   	avg: 6.94068 	min: 6.61234 	max: 8.0309
            solve --   	avg: 20.722 	min: 20.6414 	max: 20.7978
    precond setup --   	avg: 32.2127 	min: 32.2107 	max: 32.2155
             misc --   	avg: 6.69903 	min: 6.44561 	max: 6.97023
linear iterations --  	avg: 20.175 	min: 16 	max: 26
Timing for Eq: mySST
             init --   	avg: 2.52823e-06 	min: 0 	max: 4.76837e-06
         assemble --   	avg: 0 	min: 0 	max: 0
    load_complete --   	avg: 0 	min: 0 	max: 0
            solve --   	avg: 0 	min: 0 	max: 0
    precond setup --   	avg: 0 	min: 0 	max: 0
             misc --   	avg: 0 	min: 0 	max: 0
Timing for Eq: TurbKineticEnergyEQS
             init --   	avg: 0.841961 	min: 0.830584 	max: 0.86249
         assemble --   	avg: 0.813518 	min: 0.65732 	max: 0.960942
    load_complete --   	avg: 6.77216 	min: 6.55794 	max: 6.95247
            solve --   	avg: 2.72096 	min: 2.65328 	max: 2.78297
    precond setup --   	avg: 0.659236 	min: 0.643818 	max: 0.671142
             misc --   	avg: 3.11687 	min: 2.62888 	max: 3.32877
linear iterations --  	avg: 4.925 	min: 2 	max: 14
Timing for Eq: SpecDissRateEQS
             init --   	avg: 0.850886 	min: 0.843137 	max: 0.8554
         assemble --   	avg: 0.905708 	min: 0.711416 	max: 1.07379
    load_complete --   	avg: 6.85921 	min: 6.63673 	max: 7.13093
            solve --   	avg: 2.53459 	min: 2.46505 	max: 2.59788
    precond setup --   	avg: 0.657291 	min: 0.641828 	max: 0.670618
             misc --   	avg: 3.22154 	min: 3.03872 	max: 3.28227
linear iterations --  	avg: 4.425 	min: 1 	max: 13
Timing for IO: 
   io create mesh --   	avg: 0.00220944 	min: 0.00155282 	max: 0.00293612
 io output fields --   	avg: 1.46592 	min: 1.39732 	max: 1.54449
 io populate mesh --   	avg: 32.9289 	min: 32.9227 	max: 32.929
 io populate fd   --   	avg: 3.81653 	min: 3.81073 	max: 3.81744
Timing for property evaluation:         
            props --   	avg: 1.54068 	min: 0.565758 	max: 2.46168
Timing for Edge: 
    edge creation --   	avg: 33.2828 	min: 33.2819 	max: 33.2886
Timing for Overset:
     connectivity --  	avg: 0.131644 	min: 0.131592 	max: 0.131703
     field update --  	avg: 9.10154 	min: 1.27032 	max: 12.4266
Timing for skin_mesh :    
        skin_mesh --   	avg: 0 	min: 0 	max: 0

Timing for Simulation: nprocs= 48
           main() --   	avg: 307.526 	min: 307.379 	max: 307.636
Memory Overview: 
nalu memory: total (over all cores) current/high-water mark=        202.97 G      203.914 G
nalu memory:   min (over all cores) current/high-water mark=       3.00085 G      3.00146 G
nalu memory:   max (over all cores) current/high-water mark=        5.3067 G      5.43652 G
Min High-water memory usage 3073.5 MB
Avg High-water memory usage 4350.2 MB
Max High-water memory usage 5567.0 MB

Min Available memory per processor 3518.9 MB
Avg Available memory per processor 3518.9 MB
Max Available memory per processor 3518.9 MB

Min No-output time 305.8874 sec
Avg No-output time 306.0611 sec
Max No-output time 306.2301 sec

STKPERF: Total Time: 307.493

STKPERF: Current memory: 3579314176 (3.333 G)
STKPERF: Memory high water: 3580428288 (3.335 G)
                                                     CPU Time              CPU Time              CPU Time              Wall Time             Wall Time             Wall Time
                 Timer                   Count   Sum (% of System)     Min (% of System)     Max (% of System)     Sum (% of System)     Min (% of System)     Max (% of System)
---------------------------------------- ----- --------------------- --------------------- --------------------- --------------------- --------------------- ---------------------
Nalu                                        48  3:54:14.766 (100.0%)     4:48.183 (2.050%)     4:56.673 (2.111%)  4:06:01.496 (100.0%)     5:07.384 (2.082%)     5:07.640 (2.084%)
  CreateEdges                               48    26:38.321 (11.37%)       33.293 (0.237%)       33.307 (0.237%)    26:37.576 (10.82%)       33.282 (0.225%)       33.289 (0.226%)
  Output                                  1056     1:05.686 (0.467%)        1.314 (<0.01%)        1.452 (0.010%)     1:10.366 (0.477%)        1.397 (<0.01%)        1.545 (0.010%)

Took 0.0004 seconds to generate the table above.
=====================================================================================

                       TimeMonitor results over 48 processors

Timer Name    MinOverProcs    MeanOverProcs    MaxOverProcs    MeanOverCallCounts    
=====================================================================================
