===============================================================================
                                  Nalu-Wind                                    
       An incompressible, turbulent computational fluid dynamics solver        
                  for wind turbine and wind farm simulations                   
===============================================================================

   Nalu-Wind Version: v1.2.0
   Nalu-Wind GIT Commit SHA: 7765b5b5b22a540c707ec7b240be542005995f59-DIRTY
   Trilinos Version: 13.1-g19b4e9b64a0

   TPLs: Boost, HDF5, netCDF, STK, Trilinos, yaml-cpp and zlib   
   Optional TPLs enabled: Hypre, TIOGA
   Copyright 2017 National Technology & Engineering Solutions of Sandia, LLC   
   (NTESS), National Renewable Energy Laboratory, University of Texas Austin,  
    Northwest Research Associates. Under the terms of Contract DE-NA0003525    
    with NTESS, the U.S. Government retains certain rights in this software.   
                                                                               
           This software is released under the BSD 3-clause license.           
   See LICENSE file at https://github.com/exawind/nalu-wind for more details.  
-------------------------------------------------------------------------------

macro  KOKKOS_ENABLE_CUDA      : defined
macro  CUDA_VERSION          = 9020 = version 9.2
Kokkos::Cuda[ 0 ] Tesla V100-SXM2-16GB capability 7.0, Total Global Memory: 15.75 G, Shared Memory per Block: 48 K : Selected

Realm Options Review: realm_1
===========================
Edge-based scheme will be activated
Warning: When using automatic_decomposition_type, one must have a serial file
Nalu will deactivate aura ghosting

Turbulence Model Review:   
===========================
Turbulence Model is: sst 1

PPE review:   
===========================
Realm::create_mesh(): Begin
Realm::create_mesh() End

Boundary Condition Review: 
===========================
Wall BC name:        bc_wall on blade1
Wall BC name:        bc_wall on blade2
Wall BC name:        bc_wall on blade3
Wall BC name:        bc_wall on hub
Inflow BC name:      bc_inflow on inlet
Open BC name:        bc_open on outlet
Symmetry BC name:    bc_symBottom on sides
Overset BC name: bc_overset

Initial Condition Review:  
===========================
Initial Is Type constant 

Material Prop Review:      
===========================
density is a constant property: 1.225
viscosity is a constant property: 1.8e-05

EqSys/options Review:      
===========================
Edge projected nodal gradient for minimum distance to wall: 1
Edge projected nodal gradient for velocity: 0
Edge projected nodal gradient for pressure: 0
Edge projected nodal gradient for turbulent_ke: 0
Edge projected nodal gradient for specific_dissipation_rate: 0

Realm memory Review:       realm_1
===========================
Node count from meta data = 23703858
Total memory estimate for Matrix solve (per core)= 10.3315 GB.
Total memory estimate (per core) = 10.3315 GB.

Time Integrator Review:  
=========================
StandardTimeIntegrator 
 name=              ti_1
 second order =     1
 maxTimeStepCount = 10
 fixed time step is active   with time step: 0.00455075
StandardTimeIntegrator realm_name[0]= realm_1

Transfer Review:         
=========================
Realm::initialize() Begin 
Created algorithm = Alg0000_elem_HEXAHEDRON_8_geometry
Created algorithm = Alg0000_edge_nodal_grad
Created algorithm = Alg0000_elem_HEXAHEDRON_8_courant_reynolds
Created algorithm = Alg0000_elem_HEXAHEDRON_8_momentum_nodal_grad
Created algorithm = Alg0000_elem_HEXAHEDRON_8_continuity_nodal_grad
Created algorithm = Alg0000_edge_mdot_edge_interior
Created algorithm = Alg0000_elem_HEXAHEDRON_8_tke_nodal_grad
Created algorithm = Alg0000_elem_HEXAHEDRON_8_sdr_nodal_grad
Created algorithm = Alg0000_elem_WEDGE_6_geometry
Created algorithm = Alg0000_elem_WEDGE_6_courant_reynolds
Created algorithm = Alg0000_elem_WEDGE_6_momentum_nodal_grad
Created algorithm = Alg0000_elem_WEDGE_6_continuity_nodal_grad
Created algorithm = Alg0000_elem_WEDGE_6_tke_nodal_grad
Created algorithm = Alg0000_elem_WEDGE_6_sdr_nodal_grad
Created algorithm = Alg0000_elem_TETRAHEDRON_4_geometry
Created algorithm = Alg0000_elem_TETRAHEDRON_4_courant_reynolds
Created algorithm = Alg0000_elem_TETRAHEDRON_4_momentum_nodal_grad
Created algorithm = Alg0000_elem_TETRAHEDRON_4_continuity_nodal_grad
Created algorithm = Alg0000_elem_TETRAHEDRON_4_tke_nodal_grad
Created algorithm = Alg0000_elem_TETRAHEDRON_4_sdr_nodal_grad
Created algorithm = Alg0000_elem_PYRAMID_5_geometry
Created algorithm = Alg0000_elem_PYRAMID_5_courant_reynolds
Created algorithm = Alg0000_elem_PYRAMID_5_momentum_nodal_grad
Created algorithm = Alg0000_elem_PYRAMID_5_continuity_nodal_grad
Created algorithm = Alg0000_elem_PYRAMID_5_tke_nodal_grad
Created algorithm = Alg0000_elem_PYRAMID_5_sdr_nodal_grad
Created algorithm = Alg0001_face_QUADRILATERAL_4_geometry
Created algorithm = Alg0003_face_QUADRILATERAL_4_nodal_grad
MomentumEquationSystem::register_wall_bc(): Mesh motion active! Velocity definition under wall_user_data will be ignored
Created algorithm = Alg0003_face_QUADRILATERAL_4_momentum_nodal_grad
Created algorithm = Alg0003_face_QUADRILATERAL_4_continuity_nodal_grad
Created algorithm = Alg0003_face_QUADRILATERAL_4_HEXAHEDRON_8_sst_geometry_wall
Created algorithm = Alg0003_face_QUADRILATERAL_4_tke_nodal_grad
Created algorithm = Alg0003_face_QUADRILATERAL_4_HEXAHEDRON_8_sdr_wall_func
Created algorithm = Alg0003_face_QUADRILATERAL_4_sdr_nodal_grad
MomentumEquationSystem::register_wall_bc(): Mesh motion active! Velocity definition under wall_user_data will be ignored
MomentumEquationSystem::register_wall_bc(): Mesh motion active! Velocity definition under wall_user_data will be ignored
MomentumEquationSystem::register_wall_bc(): Mesh motion active! Velocity definition under wall_user_data will be ignored
Created algorithm = Alg0001_face_TRIANGLE_3_geometry
Created algorithm = Alg0003_face_TRIANGLE_3_nodal_grad
MomentumEquationSystem::register_wall_bc(): Mesh motion active! Velocity definition under wall_user_data will be ignored
Created algorithm = Alg0003_face_TRIANGLE_3_momentum_nodal_grad
Created algorithm = Alg0003_face_TRIANGLE_3_continuity_nodal_grad
Created algorithm = Alg0003_face_TRIANGLE_3_WEDGE_6_sst_geometry_wall
Created algorithm = Alg0003_face_TRIANGLE_3_tke_nodal_grad
Created algorithm = Alg0003_face_TRIANGLE_3_WEDGE_6_sdr_wall_func
Created algorithm = Alg0003_face_TRIANGLE_3_sdr_nodal_grad
Created algorithm = Alg0002_face_QUADRILATERAL_4_nodal_grad
Created algorithm = Alg0002_face_QUADRILATERAL_4_momentum_nodal_grad
Created algorithm = Alg0002_face_QUADRILATERAL_4_continuity_nodal_grad
Created algorithm = Alg0002_face_QUADRILATERAL_4_mdot_inflow
Created the following bc face alg: ContinuityEQS_inflow_AssembleElemSolverAlg_QUADRILATERAL_4
Created algorithm = Alg0002_face_QUADRILATERAL_4_tke_nodal_grad
Created algorithm = Alg0002_face_QUADRILATERAL_4_sdr_nodal_grad
Created algorithm = Alg0005_face_QUADRILATERAL_4_nodal_grad
Created algorithm = Alg0005_face_QUADRILATERAL_4_momentum_nodal_grad
Created the following bc face/elem alg: MomentumEQS_open_AssembleFaceElemSolverAlg_QUADRILATERAL_4_PYRAMID_5
Created algorithm = Alg0005_face_QUADRILATERAL_4_PYRAMID_5_continuity_nodal_grad
Created algorithm = Alg0005_face_QUADRILATERAL_4_PYRAMID_5_mdot_open_edge
Created the following bc face/elem alg: ContinuityEQS_open_edge_AssembleFaceElemSolverAlg_QUADRILATERAL_4_PYRAMID_5
Created algorithm = Alg0005_face_QUADRILATERAL_4_tke_nodal_grad
Created the following bc face alg: TurbKineticEnergyEQS_open_AssembleElemSolverAlg_QUADRILATERAL_4
Created algorithm = Alg0005_face_QUADRILATERAL_4_sdr_nodal_grad
Created the following bc face alg: SpecDissRateEQS_open_AssembleElemSolverAlg_QUADRILATERAL_4
Created algorithm = Alg0008_face_QUADRILATERAL_4_nodal_grad
Created algorithm = Alg0008_face_QUADRILATERAL_4_momentum_nodal_grad
Created the following bc face/elem alg: MomentumEQS_symm_edge_AssembleFaceElemSolverAlg_QUADRILATERAL_4_PYRAMID_5
Created algorithm = Alg0008_face_QUADRILATERAL_4_continuity_nodal_grad
Created algorithm = Alg0008_face_QUADRILATERAL_4_tke_nodal_grad
Created algorithm = Alg0008_face_QUADRILATERAL_4_sdr_nodal_grad
TIOGA: Using coordinates field: current_coordinates
Realm::setup_overset_bc:: Selecting TIOGA TPL for overset connectivity
the post processing type is surface
the post processing file name: forces04.dat
the post processing physics name: surface_force_and_moment
Target name(s): blade1
Target name(s): blade2
Target name(s): blade3
Target name(s): hub
Parameters used are: 0
Parameters used are: 0

Averaging Review: one
===========================
Primitive/Reynolds name: density/density_ra_one size 1
Primitive/Reynolds name: velocity/velocity_ra_one size 3
Vorticity will be computed; add vorticity to output
Q criterion will be computed; add q_criterion to output
===========================
Realm::ioBroker_->populate_mesh() Begin
Realm::ioBroker_->populate_mesh() End
Realm::create_edges(): Nalu Realm: realm_1 requires edge creation: Begin
Realm::create_edges(): Nalu Realm: realm_1 requires edge creation: End
Realm::ioBroker_->populate_field_data() Begin
Realm::ioBroker_->populate_field_data() End
Realm::create_output_mesh(): Begin
Realm::create_output_mesh() End
 DualNodalVolume min: 3.71294e-10 max: 39763.6 total: 2.92973e+09
TIOGA: Initializing overset mesh blocks: 
TIOGA: mesh block = NearBody; ID min = 1; ID max = 7582969
	Bounding box: 
		[-13.2906, -61.2646, -38.4074]
		[10.7493, 61.2644, 69.4992]

TIOGA: mesh block = FarField; ID min = 252; ID max = 23022027
	Bounding box: 
		[-625, -625, -625]
		[1250, 625, 625]

TIOGA: Initialized 2 overset blocks
EquationSystems::initialize(): Begin 
EquationSystems::initialize(): End 
EquationSystems: overset solution strategy
 - ndtw: decoupled
 - momentum: decoupled
 - continuity: decoupled
 - turbulent_ke: decoupled
 - specific_dissipation_rate: decoupled

Realm memory Review:       realm_1
===========================
Total memory estimate for Matrix solve (per core)= 10.3315 GB.
Total memory estimate for Fields (per core)= 1.33453 GB.
Total memory estimate (per core) = 11.6661 GB.
Realm::initialize() End 

*******************************************************
Simulation Shall Commence: number of processors = 18
*******************************************************
Filter Size 0.00455075
 1/1         myNDTW
        WallDistEQS           24           17.0836        657.632             1
        WallDistEQS           23            25.014        657.632             1
Realm shall provide output files at : currentTime/timeStepCount: 0/0 (realm_1)
*******************************************************
Time Step Count: 1 Current Time: 0.00455075
 dtN: 0.00455075 dtNm1: 0.00455075 gammas: 1 -1 0
 DualNodalVolume min: 3.71294e-10 max: 39763.6 total: 2.92973e+09
 Max Courant: 19965.7 Max Reynolds: 7.22639e+06 (realm_1)
   Realm Nonlinear Iteration: 1/1

realm_1::advance_time_step() 
NLI    Name           Linear Iter      Linear Res     NLinear Res    Scaled NLR
---    ----           -----------      ----------     -----------    ----------
1/4    Equation System Iteration
 1/1      myLowMach
        MomentumEQS_X         14        0.00383209       0.104921             1
        MomentumEQS_Y         14        0.00528996       0.115997             1
        MomentumEQS_Z         14         0.0050276       0.115448             1
        MomentumEQS           42         0.0082429       0.194402             1
        ContinuityEQS         23         0.0816519        2.08113             1
 1/1ShearStressTransportWrap
        TurbKineticEnergyEQS   2            47.144        15613.8             1
        SpecDissRateEQS        5       4.77662e+06    3.42271e+08             1
2/4    Equation System Iteration
 1/1      myLowMach
        MomentumEQS_X         18         0.0666515        1.49826       14.2799
        MomentumEQS_Y         19         0.0342555       0.825237       7.11432
        MomentumEQS_Z         19          0.034767       0.866628       7.50663
        MomentumEQS           56         0.0826112        1.91751       9.86367
        ContinuityEQS         22          0.711276        17.7508       8.52939
 1/1ShearStressTransportWrap
        TurbKineticEnergyEQS   2           10.4249        2542.81      0.162857
        SpecDissRateEQS        2            589900    3.72481e+07      0.108826
3/4    Equation System Iteration
 1/1      myLowMach
        MomentumEQS_X         19         0.0504058        1.44243       13.7478
        MomentumEQS_Y         20         0.0258237       0.754472       6.50425
        MomentumEQS_Z         20         0.0271308       0.756664       6.55413
        MomentumEQS           59         0.0627988         1.7951       9.23396
        ContinuityEQS         22          0.314326        8.15526       3.91867
 1/1ShearStressTransportWrap
        TurbKineticEnergyEQS   2           2.90026        377.064     0.0241495
        SpecDissRateEQS        1       9.29156e+07    4.36151e+09       12.7428
4/4    Equation System Iteration
 1/1      myLowMach
        MomentumEQS_X         18         0.0246474       0.806022       7.68218
        MomentumEQS_Y         17         0.0221949       0.560721       4.83394
        MomentumEQS_Z         17         0.0235194       0.564113       4.88628
        MomentumEQS           52         0.0406604        1.13239       5.82499
        ContinuityEQS         22          0.199461        5.36209       2.57653
 1/1ShearStressTransportWrap
        TurbKineticEnergyEQS   3          0.298275        6.68849   0.000428371
        SpecDissRateEQS        1       4.32392e+07     1.7573e+10       51.3424
Mass Balance Review:
Density accumulation: 0
Integrated inflow:    -15312500
Integrated open:      15312494.36507832
Total mass closure:   -5.634921675547957
Filter Size 0.009101499927188001
Mean System Norm: 3514606908.746938 1 0.00455075
WallClockTime: 1 Pre: 14.3715 NLI: 67.1176 Post: 0.063235 Total: 81.5523
*******************************************************
Time Step Count: 2 Current Time: 0.0091015
 dtN: 0.00455075 dtNm1: 0.00455075 gammas: 1.5 -2 0.5
 DualNodalVolume min: 3.71294e-10 max: 39763.6 total: 2.92973e+09
 Max Courant: 8004.86 Max Reynolds: 7.39241e+06 (realm_1)
   Realm Nonlinear Iteration: 1/1

realm_1::advance_time_step() 
NLI    Name           Linear Iter      Linear Res     NLinear Res    Scaled NLR
---    ----           -----------      ----------     -----------    ----------
1/4    Equation System Iteration
 1/1      myLowMach
        MomentumEQS_X         15         0.0816834         2.6976             1
        MomentumEQS_Y         14         0.0772603         1.7878             1
        MomentumEQS_Z         15         0.0554909        1.81112             1
        MomentumEQS           44          0.125382        3.70856             1
        ContinuityEQS         27          0.255269        6.06822             1
 1/1ShearStressTransportWrap
        TurbKineticEnergyEQS   2           25.3685        9447.74             1
        SpecDissRateEQS        2            847368    1.32966e+09             1
2/4    Equation System Iteration
 1/1      myLowMach
        MomentumEQS_X         17         0.0653464        2.18737      0.810858
        MomentumEQS_Y         16          0.056095        1.34837       0.75421
        MomentumEQS_Z         16         0.0609247        1.37752       0.76059
        MomentumEQS           49          0.105492        2.91552       0.78616
        ContinuityEQS         26          0.184793        4.24043      0.698793
 1/1ShearStressTransportWrap
        TurbKineticEnergyEQS   2           5.56683        1138.07      0.120459
        SpecDissRateEQS        2            343745    3.30386e+07     0.0248474
3/4    Equation System Iteration
 1/1      myLowMach
        MomentumEQS_X         15         0.0589765        1.24392      0.461123
        MomentumEQS_Y         16         0.0225273       0.728948      0.407735
        MomentumEQS_Z         16         0.0242832        0.74201      0.409697
        MomentumEQS           47         0.0676416        1.62151      0.437234
        ContinuityEQS         25          0.175487         3.8807      0.639512
 1/1ShearStressTransportWrap
        TurbKineticEnergyEQS   2           1.77157        99.1331     0.0104928
        SpecDissRateEQS        2           66511.2    1.66566e+07      0.012527
4/4    Equation System Iteration
 1/1      myLowMach
        MomentumEQS_X         16          0.028495       0.702951      0.260584
        MomentumEQS_Y         16         0.0150736       0.416827      0.233151
        MomentumEQS_Z         16         0.0162947       0.422242      0.233139
        MomentumEQS           48         0.0361206       0.919876      0.248042
        ContinuityEQS         23          0.148632         3.5331      0.582231
 1/1ShearStressTransportWrap
        TurbKineticEnergyEQS   6         0.0300923       0.742781     7.862e-05
        SpecDissRateEQS        1            213714    1.52996e+07     0.0115064
Mass Balance Review:
Density accumulation: 0
Integrated inflow:    -15312500
Integrated open:      15312486.26925894
Total mass closure:   -13.73074105754495
Filter Size 0.013652249890782
Mean System Norm: 3060043.344380847 2 0.0091015
WallClockTime: 2 Pre: 13.1106 NLI: 51.6016 Post: 0.063519 Total: 64.7757
*******************************************************
Time Step Count: 3 Current Time: 0.0136522
 dtN: 0.00455075 dtNm1: 0.00455075 gammas: 1.5 -2 0.5
 DualNodalVolume min: 3.71294e-10 max: 39763.6 total: 2.92973e+09
 Max Courant: 2053.46 Max Reynolds: 7.59064e+06 (realm_1)
   Realm Nonlinear Iteration: 1/1

realm_1::advance_time_step() 
NLI    Name           Linear Iter      Linear Res     NLinear Res    Scaled NLR
---    ----           -----------      ----------     -----------    ----------
1/4    Equation System Iteration
 1/1      myLowMach
        MomentumEQS_X         14          0.104801        3.15358             1
        MomentumEQS_Y         13         0.0912962        2.19873             1
        MomentumEQS_Z         13         0.0975212        2.20833             1
        MomentumEQS           40           0.16979        4.43353             1
        ContinuityEQS         25          0.119731        2.93084             1
 1/1ShearStressTransportWrap
        TurbKineticEnergyEQS   2           14.2347        4551.52             1
        SpecDissRateEQS        2            265648    1.06199e+08             1
2/4    Equation System Iteration
 1/1      myLowMach
        MomentumEQS_X         16         0.0280331       0.842016      0.267003
        MomentumEQS_Y         16         0.0162271       0.522603      0.237684
        MomentumEQS_Z         16         0.0171022       0.535172      0.242342
        MomentumEQS           48         0.0366286        1.12628      0.254037
        ContinuityEQS         25         0.0799513        1.89228      0.645646
 1/1ShearStressTransportWrap
        TurbKineticEnergyEQS   2           3.32846        466.774      0.102553
        SpecDissRateEQS        2           81222.5    7.53133e+06     0.0709174
3/4    Equation System Iteration
 1/1      myLowMach
        MomentumEQS_X         17         0.0127852       0.408688      0.129595
        MomentumEQS_Y         17         0.0081816       0.284149      0.129233
        MomentumEQS_Z         16         0.0138903       0.290412      0.131507
        MomentumEQS           50         0.0205752       0.576287      0.129984
        ContinuityEQS         25         0.0456615        1.42408      0.485896
 1/1ShearStressTransportWrap
        TurbKineticEnergyEQS   2           1.21303         25.677    0.00564141
        SpecDissRateEQS        2           31699.8    3.64552e+06     0.0343273
4/4    Equation System Iteration
 1/1      myLowMach
        MomentumEQS_X         18        0.00762743       0.269252     0.0853797
        MomentumEQS_Y         17        0.00873125       0.193705     0.0880985
        MomentumEQS_Z         17        0.00856997       0.197676     0.0895138
        MomentumEQS           52         0.0144172       0.386127     0.0870924
        ContinuityEQS         23         0.0534135        1.19468      0.407625
 1/1ShearStressTransportWrap
        TurbKineticEnergyEQS   9        0.00380185       0.102622   2.25466e-05
        SpecDissRateEQS        2           17644.8    2.26425e+06     0.0213209
Mass Balance Review:
Density accumulation: 0
Integrated inflow:    -15312500
Integrated open:      15312479.87473262
Total mass closure:   -20.12526737712324
Filter Size 0.018202999854376
Mean System Norm: 452981.9810775567 3 0.0136522
WallClockTime: 3 Pre: 12.8525 NLI: 58.3694 Post: 0.063678 Total: 71.2856
*******************************************************
Time Step Count: 4 Current Time: 0.018203
 dtN: 0.00455075 dtNm1: 0.00455075 gammas: 1.5 -2 0.5
 DualNodalVolume min: 3.71294e-10 max: 39763.6 total: 2.92973e+09
 Max Courant: 1483.96 Max Reynolds: 7.78893e+06 (realm_1)
   Realm Nonlinear Iteration: 1/1

realm_1::advance_time_step() 
NLI    Name           Linear Iter      Linear Res     NLinear Res    Scaled NLR
---    ----           -----------      ----------     -----------    ----------
1/4    Equation System Iteration
 1/1      myLowMach
        MomentumEQS_X         14         0.0717564        2.36054             1
        MomentumEQS_Y         13         0.0721179        1.63867             1
        MomentumEQS_Z         13          0.068113        1.63733             1
        MomentumEQS           40          0.122431         3.3073             1
        ContinuityEQS         22         0.0460122        1.46089             1
 1/1ShearStressTransportWrap
        TurbKineticEnergyEQS   2           7.98554        2326.37             1
        SpecDissRateEQS        2            163864    5.56821e+07             1
2/4    Equation System Iteration
 1/1      myLowMach
        MomentumEQS_X         17         0.0147395       0.335538      0.142145
        MomentumEQS_Y         18        0.00710071         0.2069      0.126261
        MomentumEQS_Z         18        0.00652753       0.209002      0.127649
        MomentumEQS           53         0.0176148       0.446179      0.134907
        ContinuityEQS         22         0.0524708        1.34773      0.922539
 1/1ShearStressTransportWrap
        TurbKineticEnergyEQS   2           1.95937        205.629     0.0883906
        SpecDissRateEQS        2           49920.3    1.83646e+06     0.0329812
3/4    Equation System Iteration
 1/1      myLowMach
        MomentumEQS_X         17        0.00821642       0.261894      0.110946
        MomentumEQS_Y         17        0.00821954       0.172631      0.105348
        MomentumEQS_Z         17        0.00752023       0.174596      0.106635
        MomentumEQS           51         0.0138428       0.358989      0.108545
        ContinuityEQS         20         0.0634905        1.33148      0.911417
 1/1ShearStressTransportWrap
        TurbKineticEnergyEQS   3          0.164266        7.01186    0.00301408
        SpecDissRateEQS        2           18664.7         425273    0.00763752
4/4    Equation System Iteration
 1/1      myLowMach
        MomentumEQS_X         16         0.0106021       0.232715     0.0985856
        MomentumEQS_Y         17        0.00661829       0.159838     0.0975416
        MomentumEQS_Z         17        0.00590958        0.16142     0.0985872
        MomentumEQS           50         0.0138249       0.325209     0.0983308
        ContinuityEQS         21         0.0417864        1.34027      0.917435
 1/1ShearStressTransportWrap
        TurbKineticEnergyEQS  11       0.000803094       0.017665   7.59339e-06
        SpecDissRateEQS        2           10384.8         232355    0.00417289
Mass Balance Review:
Density accumulation: 0
Integrated inflow:    -15312500
Integrated open:      15312475.90589553
Total mass closure:   -24.09410446509719
Filter Size 0.02275374981797
Mean System Norm: 46602.9123360337 4 0.018203
WallClockTime: 4 Pre: 12.9618 NLI: 56.2053 Post: 0.0962131 Total: 69.2632
*******************************************************
Time Step Count: 5 Current Time: 0.0227537
 dtN: 0.00455075 dtNm1: 0.00455075 gammas: 1.5 -2 0.5
 DualNodalVolume min: 3.71294e-10 max: 39763.6 total: 2.92973e+09
 Max Courant: 1409.58 Max Reynolds: 7.95863e+06 (realm_1)
   Realm Nonlinear Iteration: 1/1

realm_1::advance_time_step() 
NLI    Name           Linear Iter      Linear Res     NLinear Res    Scaled NLR
---    ----           -----------      ----------     -----------    ----------
1/4    Equation System Iteration
 1/1      myLowMach
        MomentumEQS_X         14           0.06027        1.75634             1
        MomentumEQS_Y         14         0.0500125        1.22807             1
        MomentumEQS_Z         14         0.0437663         1.2238             1
        MomentumEQS           42         0.0897174        2.46791             1
        ContinuityEQS         18         0.0766138        1.63583             1
 1/1ShearStressTransportWrap
        TurbKineticEnergyEQS   2           4.74322        1303.96             1
        SpecDissRateEQS        2            104878    3.20966e+07             1
2/4    Equation System Iteration
 1/1      myLowMach
        MomentumEQS_X         17        0.00830398       0.308912      0.175884
        MomentumEQS_Y         17        0.00853668       0.205436      0.167283
        MomentumEQS_Z         17        0.00768183       0.203819      0.166546
        MomentumEQS           51         0.0141719       0.423288      0.171517
        ContinuityEQS         17         0.0651513        1.60961       0.98397
 1/1ShearStressTransportWrap
        TurbKineticEnergyEQS   2           1.25233        101.202     0.0776112
        SpecDissRateEQS        3           6249.57         640535     0.0199565
3/4    Equation System Iteration
 1/1      myLowMach
        MomentumEQS_X         16         0.0110354       0.269409      0.153392
        MomentumEQS_Y         17        0.00698666       0.181393      0.147705
        MomentumEQS_Z         17         0.0062383       0.180702      0.147657
        MomentumEQS           50         0.0144744       0.371669      0.150601
        ContinuityEQS         20         0.0576164        1.63502      0.999505
 1/1ShearStressTransportWrap
        TurbKineticEnergyEQS   4         0.0521761        2.24335    0.00172041
        SpecDissRateEQS        4           740.656        34146.5    0.00106387
4/4    Equation System Iteration
 1/1      myLowMach
        MomentumEQS_X         16        0.00724722       0.241339       0.13741
        MomentumEQS_Y         17        0.00503408       0.166807      0.135828
        MomentumEQS_Z         17        0.00458869       0.166153      0.135769
        MomentumEQS           50        0.00994587       0.337158      0.136617
        ContinuityEQS         17         0.0680528        1.65939        1.0144
 1/1ShearStressTransportWrap
        TurbKineticEnergyEQS  13       0.000185771     0.00452017   3.46648e-06
        SpecDissRateEQS        4           534.247        17692.5   0.000551225
Mass Balance Review:
Density accumulation: 0
Integrated inflow:    -15312500
Integrated open:      15312475.35738503
Total mass closure:   -24.64261497370899
Filter Size 0.027304499781564
Mean System Norm: 3670.423013261957 5 0.0227537
WallClockTime: 5 Pre: 12.8523 NLI: 57.9667 Post: 0.063513 Total: 70.8825
*******************************************************
Time Step Count: 6 Current Time: 0.0273045
 dtN: 0.00455075 dtNm1: 0.00455075 gammas: 1.5 -2 0.5
 DualNodalVolume min: 3.71294e-10 max: 39763.6 total: 2.92973e+09
 Max Courant: 1356.32 Max Reynolds: 8.09149e+06 (realm_1)
   Realm Nonlinear Iteration: 1/1

realm_1::advance_time_step() 
NLI    Name           Linear Iter      Linear Res     NLinear Res    Scaled NLR
---    ----           -----------      ----------     -----------    ----------
1/4    Equation System Iteration
 1/1      myLowMach
        MomentumEQS_X         14         0.0484592        1.16153             1
        MomentumEQS_Y         15         0.0266754       0.803302             1
        MomentumEQS_Z         15         0.0232106       0.801602             1
        MomentumEQS           44         0.0599883        1.62389             1
        ContinuityEQS         18         0.0780698        1.68575             1
 1/1ShearStressTransportWrap
        TurbKineticEnergyEQS   2           3.07227        806.869             1
        SpecDissRateEQS        2             71529    2.03748e+07             1
2/4    Equation System Iteration
 1/1      myLowMach
        MomentumEQS_X         16        0.00992766        0.24219      0.208509
        MomentumEQS_Y         17        0.00655286       0.167669      0.208725
        MomentumEQS_Z         17        0.00568894       0.165554      0.206529
        MomentumEQS           50         0.0131857       0.337901      0.208081
        ContinuityEQS         18         0.0604299        1.62895      0.966307
 1/1ShearStressTransportWrap
        TurbKineticEnergyEQS   2          0.963165        55.9641     0.0693596
        SpecDissRateEQS        3            4718.3         283349     0.0139069
3/4    Equation System Iteration
 1/1      myLowMach
        MomentumEQS_X         16        0.00661416       0.226204      0.194746
        MomentumEQS_Y         17        0.00432182       0.154065       0.19179
        MomentumEQS_Z         16         0.0065929       0.152571      0.190332
        MomentumEQS           49         0.0102904        0.31334      0.192957
        ContinuityEQS         17          0.056267        1.62834      0.965943
 1/1ShearStressTransportWrap
        TurbKineticEnergyEQS   5         0.0225721       0.868373    0.00107623
        SpecDissRateEQS        7           66.0062        2532.58     0.0001243
4/4    Equation System Iteration
 1/1      myLowMach
        MomentumEQS_X         15          0.007682       0.206277       0.17759
        MomentumEQS_Y         16        0.00474158       0.141761      0.176473
        MomentumEQS_Z         16        0.00392726       0.140397      0.175146
        MomentumEQS           47        0.00984475        0.28698      0.176724
        ContinuityEQS         16         0.0740918        1.63461      0.969663
 1/1ShearStressTransportWrap
        TurbKineticEnergyEQS  14       6.62026e-05     0.00185606   2.30032e-06
        SpecDissRateEQS        7           53.4308        1355.78    6.6542e-05
Mass Balance Review:
Density accumulation: 0
Integrated inflow:    -15312500
Integrated open:      15312477.46794922
Total mass closure:   -22.53205077536404
Filter Size 0.031855249745158
Mean System Norm: 403.0668994218282 6 0.0273045
WallClockTime: 6 Pre: 13.0131 NLI: 57.725 Post: 0.0642209 Total: 70.8023
*******************************************************
Time Step Count: 7 Current Time: 0.0318552
 dtN: 0.00455075 dtNm1: 0.00455075 gammas: 1.5 -2 0.5
 DualNodalVolume min: 3.71294e-10 max: 39763.6 total: 2.92973e+09
 Max Courant: 1270.12 Max Reynolds: 8.19315e+06 (realm_1)
   Realm Nonlinear Iteration: 1/1

realm_1::advance_time_step() 
NLI    Name           Linear Iter      Linear Res     NLinear Res    Scaled NLR
---    ----           -----------      ----------     -----------    ----------
1/4    Equation System Iteration
 1/1      myLowMach
        MomentumEQS_X         14         0.0289208       0.748488             1
        MomentumEQS_Y         15          0.017871       0.475887             1
        MomentumEQS_Z         15          0.013942       0.478136             1
        MomentumEQS           44         0.0367446        1.00763             1
        ContinuityEQS         18         0.0689513        1.46399             1
 1/1ShearStressTransportWrap
        TurbKineticEnergyEQS   2           2.22926         545.83             1
        SpecDissRateEQS        2           51780.8     1.4081e+07             1
2/4    Equation System Iteration
 1/1      myLowMach
        MomentumEQS_X         16        0.00495163       0.179455      0.239757
        MomentumEQS_Y         16        0.00580826       0.125289      0.263274
        MomentumEQS_Z         16        0.00485551       0.123243      0.257758
        MomentumEQS           48        0.00904602       0.251178      0.249276
        ContinuityEQS         16         0.0444862        1.34175      0.916502
 1/1ShearStressTransportWrap
        TurbKineticEnergyEQS   2          0.973349        34.2769     0.0627978
        SpecDissRateEQS        3           3541.81         146030     0.0103707
3/4    Equation System Iteration
 1/1      myLowMach
        MomentumEQS_X         15        0.00591852       0.166595      0.222575
        MomentumEQS_Y         16        0.00322505       0.113565      0.238639
        MomentumEQS_Z         16         0.0031936       0.111919      0.234074
        MomentumEQS           47        0.00745848       0.230601      0.228855
        ContinuityEQS         18         0.0453061        1.28006      0.874362
 1/1ShearStressTransportWrap
        TurbKineticEnergyEQS   6         0.0118389       0.400564   0.000733862
        SpecDissRateEQS       10           9.09274        262.928   1.86726e-05
4/4    Equation System Iteration
 1/1      myLowMach
        MomentumEQS_X         15        0.00400281       0.148256      0.198074
        MomentumEQS_Y         15         0.0038927       0.101213      0.212683
        MomentumEQS_Z         15        0.00429238      0.0997903      0.208707
        MomentumEQS           45        0.00704273       0.205382      0.203827
        ContinuityEQS         17         0.0579032        1.24418      0.849856
 1/1ShearStressTransportWrap
        TurbKineticEnergyEQS  14       5.48353e-05     0.00157004   2.87643e-06
        SpecDissRateEQS       11           3.90814        134.055   9.52026e-06
Mass Balance Review:
Density accumulation: 0
Integrated inflow:    -15312500
Integrated open:      15312481.5090323
Total mass closure:   -18.49096769653261
Filter Size 0.036405999708752
Mean System Norm: 158.6275211984177 7 0.0318552
WallClockTime: 7 Pre: 13.127 NLI: 54.4904 Post: 0.0622642 Total: 67.6798
*******************************************************
Time Step Count: 8 Current Time: 0.036406
 dtN: 0.00455075 dtNm1: 0.00455075 gammas: 1.5 -2 0.5
 DualNodalVolume min: 3.71294e-10 max: 39763.6 total: 2.92973e+09
 Max Courant: 1198.26 Max Reynolds: 8.27285e+06 (realm_1)
   Realm Nonlinear Iteration: 1/1

realm_1::advance_time_step() 
NLI    Name           Linear Iter      Linear Res     NLinear Res    Scaled NLR
---    ----           -----------      ----------     -----------    ----------
1/4    Equation System Iteration
 1/1      myLowMach
        MomentumEQS_X         13         0.0267252       0.617697             1
        MomentumEQS_Y         15         0.0085773       0.315973             1
        MomentumEQS_Z         14         0.0152585       0.318587             1
        MomentumEQS           42         0.0319473        0.76347             1
        ContinuityEQS         18         0.0431465        1.01432             1
 1/1ShearStressTransportWrap
        TurbKineticEnergyEQS   2           1.86116        396.426             1
        SpecDissRateEQS        2           39398.2    1.04028e+07             1
2/4    Equation System Iteration
 1/1      myLowMach
        MomentumEQS_X         15        0.00512776       0.120412      0.194937
        MomentumEQS_Y         16        0.00305149      0.0860011      0.272179
        MomentumEQS_Z         16         0.0033781      0.0841107      0.264011
        MomentumEQS           47         0.0068569       0.170205      0.222937
        ContinuityEQS         16         0.0300427       0.891166      0.878588
 1/1ShearStressTransportWrap
        TurbKineticEnergyEQS   3          0.171941        22.7462     0.0573782
        SpecDissRateEQS        3           2645.82        84938.3    0.00816493
3/4    Equation System Iteration
 1/1      myLowMach
        MomentumEQS_X         15        0.00366691       0.101439      0.164222
        MomentumEQS_Y         16        0.00213978       0.069936      0.221336
        MomentumEQS_Z         16        0.00236355      0.0683552      0.214557
        MomentumEQS           47        0.00485914       0.140902      0.184555
        ContinuityEQS         18         0.0311913       0.815177      0.803671
 1/1ShearStressTransportWrap
        TurbKineticEnergyEQS   6        0.00999996        0.21247   0.000535964
        SpecDissRateEQS       11            4.3769         94.986   9.13079e-06
4/4    Equation System Iteration
 1/1      myLowMach
        MomentumEQS_X         15        0.00277168      0.0846557      0.137051
        MomentumEQS_Y         16         0.0016323      0.0570822      0.180655
        MomentumEQS_Z         16        0.00175366      0.0558785      0.175395
        MomentumEQS           47        0.00366359       0.116393      0.152453
        ContinuityEQS         18          0.034431       0.766481      0.755663
 1/1ShearStressTransportWrap
        TurbKineticEnergyEQS  14       4.57296e-05     0.00174412    4.3996e-06
        SpecDissRateEQS       12           2.21453        47.8086   4.59574e-06
Mass Balance Review:
Density accumulation: 0
Integrated inflow:    -15312500
Integrated open:      15312486.7221785
Total mass closure:   -13.27782149985433
Filter Size 0.04095674967234601
Mean System Norm: 141.2650084112524 8 0.036406
WallClockTime: 8 Pre: 13.0452 NLI: 57.3268 Post: 0.0973661 Total: 70.4694
*******************************************************
Time Step Count: 9 Current Time: 0.0409567
 dtN: 0.00455075 dtNm1: 0.00455075 gammas: 1.5 -2 0.5
 DualNodalVolume min: 3.71294e-10 max: 39763.6 total: 2.92973e+09
 Max Courant: 1130.58 Max Reynolds: 8.33807e+06 (realm_1)
   Realm Nonlinear Iteration: 1/1

realm_1::advance_time_step() 
NLI    Name           Linear Iter      Linear Res     NLinear Res    Scaled NLR
---    ----           -----------      ----------     -----------    ----------
1/4    Equation System Iteration
 1/1      myLowMach
        MomentumEQS_X         13         0.0178645         0.6575             1
        MomentumEQS_Y         14        0.00976965       0.302277             1
        MomentumEQS_Z         14         0.0112031       0.301496             1
        MomentumEQS           41           0.02324        0.78395             1
        ContinuityEQS         22          0.019381       0.576626             1
 1/1ShearStressTransportWrap
        TurbKineticEnergyEQS   2           1.77275        303.434             1
        SpecDissRateEQS        2           31183.5    8.07114e+06             1
2/4    Equation System Iteration
 1/1      myLowMach
        MomentumEQS_X         15         0.0038646      0.0937386      0.142568
        MomentumEQS_Y         16        0.00206385      0.0680783      0.225218
        MomentumEQS_Z         16        0.00222345      0.0664385      0.220363
        MomentumEQS           47        0.00491308        0.13355      0.170356
        ContinuityEQS         17         0.0208024       0.460344      0.798341
 1/1ShearStressTransportWrap
        TurbKineticEnergyEQS   3          0.160747        16.0184     0.0527903
        SpecDissRateEQS        3           2024.09        54077.4     0.0067001
3/4    Equation System Iteration
 1/1      myLowMach
        MomentumEQS_X         16        0.00161458      0.0547311     0.0832412
        MomentumEQS_Y         16        0.00146978      0.0401619      0.132865
        MomentumEQS_Z         16        0.00155225       0.038821      0.128761
        MomentumEQS           48        0.00267891      0.0782019     0.0997537
        ContinuityEQS         19         0.0173463       0.374517      0.649497
 1/1ShearStressTransportWrap
        TurbKineticEnergyEQS   7        0.00372142       0.124997   0.000411941
        SpecDissRateEQS       12           2.11091        59.8294   7.41276e-06
4/4    Equation System Iteration
 1/1      myLowMach
        MomentumEQS_X         16         0.0012807      0.0378415     0.0575537
        MomentumEQS_Y         16        0.00110964      0.0259963     0.0860016
        MomentumEQS_Z         16        0.00115526      0.0252461     0.0837359
        MomentumEQS           48        0.00205088      0.0523942     0.0668336
        ContinuityEQS         20         0.0108951       0.315528      0.547198
 1/1ShearStressTransportWrap
        TurbKineticEnergyEQS  13       7.28684e-05     0.00186347   6.14126e-06
        SpecDissRateEQS       13          0.946293        31.0693   3.84943e-06
Mass Balance Review:
Density accumulation: 0
Integrated inflow:    -15312500
Integrated open:      15312492.43341276
Total mass closure:   -7.56658723577857
Filter Size 0.04550749963594001
Mean System Norm: 137.8141752802473 9 0.0409567
WallClockTime: 9 Pre: 13.1088 NLI: 57.3511 Post: 0.0640619 Total: 70.524
*******************************************************
Time Step Count: 10 Current Time: 0.0455075
 dtN: 0.00455075 dtNm1: 0.00455075 gammas: 1.5 -2 0.5
 DualNodalVolume min: 3.71294e-10 max: 39763.6 total: 2.92973e+09
 Max Courant: 1068.52 Max Reynolds: 8.3937e+06 (realm_1)
   Realm Nonlinear Iteration: 1/1

realm_1::advance_time_step() 
NLI    Name           Linear Iter      Linear Res     NLinear Res    Scaled NLR
---    ----           -----------      ----------     -----------    ----------
1/4    Equation System Iteration
 1/1      myLowMach
        MomentumEQS_X         12         0.0261594       0.707212             1
        MomentumEQS_Y         13         0.0113932       0.320586             1
        MomentumEQS_Z         13         0.0130396       0.317662             1
        MomentumEQS           38         0.0313712       0.838947             1
        ContinuityEQS         20         0.0121468       0.274254             1
 1/1ShearStressTransportWrap
        TurbKineticEnergyEQS   2           1.82173        241.194             1
        SpecDissRateEQS        2           25496.2    6.48658e+06             1
2/4    Equation System Iteration
 1/1      myLowMach
        MomentumEQS_X         15         0.0029775       0.101817      0.143969
        MomentumEQS_Y         15        0.00237226      0.0736175      0.229634
        MomentumEQS_Z         15        0.00257366      0.0717151      0.225759
        MomentumEQS           45        0.00459531       0.144669      0.172442
        ContinuityEQS         21        0.00773721       0.239177        0.8721
 1/1ShearStressTransportWrap
        TurbKineticEnergyEQS   3           0.15291        11.7824     0.0488501
        SpecDissRateEQS        3           1634.35        36769.2    0.00566851
3/4    Equation System Iteration
 1/1      myLowMach
        MomentumEQS_X         15         0.0021783      0.0550735     0.0778741
        MomentumEQS_Y         15        0.00175455      0.0416852      0.130028
        MomentumEQS_Z         15        0.00186058      0.0406229      0.127881
        MomentumEQS           45        0.00335935      0.0801309     0.0955137
        ContinuityEQS         21        0.00865509       0.237843      0.867239
 1/1ShearStressTransportWrap
        TurbKineticEnergyEQS   7        0.00322965      0.0793044   0.000328799
        SpecDissRateEQS       12           1.32053        41.5926   6.41211e-06
4/4    Equation System Iteration
 1/1      myLowMach
        MomentumEQS_X         15        0.00166516      0.0438284     0.0619735
        MomentumEQS_Y         15        0.00139433      0.0322531      0.100607
        MomentumEQS_Z         15        0.00143299      0.0319115      0.100458
        MomentumEQS           45          0.002602      0.0630836     0.0751937
        ContinuityEQS         20        0.00995074       0.250769      0.914368
 1/1ShearStressTransportWrap
        TurbKineticEnergyEQS  13       7.32314e-05     0.00189109   7.84053e-06
        SpecDissRateEQS       12           1.04239        23.1394   3.56727e-06
Mass Balance Review:
Density accumulation: 0
Integrated inflow:    -15312500
Integrated open:      15312498.20155273
Total mass closure:   -1.798447266221046
Filter Size 0.05005824959953401
Mean System Norm: 136.2173873710266 10 0.0455075
WallClockTime: 10 Pre: 13.2715 NLI: 57.9153 Post: 0.0623329 Total: 71.2492
*******************************************************
Simulation Shall Complete: time/timestep: 0.0455075/10
*******************************************************

-------------------------------- 
Begin Timer Overview for Realm: realm_1
-------------------------------- 
Timing for Eq: myNDTW
             init --   	avg: 1.91548 	min: 1.83837 	max: 2.02723
         assemble --   	avg: 0.364012 	min: 0.25621 	max: 0.51648
    load_complete --   	avg: 1.45575 	min: 0.491458 	max: 2.09407
            solve --   	avg: 1.56764 	min: 1.5619 	max: 1.57477
    precond setup --   	avg: 1.98258 	min: 1.98247 	max: 1.98272
             misc --   	avg: 0 	min: 0 	max: 0
linear iterations --  	avg: 23.5 	min: 23 	max: 24
Timing for Eq: myLowMach
             init --   	avg: 3.40409e-06 	min: 9.53674e-07 	max: 6.19888e-06
         assemble --   	avg: 0 	min: 0 	max: 0
    load_complete --   	avg: 0 	min: 0 	max: 0
            solve --   	avg: 0 	min: 0 	max: 0
    precond setup --   	avg: 0 	min: 0 	max: 0
             misc --   	avg: 0 	min: 0 	max: 0
Timing for Eq: MomentumEQS
             init --   	avg: 2.0601 	min: 2.04023 	max: 2.09559
         assemble --   	avg: 6.55636 	min: 5.21179 	max: 10.0862
    load_complete --   	avg: 133.552 	min: 129.015 	max: 137.08
            solve --   	avg: 24.5181 	min: 24.3372 	max: 24.7293
    precond setup --   	avg: 5.94722e-06 	min: 2.14577e-06 	max: 1.00136e-05
             misc --   	avg: 13.2317 	min: 12.9913 	max: 13.4564
linear iterations --  	avg: 47.2 	min: 38 	max: 59
Timing for Eq: ContinuityEQS
             init --   	avg: 2.0133 	min: 1.96008 	max: 2.03714
         assemble --   	avg: 8.41012 	min: 8.16757 	max: 8.88553
    load_complete --   	avg: 102.991 	min: 102.277 	max: 103.848
            solve --   	avg: 29.1127 	min: 28.996 	max: 29.2569
    precond setup --   	avg: 45.1515 	min: 45.1495 	max: 45.1532
             misc --   	avg: 12.9861 	min: 12.7134 	max: 13.4483
linear iterations --  	avg: 20.325 	min: 16 	max: 27
Timing for Eq: mySST
             init --   	avg: 1.66893e-06 	min: 0 	max: 4.76837e-06
         assemble --   	avg: 0 	min: 0 	max: 0
    load_complete --   	avg: 0 	min: 0 	max: 0
            solve --   	avg: 0 	min: 0 	max: 0
    precond setup --   	avg: 0 	min: 0 	max: 0
             misc --   	avg: 0 	min: 0 	max: 0
Timing for Eq: TurbKineticEnergyEQS
             init --   	avg: 2.04552 	min: 2.02045 	max: 2.11211
         assemble --   	avg: 1.78311 	min: 1.51095 	max: 2.37457
    load_complete --   	avg: 64.5886 	min: 63.9459 	max: 64.9667
            solve --   	avg: 5.52741 	min: 5.42248 	max: 5.65311
    precond setup --   	avg: 1.67608 	min: 1.66105 	max: 1.69602
             misc --   	avg: 6.08667 	min: 5.81013 	max: 6.36564
linear iterations --  	avg: 4.925 	min: 2 	max: 14
Timing for Eq: SpecDissRateEQS
             init --   	avg: 2.16183 	min: 2.14409 	max: 2.16868
         assemble --   	avg: 1.95561 	min: 1.63791 	max: 2.59421
    load_complete --   	avg: 83.4816 	min: 82.7412 	max: 83.9023
            solve --   	avg: 8.80261 	min: 8.70716 	max: 8.94386
    precond setup --   	avg: 6.16149 	min: 6.13287 	max: 6.25716
             misc --   	avg: 6.21212 	min: 6.16424 	max: 6.28448
linear iterations --  	avg: 4.425 	min: 1 	max: 13
Timing for IO: 
   io create mesh --   	avg: 0.00495627 	min: 0.00372314 	max: 0.0058639
 io output fields --   	avg: 3.43238 	min: 3.30579 	max: 4.04432
 io populate mesh --   	avg: 68.9091 	min: 68.9019 	max: 68.9095
 io populate fd   --   	avg: 2.60106 	min: 2.59607 	max: 2.60364
Timing for property evaluation:         
            props --   	avg: 3.66578 	min: 2.37408 	max: 5.56853
Timing for Edge: 
    edge creation --   	avg: 89.3194 	min: 89.3168 	max: 89.3244
Timing for Overset:
     connectivity --  	avg: 0.239605 	min: 0.239573 	max: 0.239613
     field update --  	avg: 21.1221 	min: 17.8069 	max: 22.2311
Timing for skin_mesh :    
        skin_mesh --   	avg: 0 	min: 0 	max: 0

Timing for Simulation: nprocs= 18
           main() --   	avg: 934.191 	min: 934.016 	max: 934.254
Memory Overview: 
nalu memory: total (over all cores) current/high-water mark=       148.044 G       149.12 G
nalu memory:   min (over all cores) current/high-water mark=       6.70728 G      6.71906 G
nalu memory:   max (over all cores) current/high-water mark=       10.8814 G      11.0285 G
Min High-water memory usage 6880.3 MB
Avg High-water memory usage 8483.3 MB
Max High-water memory usage 11293.2 MB

Min Available memory per processor 3518.9 MB
Avg Available memory per processor 3518.9 MB
Max Available memory per processor 3518.9 MB

Min No-output time 929.9724 sec
Avg No-output time 930.7589 sec
Max No-output time 930.9336 sec

STKPERF: Total Time: 934.221

STKPERF: Current memory: 7607681024 (7.085 G)
STKPERF: Memory high water: 7673675776 (7.147 G)
                                                     CPU Time              CPU Time              CPU Time              Wall Time             Wall Time             Wall Time
                 Timer                   Count   Sum (% of System)     Min (% of System)     Max (% of System)     Sum (% of System)     Min (% of System)     Max (% of System)
---------------------------------------- ----- --------------------- --------------------- --------------------- --------------------- --------------------- ---------------------
Nalu                                        18  4:31:48.690 (100.0%)    14:59.513 (5.516%)    15:10.934 (5.586%)  4:40:15.521 (100.0%)    15:34.021 (5.555%)    15:34.259 (5.556%)
  CreateEdges                               18    26:48.551 (9.863%)     1:29.353 (0.548%)     1:29.376 (0.548%)    26:47.750 (9.561%)     1:29.317 (0.531%)     1:29.324 (0.531%)
  Output                                   396       58.625 (0.359%)        3.198 (0.020%)        3.395 (0.021%)     1:01.783 (0.367%)        3.306 (0.020%)        4.044 (0.024%)

Took 0.0003 seconds to generate the table above.
=====================================================================================

                       TimeMonitor results over 18 processors

Timer Name    MinOverProcs    MeanOverProcs    MaxOverProcs    MeanOverCallCounts    
=====================================================================================
